 ** w  sample 1  0.5  -0.33579  -0.5  -0.283629  -0.5  -0.192499  
 ** w  sample 2  -0.5  -0.335631  0.5  -0.283636  -0.5  -0.192284  
 ** w  sample 3  -0.5  -0.335957  -0.5  -0.283656  0.5  -0.192696  
 ** w  sample 4  0.5  -0.335692  -0.5  -0.283614  -0.5  -0.192384  
 ** w  sample 5  -0.5  -0.335519  0.5  -0.28364  -0.5  -0.192133  
 ** w  sample 6  -0.5  -0.33614  -0.5  -0.283668  0.5  -0.192923  
 ** w  sample 7  0.5  -0.335507  -0.5  -0.283597  -0.5  -0.192152  
 ** w  sample 8  -0.5  -0.335493  0.5  -0.283651  -0.5  -0.192092  
 ** w  sample 9  -0.5  -0.336305  -0.5  -0.283675  0.5  -0.193133  
 ** w  sample 10  0.5  -0.335242  -0.5  -0.283582  -0.5  -0.19181  
 ** w  sample 11  -0.5  -0.335578  0.5  -0.28367  -0.5  -0.192189  
 ** w  sample 12  -0.5  -0.336423  -0.5  -0.283673  0.5  -0.193289  
 ** w  sample 13  0.5  -0.334913  -0.5  -0.283572  -0.5  -0.191378  
 ** w  sample 14  -0.5  -0.335777  0.5  -0.283695  -0.5  -0.192428  
 ** w  sample 15  -0.5  -0.336475  -0.5  -0.283662  0.5  -0.193369  
 ** w  sample 16  0.5  -0.334558  -0.5  -0.283568  -0.5  -0.190902  
 ** w  sample 17  -0.5  -0.336067  0.5  -0.283725  -0.5  -0.19278  
 ** w  sample 18  -0.5  -0.33645  -0.5  -0.283643  0.5  -0.193358  
 ** w  sample 19  0.5  -0.334231  -0.5  -0.283574  -0.5  -0.19046  
 ** w  sample 20  -0.5  -0.336405  0.5  -0.283754  -0.5  -0.193185  
 ** w  sample 21  -0.5  -0.336344  -0.5  -0.283617  0.5  -0.193246  
 ** w  sample 22  0.5  -0.333995  -0.5  -0.283587  -0.5  -0.19014  
 ** w  sample 23  -0.5  -0.336733  0.5  -0.283778  -0.5  -0.19358  
 ** w  sample 24  -0.5  -0.336149  -0.5  -0.283587  0.5  -0.193021  
 ** w  sample 25  0.5  -0.333902  -0.5  -0.283608  -0.5  -0.190015  
 ** w  sample 26  -0.5  -0.337005  0.5  -0.28379  -0.5  -0.193912  
 ** w  sample 27  -0.5  -0.335854  -0.5  -0.283556  0.5  -0.192659  
 ** w  sample 28  0.5  -0.333987  -0.5  -0.283635  -0.5  -0.190129  
 ** w  sample 29  -0.5  -0.337193  0.5  -0.283788  -0.5  -0.194153  
 ** w  sample 30  -0.5  -0.335437  -0.5  -0.283528  0.5  -0.192124  
 ** w  sample 31  0.5  -0.334273  -0.5  -0.28367  -0.5  -0.190503  
 ** w  sample 32  -0.5  -0.33729  0.5  -0.283771  -0.5  -0.194295  
 ** w  sample 33  -0.5  -0.33487  -0.5  -0.283506  0.5  -0.191371  
 ** w  sample 34  0.5  -0.334773  -0.5  -0.283718  -0.5  -0.191134  
 ** w  sample 35  -0.5  -0.337298  0.5  -0.283742  -0.5  -0.19434  
 ** w  sample 36  -0.5  -0.334162  -0.5  -0.283497  0.5  -0.190405  
 ** w  sample 37  0.5  -0.335463  -0.5  -0.283778  -0.5  -0.191977  
 ** w  sample 38  -0.5  -0.337224  0.5  -0.283702  -0.5  -0.194291  
 ** w  sample 39  -0.5  -0.333412  -0.5  -0.283507  0.5  -0.189359  
 ** w  sample 40  0.5  -0.33624  -0.5  -0.283845  -0.5  -0.192896  
 ** w  sample 41  -0.5  -0.33707  0.5  -0.283656  -0.5  -0.194149  
 ** w  sample 42  -0.5  -0.332772  -0.5  -0.283532  0.5  -0.188451  
 ** w  sample 43  0.5  -0.336942  -0.5  -0.283902  -0.5  -0.193712  
 ** w  sample 44  -0.5  -0.336835  0.5  -0.283605  -0.5  -0.193905  
 ** w  sample 45  -0.5  -0.33234  -0.5  -0.283563  0.5  -0.187844  
 ** w  sample 46  0.5  -0.337461  -0.5  -0.283933  -0.5  -0.194322  
 ** w  sample 47  -0.5  -0.336507  0.5  -0.283554  -0.5  -0.193537  
 ** w  sample 48  -0.5  -0.332138  -0.5  -0.283593  0.5  -0.187588  
 ** w  sample 49  0.5  -0.337783  -0.5  -0.283935  -0.5  -0.194719  
 ** w  sample 50  -0.5  -0.33606  0.5  -0.283506  -0.5  -0.192996  
 ** w  sample 51  -0.5  -0.332166  -0.5  -0.283622  0.5  -0.187676  
 ** w  sample 52  0.5  -0.33794  -0.5  -0.283911  -0.5  -0.194941  
 ** w  sample 53  -0.5  -0.335424  0.5  -0.283466  -0.5  -0.192173  
 ** w  sample 54  -0.5  -0.332426  -0.5  -0.283657  0.5  -0.188081  
 ** w  sample 55  0.5  -0.337968  -0.5  -0.283867  -0.5  -0.195027  
 ** w  sample 56  -0.5  -0.334475  0.5  -0.283441  -0.5  -0.190886  
 ** w  sample 57  -0.5  -0.332927  -0.5  -0.283706  0.5  -0.188767  
 ** w  sample 58  0.5  -0.337897  -0.5  -0.283809  -0.5  -0.195006  
 ** w  sample 59  -0.5  -0.333239  0.5  -0.283448  -0.5  -0.189143  
 ** w  sample 60  -0.5  -0.333696  -0.5  -0.283776  0.5  -0.189739  
 ** w  sample 61  0.5  -0.337749  -0.5  -0.283744  -0.5  -0.194896  
 ** w  sample 62  -0.5  -0.33211  0.5  -0.283493  -0.5  -0.18748  
 ** w  sample 63  -0.5  -0.334811  -0.5  -0.283874  0.5  -0.191073  
 ** w  sample 64  0.5  -0.337533  -0.5  -0.283677  -0.5  -0.194703  
 ** w  sample 65  -0.5  -0.331366  0.5  -0.283549  -0.5  -0.186357  
 ** w  sample 66  -0.5  -0.336205  -0.5  -0.283994  0.5  -0.192665  
 ** w  sample 67  0.5  -0.337241  -0.5  -0.283609  -0.5  -0.194413  
 ** w  sample 68  -0.5  -0.330962  0.5  -0.283593  -0.5  -0.185788  
 ** w  sample 69  -0.5  -0.337416  -0.5  -0.284088  0.5  -0.19402  
 ** w  sample 70  0.5  -0.336851  -0.5  -0.28354  -0.5  -0.193997  
 ** w  sample 71  -0.5  -0.330811  0.5  -0.283624  -0.5  -0.185677  
 ** w  sample 72  -0.5  -0.338138  -0.5  -0.284116  0.5  -0.194874  
 ** w  sample 73  0.5  -0.336335  -0.5  -0.283474  -0.5  -0.193398  
 ** w  sample 74  -0.5  -0.3309  0.5  -0.283649  -0.5  -0.185979  
 ** w  sample 75  -0.5  -0.338455  -0.5  -0.284093  0.5  -0.195322  
 ** w  sample 76  0.5  -0.335607  -0.5  -0.283423  -0.5  -0.19247  
 ** w  sample 77  -0.5  -0.331281  0.5  -0.283687  -0.5  -0.186651  
 ** w  sample 78  -0.5  -0.338541  -0.5  -0.284041  0.5  -0.195513  
 ** w  sample 79  0.5  -0.334381  -0.5  -0.283392  -0.5  -0.190798  
 ** w  sample 80  -0.5  -0.33195  0.5  -0.283753  -0.5  -0.187557  
 ** w  sample 81  -0.5  -0.338495  -0.5  -0.283967  0.5  -0.19555  
 ** w  sample 82  0.5  -0.332611  -0.5  -0.283411  -0.5  -0.188246  
 ** w  sample 83  -0.5  -0.332833  0.5  -0.28385  -0.5  -0.1886  
 ** w  sample 84  -0.5  -0.338354  -0.5  -0.283879  0.5  -0.19548  
 ** w  sample 85  0.5  -0.331233  -0.5  -0.283495  -0.5  -0.186093  
 ** w  sample 86  -0.5  -0.33401  0.5  -0.283982  -0.5  -0.189931  
 ** w  sample 87  -0.5  -0.338152  -0.5  -0.283789  0.5  -0.195332  
 ** w  sample 88  0.5  -0.330523  -0.5  -0.283574  -0.5  -0.184931  
 ** w  sample 89  -0.5  -0.335801  0.5  -0.284159  -0.5  -0.191904  
 ** w  sample 90  -0.5  -0.337905  -0.5  -0.283705  0.5  -0.195119  
 ** w  sample 91  0.5  -0.330168  -0.5  -0.283623  -0.5  -0.184437  
 ** w  sample 92  -0.5  -0.337756  0.5  -0.284326  -0.5  -0.19397  
 ** w  sample 93  -0.5  -0.337598  -0.5  -0.283626  0.5  -0.194824  
 ** w  sample 94  0.5  -0.330003  -0.5  -0.283651  -0.5  -0.184401  
 ** w  sample 95  -0.5  -0.338861  0.5  -0.284363  -0.5  -0.195219  
 ** w  sample 96  -0.5  -0.337192  -0.5  -0.283545  0.5  -0.194407  
 ** w  sample 97  0.5  -0.330029  -0.5  -0.283671  -0.5  -0.184808  
 ** w  sample 98  -0.5  -0.339176  0.5  -0.284289  -0.5  -0.195806  
 ** w  sample 99  -0.5  -0.336643  -0.5  -0.283462  0.5  -0.193804  
 ** w  sample 100  0.5  -0.330377  -0.5  -0.283713  -0.5  -0.18561  
 ** w  sample 101  -0.5  -0.339104  0.5  -0.284184  -0.5  -0.195978  
 ** w  sample 102  -0.5  -0.335899  -0.5  -0.283397  0.5  -0.192891  
 ** w  sample 103  0.5  -0.331099  -0.5  -0.283788  -0.5  -0.186601  
 ** w  sample 104  -0.5  -0.33895  0.5  -0.284079  -0.5  -0.195962  
 ** w  sample 105  -0.5  -0.334604  -0.5  -0.283357  0.5  -0.191132  
 ** w  sample 106  0.5  -0.33211  -0.5  -0.283892  -0.5  -0.187716  
 ** w  sample 107  -0.5  -0.338741  0.5  -0.283959  -0.5  -0.195852  
 ** w  sample 108  -0.5  -0.332366  -0.5  -0.28337  0.5  -0.187874  
 ** w  sample 109  0.5  -0.333285  -0.5  -0.284046  -0.5  -0.188943  
 ** w  sample 110  -0.5  -0.338482  0.5  -0.283839  -0.5  -0.195671  
 ** w  sample 111  -0.5  -0.330763  -0.5  -0.283489  0.5  -0.185246  
 ** w  sample 112  0.5  -0.334982  -0.5  -0.284268  -0.5  -0.190724  
 ** w  sample 113  -0.5  -0.338211  0.5  -0.283736  -0.5  -0.195445  
 ** w  sample 114  -0.5  -0.330101  -0.5  -0.283587  0.5  -0.18406  
 ** w  sample 115  0.5  -0.337611  -0.5  -0.284533  -0.5  -0.193407  
 ** w  sample 116  -0.5  -0.337911  0.5  -0.283649  -0.5  -0.195161  
 ** w  sample 117  -0.5  -0.329778  -0.5  -0.283638  0.5  -0.183603  
 ** w  sample 118  0.5  -0.339419  -0.5  -0.28464  -0.5  -0.195221  
 ** w  sample 119  -0.5  -0.337526  0.5  -0.283564  -0.5  -0.194772  
 ** w  sample 120  -0.5  -0.329583  -0.5  -0.283664  0.5  -0.183584  
 ** w  sample 121  0.5  -0.339978  -0.5  -0.284551  -0.5  -0.196081  
 ** w  sample 122  -0.5  -0.33698  0.5  -0.28347  -0.5  -0.194196  
 ** w  sample 123  -0.5  -0.32951  -0.5  -0.283681  0.5  -0.184032  
 ** w  sample 124  0.5  -0.339761  -0.5  -0.284363  -0.5  -0.196385  
 ** w  sample 125  -0.5  -0.336232  0.5  -0.283384  -0.5  -0.193329  
 ** w  sample 126  -0.5  -0.329711  -0.5  -0.283735  0.5  -0.184857  
 ** w  sample 127  0.5  -0.339386  -0.5  -0.284203  -0.5  -0.196318  
 ** w  sample 128  -0.5  -0.335039  0.5  -0.283338  -0.5  -0.191736  
 ** w  sample 129  -0.5  -0.33026  -0.5  -0.283823  0.5  -0.185711  
 ** w  sample 130  0.5  -0.339097  -0.5  -0.284056  -0.5  -0.196168  
 ** w  sample 131  -0.5  -0.332526  0.5  -0.283321  -0.5  -0.188087  
 ** w  sample 132  -0.5  -0.331314  -0.5  -0.283906  0.5  -0.186855  
 ** w  sample 133  0.5  -0.338778  -0.5  -0.2839  -0.5  -0.195956  
 ** w  sample 134  -0.5  -0.330571  0.5  -0.283468  -0.5  -0.184813  
 ** w  sample 135  -0.5  -0.332633  -0.5  -0.284051  0.5  -0.188161  
 ** w  sample 136  0.5  -0.338472  -0.5  -0.283773  -0.5  -0.195712  
 ** w  sample 137  -0.5  -0.329917  0.5  -0.283587  -0.5  -0.183535  
 ** w  sample 138  -0.5  -0.334149  -0.5  -0.284304  0.5  -0.189637  
 ** w  sample 139  0.5  -0.338182  -0.5  -0.283677  -0.5  -0.195441  
 ** w  sample 140  -0.5  -0.329608  0.5  -0.28364  -0.5  -0.183073  
 ** w  sample 141  -0.5  -0.336823  -0.5  -0.284646  0.5  -0.192312  
 ** w  sample 142  0.5  -0.33784  -0.5  -0.283591  -0.5  -0.195092  
 ** w  sample 143  -0.5  -0.329392  0.5  -0.283665  -0.5  -0.183034  
 ** w  sample 144  -0.5  -0.339595  -0.5  -0.284875  0.5  -0.194921  
 ** w  sample 145  0.5  -0.337342  -0.5  -0.283496  -0.5  -0.194572  
 ** w  sample 146  -0.5  -0.329241  0.5  -0.283676  -0.5  -0.183485  
 ** w  sample 147  -0.5  -0.340621  -0.5  -0.284826  0.5  -0.196067  
 ** w  sample 148  0.5  -0.336596  -0.5  -0.28339  -0.5  -0.193756  
 ** w  sample 149  -0.5  -0.329311  0.5  -0.283739  -0.5  -0.184359  
 ** w  sample 150  -0.5  -0.340569  -0.5  -0.284611  0.5  -0.196634  
