This is pdfTeX, Version 3.1415926-1.40.11 (TeX Live 2010) (format=pdflatex 2010.11.9)  9 NOV 2010 09:17
entering extended mode
 restricted \write18 enabled.
 %&-line parsing enabled.
**autodif
(./autodif.tex
LaTeX2e <2009/09/24>
Babel <v3.8l> and hyphenation patterns for english, dumylang, nohyphenation, ge
rman-x-2009-06-19, ngerman-x-2009-06-19, afrikaans, ancientgreek, ibycus, arabi
c, armenian, basque, bulgarian, catalan, pinyin, coptic, croatian, czech, danis
h, dutch, ukenglish, usenglishmax, esperanto, estonian, farsi, finnish, french,
 galician, german, ngerman, swissgerman, monogreek, greek, hungarian, icelandic
, assamese, bengali, gujarati, hindi, kannada, malayalam, marathi, oriya, panja
bi, tamil, telugu, indonesian, interlingua, irish, italian, kurmanji, lao, lati
n, latvian, lithuanian, mongolian, mongolianlmc, bokmal, nynorsk, polish, portu
guese, romanian, russian, sanskrit, serbian, slovak, slovenian, spanish, swedis
h, turkish, turkmen, ukrainian, uppersorbian, welsh, loaded.
(/share/home/jsibert/share/texmf/tex/latex/admbmanual/admbmanual.cls
Document Class: admbmanual 2009/06/01 v1.0 ADMBMANUAL class file
(/share/home/jsibert/share/texmf-dist/tex/latex/base/book.cls
Document Class: book 2007/10/19 v1.4h Standard LaTeX document class
(/share/home/jsibert/share/texmf-dist/tex/latex/base/bk12.clo
File: bk12.clo 2007/10/19 v1.4h Standard LaTeX file (size option)
)
\c@part=\count79
\c@chapter=\count80
\c@section=\count81
\c@subsection=\count82
\c@subsubsection=\count83
\c@paragraph=\count84
\c@subparagraph=\count85
\c@figure=\count86
\c@table=\count87
\abovecaptionskip=\skip41
\belowcaptionskip=\skip42
\bibindent=\dimen102
)
(/share/home/jsibert/share/texmf-dist/tex/latex/base/ifthen.sty
Package: ifthen 2001/05/26 v1.1c Standard LaTeX ifthen package (DPC)
)
(/share/home/jsibert/share/texmf-dist/tex/latex/base/fontenc.sty
Package: fontenc 2005/09/27 v1.99g Standard LaTeX package

(/share/home/jsibert/share/texmf-dist/tex/latex/base/t1enc.def
File: t1enc.def 2005/09/27 v1.99g Standard LaTeX file
LaTeX Font Info:    Redeclaring font encoding T1 on input line 43.
))
(/share/home/jsibert/share/texmf-dist/tex/latex/taupin/smallcap.sty
LaTeX Info: Redefining \textsc on input line 12.
)
(/share/home/jsibert/share/texmf-dist/tex/latex/amsmath/amsmath.sty
Package: amsmath 2000/07/18 v2.13 AMS math features
\@mathmargin=\skip43

For additional information on amsmath, use the `?' option.
(/share/home/jsibert/share/texmf-dist/tex/latex/amsmath/amstext.sty
Package: amstext 2000/06/29 v2.01

(/share/home/jsibert/share/texmf-dist/tex/latex/amsmath/amsgen.sty
File: amsgen.sty 1999/11/30 v2.0
\@emptytoks=\toks14
\ex@=\dimen103
))
(/share/home/jsibert/share/texmf-dist/tex/latex/amsmath/amsbsy.sty
Package: amsbsy 1999/11/29 v1.2d
\pmbraise@=\dimen104
)
(/share/home/jsibert/share/texmf-dist/tex/latex/amsmath/amsopn.sty
Package: amsopn 1999/12/14 v2.01 operator names
)
\inf@bad=\count88
LaTeX Info: Redefining \frac on input line 211.
\uproot@=\count89
\leftroot@=\count90
LaTeX Info: Redefining \overline on input line 307.
\classnum@=\count91
\DOTSCASE@=\count92
LaTeX Info: Redefining \ldots on input line 379.
LaTeX Info: Redefining \dots on input line 382.
LaTeX Info: Redefining \cdots on input line 467.
\Mathstrutbox@=\box26
\strutbox@=\box27
\big@size=\dimen105
LaTeX Font Info:    Redeclaring font encoding OML on input line 567.
LaTeX Font Info:    Redeclaring font encoding OMS on input line 568.
\macc@depth=\count93
\c@MaxMatrixCols=\count94
\dotsspace@=\muskip10
\c@parentequation=\count95
\dspbrk@lvl=\count96
\tag@help=\toks15
\row@=\count97
\column@=\count98
\maxfields@=\count99
\andhelp@=\toks16
\eqnshift@=\dimen106
\alignsep@=\dimen107
\tagshift@=\dimen108
\tagwidth@=\dimen109
\totwidth@=\dimen110
\lineht@=\dimen111
\@envbody=\toks17
\multlinegap=\skip44
\multlinetaggap=\skip45
\mathdisplay@stack=\toks18
LaTeX Info: Redefining \[ on input line 2666.
LaTeX Info: Redefining \] on input line 2667.
)
(/share/home/jsibert/share/texmf-dist/tex/latex/amsfonts/amssymb.sty
Package: amssymb 2009/06/22 v3.00

(/share/home/jsibert/share/texmf-dist/tex/latex/amsfonts/amsfonts.sty
Package: amsfonts 2009/06/22 v3.00 Basic AMSFonts support
\symAMSa=\mathgroup4
\symAMSb=\mathgroup5
LaTeX Font Info:    Overwriting math alphabet `\mathfrak' in version `bold'
(Font)                  U/euf/m/n --> U/euf/b/n on input line 96.
))
(/share/home/jsibert/share/texmf-dist/tex/latex/tools/bm.sty
Package: bm 2004/02/26 v1.1c Bold Symbol Support (DPC/FMi)
\symboldoperators=\mathgroup6
\symboldletters=\mathgroup7
\symboldsymbols=\mathgroup8
LaTeX Font Info:    Redeclaring math alphabet \mathbf on input line 138.
LaTeX Info: Redefining \bm on input line 204.
)
(/share/home/jsibert/share/texmf-dist/tex/latex/relsize/relsize.sty
Package: relsize 2003/07/04 ver 3.1
)
(/share/home/jsibert/share/texmf-dist/tex/latex/fancyhdr/fancyhdr.sty
\fancy@headwidth=\skip46
\f@ncyO@elh=\skip47
\f@ncyO@erh=\skip48
\f@ncyO@olh=\skip49
\f@ncyO@orh=\skip50
\f@ncyO@elf=\skip51
\f@ncyO@erf=\skip52
\f@ncyO@olf=\skip53
\f@ncyO@orf=\skip54
)
(/share/home/jsibert/share/texmf-dist/tex/latex/tocbibind/tocbibind.sty
Package: tocbibind 2010/10/13 v1.5k extra ToC listings
Package tocbibind Info: The document has chapter divisions on input line 50.


Package tocbibind Note: Using chapter style headings, unless overridden.

) (/share/home/jsibert/share/texmf-dist/tex/latex/base/makeidx.sty
Package: makeidx 2000/03/29 v1.0m Standard LaTeX package
)
(/share/home/jsibert/share/texmf-dist/tex/latex/tools/multicol.sty
Package: multicol 2008/12/05 v1.6h multicolumn formatting (FMi)
\c@tracingmulticols=\count100
\mult@box=\box28
\multicol@leftmargin=\dimen112
\c@unbalance=\count101
\c@collectmore=\count102
\doublecol@number=\count103
\multicoltolerance=\count104
\multicolpretolerance=\count105
\full@width=\dimen113
\page@free=\dimen114
\premulticols=\dimen115
\postmulticols=\dimen116
\multicolsep=\skip55
\multicolbaselineskip=\skip56
\partial@page=\box29
\last@line=\box30
\mult@rightbox=\box31
\mult@grightbox=\box32
\mult@gfirstbox=\box33
\mult@firstbox=\box34
\@tempa=\box35
\@tempa=\box36
\@tempa=\box37
\@tempa=\box38
\@tempa=\box39
\@tempa=\box40
\@tempa=\box41
\@tempa=\box42
\@tempa=\box43
\@tempa=\box44
\@tempa=\box45
\@tempa=\box46
\@tempa=\box47
\@tempa=\box48
\@tempa=\box49
\@tempa=\box50
\@tempa=\box51
\c@columnbadness=\count106
\c@finalcolumnbadness=\count107
\last@try=\dimen117
\multicolovershoot=\dimen118
\multicolundershoot=\dimen119
\mult@nat@firstbox=\box52
\colbreak@box=\box53
)
(/share/home/jsibert/share/texmf-dist/tex/latex/fancyvrb/fancyvrb.sty
Package: fancyvrb 2008/02/07

Style option: `fancyvrb' v2.7a, with DG/SPQR fixes, and firstline=lastline fix 
<2008/02/07> (tvz)
(/share/home/jsibert/share/texmf-dist/tex/latex/graphics/keyval.sty
Package: keyval 1999/03/16 v1.13 key=value parser (DPC)
\KV@toks@=\toks19
)
\FV@CodeLineNo=\count108
\FV@InFile=\read1
\FV@TabBox=\box54
\c@FancyVerbLine=\count109
\FV@StepNumber=\count110
\FV@OutFile=\write3
)
(/share/home/jsibert/share/texmf-dist/tex/latex/listings/listings.sty
\lst@mode=\count111
\lst@gtempboxa=\box55
\lst@token=\toks20
\lst@length=\count112
\lst@currlwidth=\dimen120
\lst@column=\count113
\lst@pos=\count114
\lst@lostspace=\dimen121
\lst@width=\dimen122
\lst@newlines=\count115
\lst@lineno=\count116
\lst@maxwidth=\dimen123

(/share/home/jsibert/share/texmf-dist/tex/latex/listings/lstmisc.sty
File: lstmisc.sty 2007/02/22 1.4 (Carsten Heinz)
\c@lstnumber=\count117
\lst@skipnumbers=\count118
\lst@framebox=\box56
)
(/share/home/jsibert/share/texmf-dist/tex/latex/listings/listings.cfg
File: listings.cfg 2007/02/22 1.4 listings configuration
))
Package: listings 2007/02/22 1.4 (Carsten Heinz)

(/share/home/jsibert/share/texmf-dist/tex/latex/graphics/graphicx.sty
Package: graphicx 1999/02/16 v1.0f Enhanced LaTeX Graphics (DPC,SPQR)

(/share/home/jsibert/share/texmf-dist/tex/latex/graphics/graphics.sty
Package: graphics 2009/02/05 v1.0o Standard LaTeX Graphics (DPC,SPQR)

(/share/home/jsibert/share/texmf-dist/tex/latex/graphics/trig.sty
Package: trig 1999/03/16 v1.09 sin cos tan (DPC)
)
(/share/home/jsibert/share/texmf-dist/tex/latex/latexconfig/graphics.cfg
File: graphics.cfg 2010/04/23 v1.9 graphics configuration of TeX Live
)
Package graphics Info: Driver file: pdftex.def on input line 91.

(/share/home/jsibert/share/texmf-dist/tex/latex/pdftex-def/pdftex.def
File: pdftex.def 2010/09/14 v0.05b Graphics/color for pdfTeX
\Gread@gobject=\count119
))
\Gin@req@height=\dimen124
\Gin@req@width=\dimen125
)
(/share/home/jsibert/share/texmf-dist/tex/latex/caption/caption.sty
Package: caption 2010/01/09 v3.1m Customizing captions (AR)

(/share/home/jsibert/share/texmf-dist/tex/latex/caption/caption3.sty
Package: caption3 2010/01/14 v3.1m caption3 kernel (AR)
\captionmargin=\dimen126
\captionmargin@=\dimen127
\captionwidth=\dimen128
\caption@indent=\dimen129
\caption@parindent=\dimen130
\caption@hangindent=\dimen131
)
\c@ContinuedFloat=\count120
Package caption Info: listings package is loaded.
)
(/share/home/jsibert/share/texmf-dist/tex/latex/wrapfig/wrapfig.sty
\wrapoverhang=\dimen132
\WF@size=\dimen133
\c@WF@wrappedlines=\count121
\WF@box=\box57
\WF@everypar=\toks21
Package: wrapfig 2003/01/31  v 3.6
)
(/share/home/jsibert/share/texmf-dist/tex/latex/tools/rawfonts.sty
Package: rawfonts 1994/05/08 Low-level LaTeX 2.09 font compatibility

(/share/home/jsibert/share/texmf-dist/tex/latex/tools/somedefs.sty
Package: somedefs 1994/06/01 v0.03 Toolkit for optional definitions
)
LaTeX Font Info:    Try loading font information for U+lasy on input line 45.

(/share/home/jsibert/share/texmf-dist/tex/latex/base/ulasy.fd
File: ulasy.fd 1998/08/17 v2.2e LaTeX symbol font definitions
))
(/share/home/jsibert/share/texmf-dist/tex/generic/pictex/pictexwd.sty
(/share/home/jsibert/share/texmf-dist/tex/generic/pictex/prepictex.tex)
(/share/home/jsibert/share/texmf-dist/tex/generic/pictex/pictexwd.tex)
(/share/home/jsibert/share/texmf-dist/tex/generic/pictex/postpictex.tex)
(/share/home/jsibert/share/texmf-dist/tex/generic/pictex/picmore.tex)
(/share/home/jsibert/share/texmf-dist/tex/generic/pictex/piccorr.sty))
(/share/home/jsibert/share/texmf-dist/tex/latex/etex-pkg/etex.sty
Package: etex 1998/03/26 v2.0 eTeX basic definition package (PEB)
\et@xins=\count137
)
(/share/home/jsibert/share/texmf-dist/tex/generic/xypic/xy.sty
(/share/home/jsibert/share/texmf-dist/tex/generic/xypic/xy.tex Bootstrap'ing:
catcodes, docmode,
(/share/home/jsibert/share/texmf-dist/tex/generic/xypic/xyrecat.tex)
(/share/home/jsibert/share/texmf-dist/tex/generic/xypic/xyidioms.tex)

 Xy-pic version 3.8.4 <2010/10/11>
 Copyright (c) 1991-2010 by Kristoffer H. Rose <krisrose@tug.org>
 Xy-pic is free software: see the User's Guide for details.

Loading kernel: messages; fonts; allocations: state,
\X@c=\dimen211
\Y@c=\dimen212
\U@c=\dimen213
\D@c=\dimen214
\L@c=\dimen215
\R@c=\dimen216
\Edge@c=\toks25
\X@p=\dimen217
\Y@p=\dimen218
\U@p=\dimen219
\D@p=\dimen220
\L@p=\dimen221
\R@p=\dimen222
\Edge@p=\toks26
\X@origin=\dimen223
\Y@origin=\dimen224
\X@xbase=\dimen225
\Y@xbase=\dimen226
\X@ybase=\dimen227
\Y@ybase=\dimen228
\X@min=\dimen229
\Y@min=\dimen230
\X@max=\dimen231
\Y@max=\dimen232
\lastobjectbox@=\box64
\zerodotbox@=\box65
\almostz@=\dimen233
 direction,
Normal \dimen register pool exhausted, switching to extended pool.
\d@X=\dimen256
\d@Y=\dimen257
\K@=\count138
\KK@=\count139
\Direction=\count140
\K@dXdY=\dimen258
\K@dYdX=\dimen259
\xyread@=\read2
\xywrite@=\write5
\csp@=\count141
\quotPTK@=\dimen260

utility macros; pictures: \xy, positions,
\swaptoks@@=\toks27
\connectobjectbox@@=\box66
 objects,
\styletoks@=\toks28
 decorations;
kernel objects: directionals, circles, text; options; algorithms: directions,
edges, connections;  Xy-pic loaded)
(/share/home/jsibert/share/texmf-dist/tex/generic/oberdiek/ifpdf.sty
Package: ifpdf 2010/01/28 v2.1 Provides the ifpdf switch (HO)
Package ifpdf Info: pdfTeX in pdf mode detected.
)
Package: xy 2010/10/11 Xy-pic version 3.8.4

(/share/home/jsibert/share/texmf-dist/tex/generic/xypic/xypdf.tex
 Xy-pic option: PDF driver v.1.5 loaded))
(/share/home/jsibert/share/texmf-dist/tex/latex/graphics/color.sty
Package: color 2005/11/14 v1.0j Standard LaTeX Color (DPC)

(/share/home/jsibert/share/texmf-dist/tex/latex/latexconfig/color.cfg
File: color.cfg 2007/01/18 v1.5 color configuration of teTeX/TeXLive
)
Package color Info: Driver file: pdftex.def on input line 130.
)
(/share/home/jsibert/share/texmf-dist/tex/latex/hyperref/hyperref.sty
Package: hyperref 2010/10/30 v6.81t Hypertext links for LaTeX

(/share/home/jsibert/share/texmf-dist/tex/generic/oberdiek/ltxcmds.sty
Package: ltxcmds 2010/04/26 v1.7 LaTeX kernel commands for general use (HO)
)
(/share/home/jsibert/share/texmf-dist/tex/generic/oberdiek/infwarerr.sty
Package: infwarerr 2010/04/08 v1.3 Providing info/warning/message (HO)
)
(/share/home/jsibert/share/texmf-dist/tex/generic/oberdiek/kvsetkeys.sty
Package: kvsetkeys 2010/03/01 v1.9 Key value parser (HO)

(/share/home/jsibert/share/texmf-dist/tex/generic/oberdiek/etexcmds.sty
Package: etexcmds 2010/01/28 v1.3 Prefix for e-TeX command names (HO)
Package etexcmds Info: Could not find \expanded.
(etexcmds)             That can mean that you are not using pdfTeX 1.50 or
(etexcmds)             that some package has redefined \expanded.
(etexcmds)             In the latter case, load this package earlier.
))
(/share/home/jsibert/share/texmf-dist/tex/generic/oberdiek/pdfescape.sty
Package: pdfescape 2010/03/01 v1.9 Provides hex, PDF name and string conversion
s (HO)

(/share/home/jsibert/share/texmf-dist/tex/generic/oberdiek/pdftexcmds.sty
Package: pdftexcmds 2010/04/01 v0.9 Utility functions of pdfTeX for LuaTeX (HO)


(/share/home/jsibert/share/texmf-dist/tex/generic/oberdiek/ifluatex.sty
Package: ifluatex 2010/03/01 v1.3 Provides the ifluatex switch (HO)
Package ifluatex Info: LuaTeX not detected.
)
Package pdftexcmds Info: LuaTeX not detected.
Package pdftexcmds Info: \pdf@primitive is available.
Package pdftexcmds Info: \pdf@ifprimitive is available.
))
(/share/home/jsibert/share/texmf-dist/tex/generic/oberdiek/ifvtex.sty
Package: ifvtex 2010/03/01 v1.5 Switches for detecting VTeX and its modes (HO)
Package ifvtex Info: VTeX not detected.
)
(/share/home/jsibert/share/texmf-dist/tex/generic/ifxetex/ifxetex.sty
Package: ifxetex 2010/09/12 v0.6 Provides ifxetex conditional
)
(/share/home/jsibert/share/texmf-dist/tex/latex/oberdiek/hycolor.sty
Package: hycolor 2009/12/12 v1.6 Color options of hyperref/bookmark (HO)

(/share/home/jsibert/share/texmf-dist/tex/latex/oberdiek/xcolor-patch.sty
Package: xcolor-patch 2009/12/12 xcolor patch
))
(/share/home/jsibert/share/texmf-dist/tex/latex/oberdiek/letltxmacro.sty
Package: letltxmacro 2008/06/24 v1.3 Let assignment for LaTeX macros (HO)
)
(/share/home/jsibert/share/texmf-dist/tex/latex/oberdiek/kvoptions.sty
Package: kvoptions 2010/02/22 v3.7 Keyval support for LaTeX options (HO)
)
\@linkdim=\dimen261
\Hy@linkcounter=\count142
\Hy@pagecounter=\count143

(/share/home/jsibert/share/texmf-dist/tex/latex/hyperref/pd1enc.def
File: pd1enc.def 2010/10/30 v6.81t Hyperref: PDFDocEncoding definition (HO)
)
(/share/home/jsibert/share/texmf-dist/tex/generic/oberdiek/intcalc.sty
Package: intcalc 2007/09/27 v1.1 Expandable integer calculations (HO)
)
\Hy@SavedSpaceFactor=\count144

(/share/home/jsibert/share/texmf-dist/tex/latex/latexconfig/hyperref.cfg
File: hyperref.cfg 2002/06/06 v1.2 hyperref configuration of TeXLive
)

Package hyperref Warning: Option `letterpaper' is no longer used.

Package hyperref Info: Option `linktocpage' set `true' on input line 3872.
Package hyperref Info: Option `colorlinks' set `true' on input line 3872.
Package hyperref Info: Hyper figures OFF on input line 3976.
Package hyperref Info: Link nesting OFF on input line 3981.
Package hyperref Info: Hyper index ON on input line 3984.
Package hyperref Info: Plain pages OFF on input line 3991.
Package hyperref Info: Backreferencing ON on input line 3994.
Package hyperref Info: Implicit mode ON; LaTeX internals redefined.
Package hyperref Info: Bookmarks ON on input line 4211.
(/share/home/jsibert/share/texmf-dist/tex/latex/hyperref/backref.sty
Package: backref 2010/08/30 v1.36 Bibliographical back referencing

(/share/home/jsibert/share/texmf-dist/tex/latex/oberdiek/rerunfilecheck.sty
Package: rerunfilecheck 2010/03/16 v1.6 Rerun checks for auxiliary files (HO)

(/share/home/jsibert/share/texmf-dist/tex/latex/oberdiek/atveryend.sty
Package: atveryend 2010/03/24 v1.5 Hooks at very end of document (HO)
Package atveryend Info: \enddocument detected (standard).
)
(/share/home/jsibert/share/texmf-dist/tex/generic/oberdiek/uniquecounter.sty
Package: uniquecounter 2009/12/18 v1.1 Provides unlimited unique counter (HO)

(/share/home/jsibert/share/texmf-dist/tex/generic/oberdiek/bigintcalc.sty
Package: bigintcalc 2007/11/11 v1.1 Expandable big integer calculations (HO)
))
Package uniquecounter Info: New unique counter `rerunfilecheck' on input line 2
71.
))
\c@Hy@tempcnt=\count145

(/share/home/jsibert/share/texmf-dist/tex/latex/url/url.sty
\Urlmuskip=\muskip11
Package: url 2006/04/12  ver 3.3  Verb mode for urls, etc.
)
LaTeX Info: Redefining \url on input line 4566.

(/share/home/jsibert/share/texmf-dist/tex/generic/oberdiek/bitset.sty
Package: bitset 2007/09/28 v1.0 Data type bit set (HO)
)
\Fld@menulength=\count146
\Field@Width=\dimen262
\Fld@charsize=\dimen263
Package hyperref Info: Hyper figures OFF on input line 5626.
Package hyperref Info: Link nesting OFF on input line 5631.
Package hyperref Info: Hyper index ON on input line 5634.
Package hyperref Info: backreferencing ON on input line 5639.
Package hyperref Info: Link coloring ON on input line 5644.
Package hyperref Info: Link coloring with OCG OFF on input line 5651.
Package hyperref Info: PDF/A mode OFF on input line 5656.
LaTeX Info: Redefining \ref on input line 5696.
LaTeX Info: Redefining \pageref on input line 5700.

(/share/home/jsibert/share/texmf-dist/tex/generic/oberdiek/atbegshi.sty
Package: atbegshi 2010/03/25 v1.12 At begin shipout hook (HO)
)
\Hy@abspage=\count147
\c@Item=\count148
\c@Hfootnote=\count149
)

Package hyperref Message: Driver (autodetected): hpdftex.

(/share/home/jsibert/share/texmf-dist/tex/latex/hyperref/hpdftex.def
File: hpdftex.def 2010/10/30 v6.81t Hyperref driver for pdfTeX
\Fld@listcount=\count150
\c@bookmark@seq@number=\count151
\Hy@SectionHShift=\skip83
)
(/share/home/jsibert/share/texmf-dist/tex/latex/oberdiek/hypcap.sty
Package: hypcap 2008/09/08 v1.10 Adjusting anchors of captions (HO)
)
(/share/home/jsibert/share/texmf-dist/tex/latex/chappg/chappg.sty
Package: chappg 2006/05/09 v2.1b page numbering by chapter number pages by chap
ter (or other unit)
)
(/share/home/jsibert/share/texmf-dist/tex/latex/geometry/geometry.sty
Package: geometry 2010/09/12 v5.6 Page Geometry
\Gm@cnth=\count152
\Gm@cntv=\count153
\c@Gm@tempcnt=\count154
\Gm@bindingoffset=\dimen264
\Gm@wd@mp=\dimen265
\Gm@odd@mp=\dimen266
\Gm@even@mp=\dimen267
\Gm@layoutwidth=\dimen268
\Gm@layoutheight=\dimen269
\Gm@layouthoffset=\dimen270
\Gm@layoutvoffset=\dimen271
\Gm@dimlist=\toks29


Package geometry Warning: Over-specification in `h'-direction.
    `width' (469.75499pt) is ignored.

) (/share/home/jsibert/share/texmf-dist/tex/latex/listings/lstlang1.sty
File: lstlang1.sty 2004/09/05 1.3 listings language file
)
(/share/home/jsibert/share/texmf-dist/tex/latex/listings/lstlang1.sty
File: lstlang1.sty 2004/09/05 1.3 listings language file
)
(/share/home/jsibert/share/texmf-dist/tex/latex/listings/lstmisc.sty
File: lstmisc.sty 2007/02/22 1.4 (Carsten Heinz)
))
\@indexfile=\write6
\openout6 = `autodif.idx'.


Writing index file autodif.idx
No file autodif.aux.
\openout1 = `autodif.aux'.

LaTeX Font Info:    Checking defaults for OML/cmm/m/it on input line 73.
LaTeX Font Info:    ... okay on input line 73.
LaTeX Font Info:    Checking defaults for T1/cmr/m/n on input line 73.
LaTeX Font Info:    ... okay on input line 73.
LaTeX Font Info:    Checking defaults for OT1/cmr/m/n on input line 73.
LaTeX Font Info:    ... okay on input line 73.
LaTeX Font Info:    Checking defaults for OMS/cmsy/m/n on input line 73.
LaTeX Font Info:    ... okay on input line 73.
LaTeX Font Info:    Checking defaults for OMX/cmex/m/n on input line 73.
LaTeX Font Info:    ... okay on input line 73.
LaTeX Font Info:    Checking defaults for U/cmr/m/n on input line 73.
LaTeX Font Info:    ... okay on input line 73.
LaTeX Font Info:    Checking defaults for PD1/pdf/m/n on input line 73.
LaTeX Font Info:    ... okay on input line 73.
\c@lstlisting=\count155
(/share/home/jsibert/share/texmf-dist/tex/context/base/supp-pdf.mkii
[Loading MPS to PDF converter (version 2006.09.02).]
\scratchcounter=\count156
\scratchdimen=\dimen272
\scratchbox=\box67
\nofMPsegments=\count157
\nofMParguments=\count158
\everyMPshowfont=\toks30
\MPscratchCnt=\count159
\MPscratchDim=\dimen273
\MPnumerator=\count160
\everyMPtoPDFconversion=\toks31
) (/share/home/jsibert/share/texmf-dist/tex/latex/oberdiek/epstopdf-base.sty
Package: epstopdf-base 2010/02/09 v2.5 Base part for package epstopdf

(/share/home/jsibert/share/texmf-dist/tex/latex/oberdiek/grfext.sty
Package: grfext 2007/09/30 v1.0 Managing graphics extensions (HO)
)
Package grfext Info: Graphics extension search list:
(grfext)             [.png,.pdf,.jpg,.mps,.jpeg,.jbig2,.jb2,.PNG,.PDF,.JPG,.JPE
G,.JBIG2,.JB2,.eps]
(grfext)             \AppendGraphicsExtensions on input line 436.

(/share/home/jsibert/share/texmf-dist/tex/latex/latexconfig/epstopdf-sys.cfg
File: epstopdf-sys.cfg 2010/07/13 v1.3 Configuration of (r)epstopdf for TeX Liv
e
))
Package caption Info: Begin \AtBeginDocument code.
Package caption Info: hyperref package is loaded.
Package caption Info: hypcap package is loaded.
Package caption Info: wrapfig package is loaded.
Package caption Info: End \AtBeginDocument code.
LaTeX Font Info:    Try loading font information for U+msa on input line 73.

(/share/home/jsibert/share/texmf-dist/tex/latex/amsfonts/umsa.fd
File: umsa.fd 2009/06/22 v3.00 AMS symbols A
)
LaTeX Font Info:    Try loading font information for U+msb on input line 73.

(/share/home/jsibert/share/texmf-dist/tex/latex/amsfonts/umsb.fd
File: umsb.fd 2009/06/22 v3.00 AMS symbols B
)
Package xypdf Info: Line width: 0.47998pt on input line 73.
\AtBeginShipoutBox=\box68
Package hyperref Info: Link coloring ON on input line 73.

(/share/home/jsibert/share/texmf-dist/tex/latex/hyperref/nameref.sty
Package: nameref 2010/04/30 v2.40 Cross-referencing by name of section

(/share/home/jsibert/share/texmf-dist/tex/latex/oberdiek/refcount.sty
Package: refcount 2008/08/11 v3.1 Data extraction from references (HO)
)
(/share/home/jsibert/share/texmf-dist/tex/generic/oberdiek/gettitlestring.sty
Package: gettitlestring 2009/12/18 v1.3 Cleanup title references (HO)
)
\c@section@level=\count161
)
LaTeX Info: Redefining \ref on input line 73.
LaTeX Info: Redefining \pageref on input line 73.
LaTeX Info: Redefining \nameref on input line 73.
\@outlinefile=\write7
\openout7 = `autodif.out'.

*geometry* driver: auto-detecting
*geometry* detected driver: pdftex
*geometry* verbose mode - [ preamble ] result:
* driver: pdftex
* paper: <default>
* layout: <same size as paper>
* layoutoffset:(h,v)=(0.0pt,0.0pt)
* modes: twoside 
* h-part:(L,W,R)=(81.30374pt, 469.75502pt, 63.23624pt)
* v-part:(T,H,B)=(81.30374pt, 614.295pt, 99.37125pt)
* \paperwidth=614.295pt
* \paperheight=794.96999pt
* \textwidth=469.75502pt
* \textheight=614.295pt
* \oddsidemargin=9.03375pt
* \evensidemargin=-9.03375pt
* \topmargin=-22.84004pt
* \headheight=12.0pt
* \headsep=19.8738pt
* \topskip=12.0pt
* \footskip=63.23624pt
* \marginparwidth=98.0pt
* \marginparsep=7.0pt
* \columnsep=10.0pt
* \skip\footins=10.8pt plus 4.0pt minus 2.0pt
* \hoffset=0.0pt
* \voffset=0.0pt
* \mag=1000
* \@twocolumnfalse
* \@twosidetrue
* \@mparswitchtrue
* \@reversemarginfalse
* (1in=72.27pt=25.4mm, 1cm=28.453pt)

LaTeX Font Info:    Try loading font information for T1+cmss on input line 76.
(/share/home/jsibert/share/texmf-dist/tex/latex/base/t1cmss.fd
File: t1cmss.fd 1999/05/25 v2.5h Standard LaTeX font definitions
)

LaTeX Font Warning: Font shape `T1/cmss/m/n' in size <18> not available
(Font)              size <17.28> substituted on input line 76.

<ADMB-logo.png, id=4, 68.6565pt x 72.27pt>
File: ADMB-logo.png Graphic file (type png)
 <use ADMB-logo.png> [1


{/share/home/jsibert/share/texmf-var/fonts/map/pdftex/updmap/pdftex.map} </shar
e/home/jsibert/share/texmf/tex/latex/admbmanual/ADMB-logo.png (PNG copy)>]
(/share/home/jsibert/share/texmf/tex/latex/admbmanual/license.tex)
Overfull \hbox (5.36845pt too wide) in paragraph at lines 20--76
\T1/cmr/m/n/12 TER-RUP-TION) HOW-EVER CAUSED AND ON ANY THE-ORY OF LIABIL-ITY, 
WHETH-
 []

[2

]
\tf@toc=\write8
\openout8 = `autodif.toc'.

 [1


] [2

]
Chapter 1.
LaTeX Font Info:    Try loading font information for T1+cmsc on input line 89.
(/share/home/jsibert/share/texmf-dist/tex/latex/taupin/t1cmsc.fd
File: T1cmsc.fd 1995/12/20 v2.4f Standard LaTeX font definitions
)

Package relsize Warning: Size requested is too small.
(relsize)                Using 6.0pt instead on input line 90.

LaTeX Font Info:    Try loading font information for T1+cmtt on input line 94.
(/share/home/jsibert/share/texmf-dist/tex/latex/base/t1cmtt.fd
File: t1cmtt.fd 1999/05/25 v2.5h Standard LaTeX font definitions
)

Package relsize Warning: Size requested is too small.
(relsize)                Using 6.0pt instead on input line 96.


Package relsize Warning: Size requested is too small.
(relsize)                Using 6.0pt instead on input line 105.

[1

]

LaTeX Warning: Citation `griewankcorliss1991' on page 1-2 undefined on input li
ne 145.


Package relsize Warning: Size requested is too small.
(relsize)                Using 6.0pt instead on input line 155.


Package relsize Warning: Size requested is too small.
(relsize)                Using 6.0pt instead on input line 157.


Package relsize Warning: Size requested is too small.
(relsize)                Using 6.0pt instead on input line 159.


Package relsize Warning: Size requested is too small.
(relsize)                Using 6.0pt instead on input line 161.

[2]

Package relsize Warning: Size requested is too small.
(relsize)                Using 6.0pt instead on input line 229.

[3]

Package relsize Warning: Size requested is too small.
(relsize)                Using 6.0pt instead on input line 265.

LaTeX Font Info:    Font shape `T1/cmtt/bx/n' in size <12> not available
(Font)              Font shape `T1/cmtt/m/n' tried instead on input line 270.
LaTeX Font Info:    Font shape `T1/cmtt/bx/n' in size <17.28> not available
(Font)              Font shape `T1/cmtt/m/n' tried instead on input line 294.
[4] (./fcomp_s.cpp)

Package relsize Warning: Size requested is too small.
(relsize)                Using 6.0pt instead on input line 327.

[5]

Package relsize Warning: Size requested is too small.
(relsize)                Using 6.0pt instead on input line 420.

[6]

Package relsize Warning: Size requested is too small.
(relsize)                Using 6.0pt instead on input line 433.

(./simple.cpp [7])

LaTeX Warning: Reference `ch:function-minimizing' on page 1-8 undefined on inpu
t line 503.

[8]

Package relsize Warning: Size requested is too small.
(relsize)                Using 6.0pt instead on input line 519.


LaTeX Warning: Citation `griewank1988' on page 1-9 undefined on input line 556.


[9] (./hem_func.cpp) (./hemholtz.cpp [10]) [11]

LaTeX Warning: Reference `ch:neural-networks' on page 1-12 undefined on input l
ine 681.


Package relsize Warning: Size requested is too small.
(relsize)                Using 6.0pt instead on input line 683.

[12]
Chapter 2.
[1

]

Package relsize Warning: Size requested is too small.
(relsize)                Using 6.0pt instead on input line 755.

LaTeX Font Info:    Try loading font information for OMS+cmr on input line 777.

(/share/home/jsibert/share/texmf-dist/tex/latex/base/omscmr.fd
File: omscmr.fd 1999/05/25 v2.5h Standard LaTeX font definitions
)
LaTeX Font Info:    Font shape `OMS/cmr/m/n' in size <12> not available
(Font)              Font shape `OMS/cmsy/m/n' tried instead on input line 777.
 [2] [3]
[4]
Chapter 3.

LaTeX Warning: Reference `tab:types' on page 3-1 undefined on input line 915.


LaTeX Warning: Reference `tab:integer-container-classes' on page 3-1 undefined 
on input line 933.

[1

] [2]
Underfull \vbox (badness 1102) has occurred while \output is active []

 [3]
Overfull \hbox (6.19824pt too wide) in paragraph at lines 1126--1136
[]\T1/cmr/m/n/12 The \T1/cmtt/m/n/12 dvar_vector \T1/cmr/m/n/12 class ap-pears 
to the user as a vec-tor (ar-ray) of ob-jects of type \T1/cmtt/m/n/12 dvariable
\T1/cmr/m/n/12 .
 []

[4]

Package relsize Warning: Size requested is too small.
(relsize)                Using 6.0pt instead on input line 1214.

[5] [6]

Package relsize Warning: Size requested is too small.
(relsize)                Using 6.0pt instead on input line 1401.

[7] [8] [9]
Overfull \hbox (11.77739pt too wide) in paragraph at lines 1581--1582
[][][][][][][][][][][][][][][][][][][][][][][][][][][][][][][][][][][][][] 
 []

[10] [11]
Overfull \hbox (5.6039pt too wide) in paragraph at lines 1715--1716
[][][][][][][][][][][][][][][][][][][][][][][][][][][][][][][][][][][][][][][] 

 []

[12] [13] [14

]
Chapter 4.

Package hyperref Warning: Token not allowed in a PDF string (PDFDocEncoding):
(hyperref)                removing `math shift' on input line 1803.


Package hyperref Warning: Token not allowed in a PDF string (PDFDocEncoding):
(hyperref)                removing `math shift' on input line 1803.


Package hyperref Warning: Token not allowed in a PDF string (PDFDocEncoding):
(hyperref)                removing `math shift' on input line 1803.


Package hyperref Warning: Token not allowed in a PDF string (PDFDocEncoding):
(hyperref)                removing `math shift' on input line 1803.

[1]

Package hyperref Warning: Token not allowed in a PDF string (PDFDocEncoding):
(hyperref)                removing `\@ifnextchar' on input line 1890.


Package hyperref Warning: Token not allowed in a PDF string (PDFDocEncoding):
(hyperref)                removing `\@ifnextchar' on input line 1890.


Package hyperref Warning: Token not allowed in a PDF string (PDFDocEncoding):
(hyperref)                removing `\@ifnextchar' on input line 1890.

[2]

Package hyperref Warning: Token not allowed in a PDF string (PDFDocEncoding):
(hyperref)                removing `math shift' on input line 1940.


Package hyperref Warning: Token not allowed in a PDF string (PDFDocEncoding):
(hyperref)                removing `math shift' on input line 1940.


Package hyperref Warning: Token not allowed in a PDF string (PDFDocEncoding):
(hyperref)                removing `math shift' on input line 1940.


Package hyperref Warning: Token not allowed in a PDF string (PDFDocEncoding):
(hyperref)                removing `math shift' on input line 1940.


Overfull \hbox (11.77739pt too wide) in paragraph at lines 1999--2000
[][][][][][][][][][][][][][][][][][][][][][][][][][][][] 
 []

[3]
Overfull \hbox (17.95088pt too wide) in paragraph at lines 2065--2066
[][][][][][][][][][][][][][][][][][][][][] 
 []


Overfull \hbox (17.95088pt too wide) in paragraph at lines 2078--2079
[][][][][][][][][][][][][][][][][][][][][] 
 []

[4] [5] [6] [7] [8] [9] [10] [11]

Package relsize Warning: Size requested is too small.
(relsize)                Using 6.0pt instead on input line 2656.

[12]
Overfull \hbox (16.71608pt too wide) in paragraph at lines 2658--2659
[][][][][][][][][][][][][][][][][][][][][][][][][][][][][][][][][][][][][] 
 []

(./robgrph3.tex (./smoothdt.tex))

LaTeX Warning: `h' float specifier changed to `ht'.


LaTeX Warning: Reference `fig:operations-functions-01' on page 4-13 undefined o
n input line 2727.

[13] [14]
Chapter 5.
[1

]

Package relsize Warning: Size requested is too small.
(relsize)                Using 6.0pt instead on input line 2834.


Package relsize Warning: Size requested is too small.
(relsize)                Using 6.0pt instead on input line 2837.


Package relsize Warning: Size requested is too small.
(relsize)                Using 6.0pt instead on input line 2846.


Package relsize Warning: Size requested is too small.
(relsize)                Using 6.0pt instead on input line 2846.

[2]

Package relsize Warning: Size requested is too small.
(relsize)                Using 6.0pt instead on input line 2879.

[3]

LaTeX Warning: Reference `ch:neural-networks' on page 5-4 undefined on input li
ne 2969.

[4] [5]

Package relsize Warning: Size requested is too small.
(relsize)                Using 6.0pt instead on input line 3054.

[6] [7]

Package relsize Warning: Size requested is too small.
(relsize)                Using 6.0pt instead on input line 3141.

[8] [9] [10

]
Chapter 6.
[1]

Package relsize Warning: Size requested is too small.
(relsize)                Using 6.0pt instead on input line 3269.

[2]
Chapter 7.

Package relsize Warning: Size requested is too small.
(relsize)                Using 6.0pt instead on input line 3288.


Package relsize Warning: Size requested is too small.
(relsize)                Using 6.0pt instead on input line 3291.


Package relsize Warning: Size requested is too small.
(relsize)                Using 6.0pt instead on input line 3292.


Package relsize Warning: Size requested is too small.
(relsize)                Using 6.0pt instead on input line 3293.


Package relsize Warning: Size requested is too small.
(relsize)                Using 6.0pt instead on input line 3296.

[1

] [2]

Package relsize Warning: Size requested is too small.
(relsize)                Using 6.0pt instead on input line 3442.

(./io_examp.cpp [3]
Underfull \vbox (badness 10000) has occurred while \output is active []

 [4])
[5] [6

]
Chapter 8.

Overfull \hbox (16.88869pt too wide) in paragraph at lines 3501--3507
[]\T1/cmr/m/n/12 The tem-po-rary gra-di-ent files are nor-mally deleted when ob
-jects of class \T1/cmtt/m/n/12 gradient_structure
 []

[1] [2

]
Chapter 9.
[1] [2] [3] [4]
Chapter 10.
(./minimize.cpp
Overfull \hbox (6.90619pt too wide) in paragraph at lines 3766--1
[]\T1/cmr/m/n/12 The fully en-cap-su-lated min-i-miza-tion pro-ce-dure is in-vo
ked by call-ing the func-tion \T1/cmtt/m/n/12 minimize\T1/cmr/m/n/12 .
 []

[1

]
Overfull \hbox (10.54259pt too wide) in paragraph at lines 19--20
[][][][][][][][][][][][][][][][][][][][][][][][][][] 
 []

) (./userfun.cpp) [2]
Overfull \hbox (11.77739pt too wide) in paragraph at lines 3830--3831
[][][][][][][][][][][][][][][][][][][][][][][][][][][][][][] 
 []


Overfull \hbox (11.77739pt too wide) in paragraph at lines 3831--3832
[][][][][][][][][][][][][][][][][][][][][][][][][][][][][][] 
 []

[3]
Overfull \hbox (11.77739pt too wide) in paragraph at lines 3861--3862
[][][][][][][][][][][][][][][][][][][][][][][][][][][][][] 
 []


Overfull \hbox (11.77739pt too wide) in paragraph at lines 3862--3863
[][][][][][][][][][][][][][][][][][][][][][][][][][][][][][] 
 []

[4] [5] [6] [7] [8]
Overfull \hbox (19.18102pt too wide) in paragraph at lines 4170--4171
[][][][][][][][][][][][][]
 []


Overfull \hbox (3.1343pt too wide) in paragraph at lines 4179--4180
[][][][][][][][][][][][][][][][][][][][][][][][][][][][][][][][][][][][][][][] 

 []

[9] [10]
Chapter 11.
[1

]

Package hyperref Warning: Token not allowed in a PDF string (PDFDocEncoding):
(hyperref)                removing `math shift' on input line 4320.


Package hyperref Warning: Token not allowed in a PDF string (PDFDocEncoding):
(hyperref)                removing `superscript' on input line 4320.


Package hyperref Warning: Token not allowed in a PDF string (PDFDocEncoding):
(hyperref)                removing `math shift' on input line 4320.


Underfull \vbox (badness 10000) has occurred while \output is active []

 [2]
[3] [4

]
Chapter 12.

LaTeX Warning: Reference `sec:using-routines' on page 12-1 undefined on input l
ine 4416.

[1]

LaTeX Warning: Reference `eq:robust-nonlinear-regression-02' on page 12-2 undef
ined on input line 4474.


LaTeX Warning: Reference `eq:robust-nonlinear-regression-03' on page 12-2 undef
ined on input line 4479.


LaTeX Warning: Reference `eq:robust-nonlinear-regression-04' on page 12-2 undef
ined on input line 4498.

[2]

LaTeX Warning: Reference `eq:robust-nonlinear-regression-05' on page 12-3 undef
ined on input line 4508.


LaTeX Warning: Reference `eq:robust-nonlinear-regression-08' on page 12-3 undef
ined on input line 4539.


LaTeX Warning: Reference `eq:robust-nonlinear-regression-09' on page 12-3 undef
ined on input line 4544.

[3]

LaTeX Warning: Reference `eq:robust-nonlinear-regression-10' on page 12-4 undef
ined on input line 4563.


LaTeX Warning: Reference `eq:robust-nonlinear-regression-10' on page 12-4 undef
ined on input line 4573.


LaTeX Warning: Reference `eq:robust-nonlinear-regression-05' on page 12-4 undef
ined on input line 4590.


LaTeX Warning: Reference `eq:robust-nonlinear-regression-11' on page 12-4 undef
ined on input line 4596.


LaTeX Warning: Reference `eq:robust-nonlinear-regression-11' on page 12-4 undef
ined on input line 4600.


LaTeX Warning: Reference `eq:robust-nonlinear-regression-11' on page 12-4 undef
ined on input line 4604.


LaTeX Warning: Reference `eq:robust-nonlinear-regression-04' on page 12-4 undef
ined on input line 4607.


LaTeX Warning: Reference `eq:robust-nonlinear-regression-11' on page 12-4 undef
ined on input line 4609.


LaTeX Warning: Reference `eq:robust-nonlinear-regression-06' on page 12-4 undef
ined on input line 4610.


LaTeX Warning: Reference `eq:robust-nonlinear-regression-11' on page 12-4 undef
ined on input line 4614.


Underfull \vbox (badness 1694) has occurred while \output is active []

 [4]

LaTeX Warning: Reference `eq:robust-nonlinear-regression-12' on page 12-5 undef
ined on input line 4643.


LaTeX Warning: Reference `eq:robust-nonlinear-regression-12' on page 12-5 undef
ined on input line 4658.


LaTeX Warning: Reference `eq:robust-nonlinear-regression-05' on page 12-5 undef
ined on input line 4696.

[5]
Overfull \hbox (22.88957pt too wide) in paragraph at lines 4702--4703
[][][][][][][][][][][][][][][][][][][][][][][] 
 []

(./graph.tex (./data.sa1))
Overfull \hbox (41.41005pt too wide) in paragraph at lines 4717--4718
[][][][][][][][][][][][][][][][][][][][][][][] 
 []

[6]

LaTeX Warning: Reference `fig:robust-nonlinear-regression-01' on page 12-7 unde
fined on input line 4768.

(./robust.cpp [7]
Overfull \hbox (9.30779pt too wide) in paragraph at lines 28--29
[][][][][][][][][][][][][][][][][][][][][][][][][][][][][][][][] 
 []


Underfull \vbox (badness 10000) has occurred while \output is active []

 [8])
(./fcomp_r.cpp) (./newreg2.cpp [9]) [10] (./graph1.tex (./data.sa1))
Overfull \hbox (1.53525pt too wide) in paragraph at lines 4843--4845
[]\T1/cmr/m/n/12 For each sim-u-la-tion, a set of 30 pairs $\twelverm (\OML/cmm
/m/it/12 Y[]; z[]\twelverm )$ \T1/cmr/m/n/12 were gen-er-ated, where $\OML/cmm/
m/it/12 z[] \twelverm = \OML/cmm/m/it/12 i$\T1/cmr/m/n/12 , [],
 []

[11] (./robgrph2.tex (./scatte2.tex))
Overfull \hbox (5.64885pt too wide) in paragraph at lines 4893--4906
[][] 
 []


LaTeX Warning: `!h' float specifier changed to `!ht'.


LaTeX Warning: Reference `fig:monte-carlo-03' on page 12-12 undefined on input 
line 4925.

[12]

LaTeX Warning: Reference `fig:robust-nonlinear-regression-03' on page 12-13 und
efined on input line 4954.

(./grph3.tex (./exam6.dat))

LaTeX Warning: Reference `tab:robust-nonlinear-regression-02' on page 12-13 und
efined on input line 4973.


LaTeX Warning: `!h' float specifier changed to `!ht'.

[13] [14]
Chapter 13.
[1

]

LaTeX Warning: Reference `eq:problems-more-dependent-variable-02' on page 13-2 
undefined on input line 5116.


LaTeX Warning: Reference `eq:problems-more-dependent-variable-03' on page 13-2 
undefined on input line 5127.

(./newt.cpp [2] [3]) [4]
Chapter 14.

LaTeX Warning: Citation `hasselblad1966' on page 14-1 undefined on input line 5
206.

[1

]

LaTeX Warning: Reference `eq:nonlinear-estimation-01' on page 14-2 undefined on
 input line 5269.


LaTeX Warning: Reference `eq:nonlinear-estimation-01' on page 14-2 undefined on
 input line 5274.

(./like.cpp [2]) (./reset.cpp
Underfull \vbox (badness 10000) has occurred while \output is active []

 [3]
Overfull \hbox (24.12437pt too wide) in paragraph at lines 7--8
[][][][][][][][][][][][][][][][][][][][][][][][][][][][] 
 []

) [4] (./xinit.cpp [5]
Overfull \hbox (8.07298pt too wide) in paragraph at lines 8--9
[][][][][][][][][][][][][][][][][][][][][][][][][][][][][] 
 []

) (./nvarcal.cpp [6]) (./mixture.cpp [7]
Underfull \vbox (badness 10000) has occurred while \output is active []

 [8])
(./fcomp_m.cpp) (./normaliz.cpp [9]) (./savepar.cpp) [10]
Chapter 15.
[1

]

LaTeX Warning: Reference `eq:neural-network-01' on page 15-2 undefined on input
 line 5529.

[2]
Overfull \hbox (4.3691pt too wide) in paragraph at lines 5549--5550
[][][][][][][][][][][][][][][][][][][][][][][][][][][][][][][][] 
 []

[3] [4]

LaTeX Warning: Citation `hoerlkennard1970' on page 15-5 undefined on input line
 5686.

[5]

LaTeX Warning: Citation `touretzkypomerlau1989' on page 15-6 undefined on input
 line 5738.

(./grph5.tex (./spiral.tex))

LaTeX Warning: Reference `fig:description-nn-01' on page 15-6 undefined on inpu
t line 5752.

[6] (./grph6.tex (./pointsn.red) (./spirala.) (./pointsn.grn) (./spiralb.)
(./pointsn.blu) (./spiralc.) (./pointsn.gra) (./spiraln.))

LaTeX Warning: Reference `fig:description-nn-02' on page 15-7 undefined on inpu
t line 5795.

[7

pdfTeX warning: pdflatex: pop empty color page stack 0
] [8]
No file autodif.bbl.
No file autodif.ind.
Package atveryend Info: Empty hook `BeforeClearDocument' on input line 5817.
Package atveryend Info: Empty hook `AfterLastShipout' on input line 5817.
(./autodif.aux)
Package atveryend Info: Executing hook `AtVeryEndDocument' on input line 5817.


Package rerunfilecheck Warning: File `autodif.out' has changed.
(rerunfilecheck)                Rerun to get outlines right
(rerunfilecheck)                or use package `bookmark'.

Package rerunfilecheck Info: Checksums for `autodif.out':
(rerunfilecheck)             Before: <no file>
(rerunfilecheck)             After:  2E46A3168B2ACE9712E5CFD76CCB13D3;7555.

LaTeX Font Warning: Size substitutions with differences
(Font)              up to 0.72pt have occurred.


LaTeX Warning: There were undefined references.


LaTeX Warning: Label(s) may have changed. Rerun to get cross-references right.

 ) 
Here is how much of TeX's memory you used:
 14833 strings out of 493738
 212462 string characters out of 3142160
 400625 words of memory out of 3000000
 15511 multiletter control sequences out of 15000+200000
 45282 words of font info for 131 fonts, out of 3000000 for 9000
 714 hyphenation exceptions out of 8191
 49i,13n,60p,843b,1658s stack positions out of 5000i,500n,10000p,200000b,50000s
{/share/home/jsibert/share/texmf-dist/fonts/enc/dvips/cm-super/cm-super-t1.en
c}</share/home/jsibert/share/texmf-dist/fonts/type1/public/amsfonts/cm/cmbsy10.
pfb></share/home/jsibert/share/texmf-dist/fonts/type1/public/amsfonts/cm/cmbx12
.pfb></share/home/jsibert/share/texmf-dist/fonts/type1/public/amsfonts/cm/cmex1
0.pfb></share/home/jsibert/share/texmf-dist/fonts/type1/public/amsfonts/cm/cmmi
12.pfb></share/home/jsibert/share/texmf-dist/fonts/type1/public/amsfonts/cm/cmm
i6.pfb></share/home/jsibert/share/texmf-dist/fonts/type1/public/amsfonts/cm/cmm
i8.pfb></share/home/jsibert/share/texmf-dist/fonts/type1/public/amsfonts/cm/cmm
ib10.pfb></share/home/jsibert/share/texmf-dist/fonts/type1/public/amsfonts/cm/c
mr12.pfb></share/home/jsibert/share/texmf-dist/fonts/type1/public/amsfonts/cm/c
mr17.pfb></share/home/jsibert/share/texmf-dist/fonts/type1/public/amsfonts/cm/c
mr5.pfb></share/home/jsibert/share/texmf-dist/fonts/type1/public/amsfonts/cm/cm
r6.pfb></share/home/jsibert/share/texmf-dist/fonts/type1/public/amsfonts/cm/cmr
8.pfb></share/home/jsibert/share/texmf-dist/fonts/type1/public/amsfonts/cm/cmr9
.pfb></share/home/jsibert/share/texmf-dist/fonts/type1/public/amsfonts/cm/cmsy1
0.pfb></share/home/jsibert/share/texmf-dist/fonts/type1/public/amsfonts/cm/cmsy
6.pfb></share/home/jsibert/share/texmf-dist/fonts/type1/public/amsfonts/cm/cmsy
8.pfb></share/home/jsibert/share/texmf-dist/fonts/type1/public/cm-super/sfbx060
0.pfb></share/home/jsibert/share/texmf-dist/fonts/type1/public/cm-super/sfbx120
0.pfb></share/home/jsibert/share/texmf-dist/fonts/type1/public/cm-super/sfbx172
8.pfb></share/home/jsibert/share/texmf-dist/fonts/type1/public/cm-super/sfbx248
8.pfb></share/home/jsibert/share/texmf-dist/fonts/type1/public/cm-super/sfcc120
0.pfb></share/home/jsibert/share/texmf-dist/fonts/type1/public/cm-super/sfit120
0.pfb></share/home/jsibert/share/texmf-dist/fonts/type1/public/cm-super/sfrm060
0.pfb></share/home/jsibert/share/texmf-dist/fonts/type1/public/cm-super/sfrm080
0.pfb></share/home/jsibert/share/texmf-dist/fonts/type1/public/cm-super/sfrm109
5.pfb></share/home/jsibert/share/texmf-dist/fonts/type1/public/cm-super/sfrm120
0.pfb></share/home/jsibert/share/texmf-dist/fonts/type1/public/cm-super/sfrm172
8.pfb></share/home/jsibert/share/texmf-dist/fonts/type1/public/cm-super/sfsi358
3.pfb></share/home/jsibert/share/texmf-dist/fonts/type1/public/cm-super/sfss080
0.pfb></share/home/jsibert/share/texmf-dist/fonts/type1/public/cm-super/sfss172
8.pfb></share/home/jsibert/share/texmf-dist/fonts/type1/public/cm-super/sfti109
5.pfb></share/home/jsibert/share/texmf-dist/fonts/type1/public/cm-super/sfti120
0.pfb></share/home/jsibert/share/texmf-dist/fonts/type1/public/cm-super/sfti144
0.pfb></share/home/jsibert/share/texmf-dist/fonts/type1/public/cm-super/sftt120
0.pfb></share/home/jsibert/share/texmf-dist/fonts/type1/public/cm-super/sftt172
8.pfb></share/home/jsibert/share/texmf-dist/fonts/type1/public/cm-super/sfxc120
0.pfb></share/home/jsibert/share/texmf-dist/fonts/type1/public/cm-super/sfxc172
8.pfb></share/home/jsibert/share/texmf-dist/fonts/type1/public/cm-super/sfxc248
8.pfb>
Output written on autodif.pdf (122 pages, 838919 bytes).
PDF statistics:
 3216 PDF objects out of 3580 (max. 8388607)
 3022 compressed objects within 31 object streams
 2193 named destinations out of 2487 (max. 500000)
 6 words of extra memory for PDF output out of 10000 (max. 10000000)

