sending incremental file list
created directory threaded2
cd+++++++++ admb-apr26-13/
>f+++++++++ admb-apr26-13/LICENSE.txt
>f+++++++++ admb-apr26-13/NEWS.txt
>f+++++++++ admb-apr26-13/README.txt
>f+++++++++ admb-apr26-13/VERSION
>f+++++++++ admb-apr26-13/admb_configure.h
>f+++++++++ admb-apr26-13/fvar_m15.cpp
>f+++++++++ admb-apr26-13/nt.zip
>f+++++++++ admb-apr26-13/ts.zip
cd+++++++++ admb-apr26-13/contrib/
>f+++++++++ admb-apr26-13/contrib/contrib.h
cd+++++++++ admb-apr26-13/contrib/ad2csv/
>f+++++++++ admb-apr26-13/contrib/ad2csv/ad2csv.cpp
cd+++++++++ admb-apr26-13/contrib/ecolib/
>f+++++++++ admb-apr26-13/contrib/ecolib/Gompertz.cpp
>f+++++++++ admb-apr26-13/contrib/ecolib/Hassell.cpp
>f+++++++++ admb-apr26-13/contrib/ecolib/Hill.cpp
>f+++++++++ admb-apr26-13/contrib/ecolib/HollingII.cpp
>f+++++++++ admb-apr26-13/contrib/ecolib/HollingIII.cpp
>f+++++++++ admb-apr26-13/contrib/ecolib/HollingIV.cpp
>f+++++++++ admb-apr26-13/contrib/ecolib/Michaelis_Menten1.cpp
>f+++++++++ admb-apr26-13/contrib/ecolib/Michaelis_Menten2.cpp
>f+++++++++ admb-apr26-13/contrib/ecolib/Ricker.cpp
>f+++++++++ admb-apr26-13/contrib/ecolib/Shepherd.cpp
>f+++++++++ admb-apr26-13/contrib/ecolib/ecolib.h
>f+++++++++ admb-apr26-13/contrib/ecolib/generalized_Ricker1.cpp
>f+++++++++ admb-apr26-13/contrib/ecolib/generalized_Ricker2.cpp
>f+++++++++ admb-apr26-13/contrib/ecolib/logistic.cpp
>f+++++++++ admb-apr26-13/contrib/ecolib/logistic3.cpp
>f+++++++++ admb-apr26-13/contrib/ecolib/logisticK.cpp
>f+++++++++ admb-apr26-13/contrib/ecolib/monomolecular.cpp
>f+++++++++ admb-apr26-13/contrib/ecolib/nonrectangular_hyperbola.cpp
>f+++++++++ admb-apr26-13/contrib/ecolib/objects.lst
>f+++++++++ admb-apr26-13/contrib/ecolib/pow_vectorized_RE.cpp
>f+++++++++ admb-apr26-13/contrib/ecolib/theta_logistic.cpp
cd+++++++++ admb-apr26-13/contrib/ecolib/templates/
>f+++++++++ admb-apr26-13/contrib/ecolib/templates/ecology_replacements.sh
>f+++++++++ admb-apr26-13/contrib/ecolib/templates/template1var.cpp
>f+++++++++ admb-apr26-13/contrib/ecolib/templates/template2var.cpp
>f+++++++++ admb-apr26-13/contrib/ecolib/templates/template3var.cpp
cd+++++++++ admb-apr26-13/contrib/qfclib/
>f+++++++++ admb-apr26-13/contrib/qfclib/objects.lst
>f+++++++++ admb-apr26-13/contrib/qfclib/qfc_est.cpp
>f+++++++++ admb-apr26-13/contrib/qfclib/qfc_sim.cpp
>f+++++++++ admb-apr26-13/contrib/qfclib/qfclib.h
cd+++++++++ admb-apr26-13/contrib/statslib/
>f+++++++++ admb-apr26-13/contrib/statslib/alk.cpp
>f+++++++++ admb-apr26-13/contrib/statslib/baranov.cpp
>f+++++++++ admb-apr26-13/contrib/statslib/dbeta.cpp
>f+++++++++ admb-apr26-13/contrib/statslib/dbinom.cpp
>f+++++++++ admb-apr26-13/contrib/statslib/dgamma.cpp
>f+++++++++ admb-apr26-13/contrib/statslib/dinvgamma.cpp
>f+++++++++ admb-apr26-13/contrib/statslib/dlnorm.cpp
>f+++++++++ admb-apr26-13/contrib/statslib/dmultinom.cpp
>f+++++++++ admb-apr26-13/contrib/statslib/dmvlogistic.cpp
>f+++++++++ admb-apr26-13/contrib/statslib/dnbinom.cpp
>f+++++++++ admb-apr26-13/contrib/statslib/dnorm.cpp
>f+++++++++ admb-apr26-13/contrib/statslib/dpois.cpp
>f+++++++++ admb-apr26-13/contrib/statslib/dunif.cpp
>f+++++++++ admb-apr26-13/contrib/statslib/dzinbinom.cpp
>f+++++++++ admb-apr26-13/contrib/statslib/eplogis.cpp
>f+++++++++ admb-apr26-13/contrib/statslib/fill.cpp
>f+++++++++ admb-apr26-13/contrib/statslib/logistic.cpp
>f+++++++++ admb-apr26-13/contrib/statslib/multifan.cpp
>f+++++++++ admb-apr26-13/contrib/statslib/objects.lst
>f+++++++++ admb-apr26-13/contrib/statslib/pearsonresiduals.cpp
>f+++++++++ admb-apr26-13/contrib/statslib/rmvlogistic.cpp
>f+++++++++ admb-apr26-13/contrib/statslib/statsLib.h
>f+++++++++ admb-apr26-13/contrib/statslib/vcubicspline.cpp
cd+++++++++ admb-apr26-13/docs/
cd+++++++++ admb-apr26-13/docs/api/
>f+++++++++ admb-apr26-13/docs/api/getID.sh
cd+++++++++ admb-apr26-13/docs/manuals/
cd+++++++++ admb-apr26-13/docs/manuals/autodif/
>f+++++++++ admb-apr26-13/docs/manuals/autodif/fcomp_m.cpp
>f+++++++++ admb-apr26-13/docs/manuals/autodif/fcomp_r.cpp
>f+++++++++ admb-apr26-13/docs/manuals/autodif/fcomp_s.cpp
>f+++++++++ admb-apr26-13/docs/manuals/autodif/hem_func.cpp
>f+++++++++ admb-apr26-13/docs/manuals/autodif/hemholtz.cpp
>f+++++++++ admb-apr26-13/docs/manuals/autodif/io_examp.cpp
>f+++++++++ admb-apr26-13/docs/manuals/autodif/like.cpp
>f+++++++++ admb-apr26-13/docs/manuals/autodif/minimize.cpp
>f+++++++++ admb-apr26-13/docs/manuals/autodif/mixture.cpp
>f+++++++++ admb-apr26-13/docs/manuals/autodif/newreg2.cpp
>f+++++++++ admb-apr26-13/docs/manuals/autodif/newt.cpp
>f+++++++++ admb-apr26-13/docs/manuals/autodif/normaliz.cpp
>f+++++++++ admb-apr26-13/docs/manuals/autodif/nvarcal.cpp
>f+++++++++ admb-apr26-13/docs/manuals/autodif/reset.cpp
>f+++++++++ admb-apr26-13/docs/manuals/autodif/robust.cpp
>f+++++++++ admb-apr26-13/docs/manuals/autodif/savepar.cpp
>f+++++++++ admb-apr26-13/docs/manuals/autodif/simple.cpp
>f+++++++++ admb-apr26-13/docs/manuals/autodif/userfun.cpp
>f+++++++++ admb-apr26-13/docs/manuals/autodif/xinit.cpp
cd+++++++++ admb-apr26-13/examples/
>f+++++++++ admb-apr26-13/examples/threaded_tag3.cpp
cd+++++++++ admb-apr26-13/examples/admb-re/
cd+++++++++ admb-apr26-13/examples/admb-re/nested4/
>f+++++++++ admb-apr26-13/examples/admb-re/nested4/nested4.cpp
cd+++++++++ admb-apr26-13/examples/admb-re/priors_test/
>f+++++++++ admb-apr26-13/examples/admb-re/priors_test/priors.cpp
cd+++++++++ admb-apr26-13/examples/admb-re/spatial/
>f+++++++++ admb-apr26-13/examples/admb-re/spatial/dbgprint.cpp
>f+++++++++ admb-apr26-13/examples/admb-re/spatial/df1b2fun.h
>f+++++++++ admb-apr26-13/examples/admb-re/spatial/df1b2lap.cpp
>f+++++++++ admb-apr26-13/examples/admb-re/spatial/df1b2lp6.cpp
>f+++++++++ admb-apr26-13/examples/admb-re/spatial/la.cpp
>f+++++++++ admb-apr26-13/examples/admb-re/spatial/quadpri.cpp
>f+++++++++ admb-apr26-13/examples/admb-re/spatial/spatial.cpp
cd+++++++++ admb-apr26-13/examples/admb-re/spatial/sub/
>f+++++++++ admb-apr26-13/examples/admb-re/spatial/sub/df1b2lap.cpp
cd+++++++++ admb-apr26-13/examples/admb-re/spatial/sub2/
>f+++++++++ admb-apr26-13/examples/admb-re/spatial/sub2/bcb.cpp
>f+++++++++ admb-apr26-13/examples/admb-re/spatial/sub2/dbgprint.cpp
>f+++++++++ admb-apr26-13/examples/admb-re/spatial/sub2/df1b2lap.cpp
>f+++++++++ admb-apr26-13/examples/admb-re/spatial/sub2/df1b2lp6.cpp
>f+++++++++ admb-apr26-13/examples/admb-re/spatial/sub2/kidney.cpp
>f+++++++++ admb-apr26-13/examples/admb-re/spatial/sub2/orange2.cpp
>f+++++++++ admb-apr26-13/examples/admb-re/spatial/sub2/quadpri.cpp
>f+++++++++ admb-apr26-13/examples/admb-re/spatial/sub2/small.cpp
>f+++++++++ admb-apr26-13/examples/admb-re/spatial/sub2/spatial.cpp
cd+++++++++ admb-apr26-13/examples/admb-re/spatial/sub2/sub/
>f+++++++++ admb-apr26-13/examples/admb-re/spatial/sub2/sub/dbgprint.cpp
>f+++++++++ admb-apr26-13/examples/admb-re/spatial/sub2/sub/df1b2lap.cpp
>f+++++++++ admb-apr26-13/examples/admb-re/spatial/sub2/sub/df1b2lp6.cpp
>f+++++++++ admb-apr26-13/examples/admb-re/spatial/sub2/sub/quadpri.cpp
>f+++++++++ admb-apr26-13/examples/admb-re/spatial/sub2/sub/spatial.cpp
cd+++++++++ admb-apr26-13/examples/admb/
cd+++++++++ admb-apr26-13/examples/admb/newertpl/
>f+++++++++ admb-apr26-13/examples/admb/newertpl/Makefile
>f+++++++++ admb-apr26-13/examples/admb/newertpl/admodel.cov
>f+++++++++ admb-apr26-13/examples/admb/newertpl/admodel.dep
>f+++++++++ admb-apr26-13/examples/admb/newertpl/admodel.hes
>f+++++++++ admb-apr26-13/examples/admb/newertpl/adthread.h
>f+++++++++ admb-apr26-13/examples/admb/newertpl/derivatives
>f+++++++++ admb-apr26-13/examples/admb/newertpl/ders.dat
>f+++++++++ admb-apr26-13/examples/admb/newertpl/eigv.rpt
>f+++++++++ admb-apr26-13/examples/admb/newertpl/fmin.log
>f+++++++++ admb-apr26-13/examples/admb/newertpl/log_master
>f+++++++++ admb-apr26-13/examples/admb/newertpl/log_slave_1
>f+++++++++ admb-apr26-13/examples/admb/newertpl/log_slave_2
>f+++++++++ admb-apr26-13/examples/admb/newertpl/newertpl
>f+++++++++ admb-apr26-13/examples/admb/newertpl/newertpl-valgrind-9May.out
>f+++++++++ admb-apr26-13/examples/admb/newertpl/newertpl-valgrind-std.out
>f+++++++++ admb-apr26-13/examples/admb/newertpl/newertpl-valgrind.out
>f+++++++++ admb-apr26-13/examples/admb/newertpl/newertpl.bar
>f+++++++++ admb-apr26-13/examples/admb/newertpl/newertpl.cor
>f+++++++++ admb-apr26-13/examples/admb/newertpl/newertpl.cpp
>f+++++++++ admb-apr26-13/examples/admb/newertpl/newertpl.eva
>f+++++++++ admb-apr26-13/examples/admb/newertpl/newertpl.htp
>f+++++++++ admb-apr26-13/examples/admb/newertpl/newertpl.log
>f+++++++++ admb-apr26-13/examples/admb/newertpl/newertpl.mak
>f+++++++++ admb-apr26-13/examples/admb/newertpl/newertpl.o
>f+++++++++ admb-apr26-13/examples/admb/newertpl/newertpl.par
>f+++++++++ admb-apr26-13/examples/admb/newertpl/newertpl.std
>f+++++++++ admb-apr26-13/examples/admb/newertpl/newertpl.tpl
>f+++++++++ admb-apr26-13/examples/admb/newertpl/newertpl.zip
>f+++++++++ admb-apr26-13/examples/admb/newertpl/thread_stuff.cpp
>f+++++++++ admb-apr26-13/examples/admb/newertpl/thread_stuff.o
>f+++++++++ admb-apr26-13/examples/admb/newertpl/thread_stuff2.cpp
>f+++++++++ admb-apr26-13/examples/admb/newertpl/thread_stuff2.o
>f+++++++++ admb-apr26-13/examples/admb/newertpl/thread_stuff3.cpp
>f+++++++++ admb-apr26-13/examples/admb/newertpl/thread_stuff3.o
>f+++++++++ admb-apr26-13/examples/admb/newertpl/thread_stuff4.cpp
>f+++++++++ admb-apr26-13/examples/admb/newertpl/thread_stuff4.o
>f+++++++++ admb-apr26-13/examples/admb/newertpl/thread_stuff5.cpp
>f+++++++++ admb-apr26-13/examples/admb/newertpl/thread_stuff5.o
>f+++++++++ admb-apr26-13/examples/admb/newertpl/thread_stuff6.cpp
>f+++++++++ admb-apr26-13/examples/admb/newertpl/thread_stuff6.o
>f+++++++++ admb-apr26-13/examples/admb/newertpl/thread_stuff7.cpp
>f+++++++++ admb-apr26-13/examples/admb/newertpl/thread_stuff7.o
>f+++++++++ admb-apr26-13/examples/admb/newertpl/thread_stuff8.cpp
>f+++++++++ admb-apr26-13/examples/admb/newertpl/thread_stuff8.o
>f+++++++++ admb-apr26-13/examples/admb/newertpl/variance
>f+++++++++ admb-apr26-13/examples/admb/newertpl/xthread_stuff.cpp
>f+++++++++ admb-apr26-13/examples/admb/newertpl/xthread_stuff.o
>f+++++++++ admb-apr26-13/examples/admb/newertpl/ythread_stuff.cpp
>f+++++++++ admb-apr26-13/examples/admb/newertpl/ythread_stuff.o
cd+++++++++ admb-apr26-13/examples/admb/newertpl_from_zip/
>f+++++++++ admb-apr26-13/examples/admb/newertpl_from_zip/.newertpl.tpl.swp
>f+++++++++ admb-apr26-13/examples/admb/newertpl_from_zip/admodel.dep
>f+++++++++ admb-apr26-13/examples/admb/newertpl_from_zip/admodel.hes
>f+++++++++ admb-apr26-13/examples/admb/newertpl_from_zip/adthread.h
>f+++++++++ admb-apr26-13/examples/admb/newertpl_from_zip/derivatives
>f+++++++++ admb-apr26-13/examples/admb/newertpl_from_zip/ders.dat
>f+++++++++ admb-apr26-13/examples/admb/newertpl_from_zip/eigv.rpt
>f+++++++++ admb-apr26-13/examples/admb/newertpl_from_zip/fmin.log
>f+++++++++ admb-apr26-13/examples/admb/newertpl_from_zip/log_master
>f+++++++++ admb-apr26-13/examples/admb/newertpl_from_zip/log_slave_1
>f+++++++++ admb-apr26-13/examples/admb/newertpl_from_zip/log_slave_2
>f+++++++++ admb-apr26-13/examples/admb/newertpl_from_zip/newertpl
>f+++++++++ admb-apr26-13/examples/admb/newertpl_from_zip/newertpl.bar
>f+++++++++ admb-apr26-13/examples/admb/newertpl_from_zip/newertpl.cpp
>f+++++++++ admb-apr26-13/examples/admb/newertpl_from_zip/newertpl.eva
>f+++++++++ admb-apr26-13/examples/admb/newertpl_from_zip/newertpl.htp
>f+++++++++ admb-apr26-13/examples/admb/newertpl_from_zip/newertpl.l64
>f+++++++++ admb-apr26-13/examples/admb/newertpl_from_zip/newertpl.log
>f+++++++++ admb-apr26-13/examples/admb/newertpl_from_zip/newertpl.mak
>f+++++++++ admb-apr26-13/examples/admb/newertpl_from_zip/newertpl.par
>f+++++++++ admb-apr26-13/examples/admb/newertpl_from_zip/newertpl.tpl
>f+++++++++ admb-apr26-13/examples/admb/newertpl_from_zip/thread_stuff.cpp
>f+++++++++ admb-apr26-13/examples/admb/newertpl_from_zip/thread_stuff.l64
>f+++++++++ admb-apr26-13/examples/admb/newertpl_from_zip/thread_stuff2.cpp
>f+++++++++ admb-apr26-13/examples/admb/newertpl_from_zip/thread_stuff2.l64
>f+++++++++ admb-apr26-13/examples/admb/newertpl_from_zip/thread_stuff3.cpp
>f+++++++++ admb-apr26-13/examples/admb/newertpl_from_zip/thread_stuff3.l64
>f+++++++++ admb-apr26-13/examples/admb/newertpl_from_zip/thread_stuff4.cpp
>f+++++++++ admb-apr26-13/examples/admb/newertpl_from_zip/thread_stuff4.l64
>f+++++++++ admb-apr26-13/examples/admb/newertpl_from_zip/thread_stuff5.cpp
>f+++++++++ admb-apr26-13/examples/admb/newertpl_from_zip/thread_stuff5.l64
>f+++++++++ admb-apr26-13/examples/admb/newertpl_from_zip/thread_stuff6.cpp
>f+++++++++ admb-apr26-13/examples/admb/newertpl_from_zip/thread_stuff6.l64
>f+++++++++ admb-apr26-13/examples/admb/newertpl_from_zip/thread_stuff7.cpp
>f+++++++++ admb-apr26-13/examples/admb/newertpl_from_zip/thread_stuff7.l64
>f+++++++++ admb-apr26-13/examples/admb/newertpl_from_zip/thread_stuff8.cpp
>f+++++++++ admb-apr26-13/examples/admb/newertpl_from_zip/thread_stuff8.l64
>f+++++++++ admb-apr26-13/examples/admb/newertpl_from_zip/variance
>f+++++++++ admb-apr26-13/examples/admb/newertpl_from_zip/xthread_stuff.cpp
>f+++++++++ admb-apr26-13/examples/admb/newertpl_from_zip/xthread_stuff.l64
>f+++++++++ admb-apr26-13/examples/admb/newertpl_from_zip/ythread_stuff.cpp
>f+++++++++ admb-apr26-13/examples/admb/newertpl_from_zip/ythread_stuff.l64
cd+++++++++ admb-apr26-13/examples/autodif/
cd+++++++++ admb-apr26-13/examples/autodif/bigmin/
>f+++++++++ admb-apr26-13/examples/autodif/bigmin/bigmin.cpp
cd+++++++++ admb-apr26-13/examples/autodif/hemholtz/
>f+++++++++ admb-apr26-13/examples/autodif/hemholtz/hem_func.cpp
>f+++++++++ admb-apr26-13/examples/autodif/hemholtz/hemholtz.cpp
cd+++++++++ admb-apr26-13/examples/autodif/io_examp/
>f+++++++++ admb-apr26-13/examples/autodif/io_examp/io_examp.cpp
cd+++++++++ admb-apr26-13/examples/autodif/minimize/
>f+++++++++ admb-apr26-13/examples/autodif/minimize/minimize.cpp
>f+++++++++ admb-apr26-13/examples/autodif/minimize/t.cpp
>f+++++++++ admb-apr26-13/examples/autodif/minimize/userfun.cpp
cd+++++++++ admb-apr26-13/examples/autodif/mixture/
>f+++++++++ admb-apr26-13/examples/autodif/mixture/fcomp_m.cpp
>f+++++++++ admb-apr26-13/examples/autodif/mixture/like.cpp
>f+++++++++ admb-apr26-13/examples/autodif/mixture/mixture.cpp
>f+++++++++ admb-apr26-13/examples/autodif/mixture/mixture.h
>f+++++++++ admb-apr26-13/examples/autodif/mixture/normaliz.cpp
>f+++++++++ admb-apr26-13/examples/autodif/mixture/normsim.cpp
>f+++++++++ admb-apr26-13/examples/autodif/mixture/nvarcal.cpp
>f+++++++++ admb-apr26-13/examples/autodif/mixture/reset.cpp
>f+++++++++ admb-apr26-13/examples/autodif/mixture/savepar.cpp
>f+++++++++ admb-apr26-13/examples/autodif/mixture/xinit.cpp
cd+++++++++ admb-apr26-13/examples/autodif/newt/
>f+++++++++ admb-apr26-13/examples/autodif/newt/newt.cpp
cd+++++++++ admb-apr26-13/examples/autodif/robexamp/
>f+++++++++ admb-apr26-13/examples/autodif/robexamp/ch_rob.cpp
>f+++++++++ admb-apr26-13/examples/autodif/robexamp/fcomp_r.cpp
>f+++++++++ admb-apr26-13/examples/autodif/robexamp/newreg2.cpp
>f+++++++++ admb-apr26-13/examples/autodif/robexamp/ranfill.cpp
>f+++++++++ admb-apr26-13/examples/autodif/robexamp/rob_reg.cpp
>f+++++++++ admb-apr26-13/examples/autodif/robexamp/robsim.cpp
>f+++++++++ admb-apr26-13/examples/autodif/robexamp/robust.cpp
>f+++++++++ admb-apr26-13/examples/autodif/robexamp/runsims.cpp
>f+++++++++ admb-apr26-13/examples/autodif/robexamp/update.cpp
cd+++++++++ admb-apr26-13/examples/autodif/simple/
>f+++++++++ admb-apr26-13/examples/autodif/simple/fcomp_s.cpp
>f+++++++++ admb-apr26-13/examples/autodif/simple/s1.cpp
>f+++++++++ admb-apr26-13/examples/autodif/simple/simp1.cpp
>f+++++++++ admb-apr26-13/examples/autodif/simple/simple.cpp
>f+++++++++ admb-apr26-13/examples/autodif/simple/ss.cpp
cd+++++++++ admb-apr26-13/examples/autodif/struct/
>f+++++++++ admb-apr26-13/examples/autodif/struct/oldstr.cpp
>f+++++++++ admb-apr26-13/examples/autodif/struct/struct.cpp
cd+++++++++ admb-apr26-13/nt/
>f+++++++++ admb-apr26-13/nt/newertpl.cpp
>f+++++++++ admb-apr26-13/nt/newertpl.htp
>f+++++++++ admb-apr26-13/nt/newertpl.mak
>f+++++++++ admb-apr26-13/nt/newertpl.tpl
cd+++++++++ admb-apr26-13/scripts/
>f+++++++++ admb-apr26-13/scripts/create-admb-shortcut.vbs
>f+++++++++ admb-apr26-13/scripts/get-outputs.bat
>f+++++++++ admb-apr26-13/scripts/get-outputs.sh
>f+++++++++ admb-apr26-13/scripts/getVersionInfo.sh
>f+++++++++ admb-apr26-13/scripts/vc.bat
>f+++++++++ admb-apr26-13/scripts/vimsyntax.sh
cd+++++++++ admb-apr26-13/scripts/.svn/
>f+++++++++ admb-apr26-13/scripts/.svn/entries
cd+++++++++ admb-apr26-13/scripts/.svn/prop-base/
>f+++++++++ admb-apr26-13/scripts/.svn/prop-base/create-admb-shortcut.vbs.svn-base
>f+++++++++ admb-apr26-13/scripts/.svn/prop-base/get-outputs.bat.svn-base
>f+++++++++ admb-apr26-13/scripts/.svn/prop-base/get-outputs.sh.svn-base
>f+++++++++ admb-apr26-13/scripts/.svn/prop-base/getVersionInfo.sh.svn-base
>f+++++++++ admb-apr26-13/scripts/.svn/prop-base/vimsyntax.sh.svn-base
cd+++++++++ admb-apr26-13/scripts/.svn/props/
cd+++++++++ admb-apr26-13/scripts/.svn/text-base/
>f+++++++++ admb-apr26-13/scripts/.svn/text-base/create-admb-shortcut.vbs.svn-base
>f+++++++++ admb-apr26-13/scripts/.svn/text-base/get-outputs.bat.svn-base
>f+++++++++ admb-apr26-13/scripts/.svn/text-base/get-outputs.sh.svn-base
>f+++++++++ admb-apr26-13/scripts/.svn/text-base/getVersionInfo.sh.svn-base
>f+++++++++ admb-apr26-13/scripts/.svn/text-base/vc.bat.svn-base
>f+++++++++ admb-apr26-13/scripts/.svn/text-base/vimsyntax.sh.svn-base
cd+++++++++ admb-apr26-13/scripts/.svn/tmp/
cd+++++++++ admb-apr26-13/scripts/.svn/tmp/prop-base/
cd+++++++++ admb-apr26-13/scripts/.svn/tmp/props/
cd+++++++++ admb-apr26-13/scripts/.svn/tmp/text-base/
cd+++++++++ admb-apr26-13/scripts/admb/
>f+++++++++ admb-apr26-13/scripts/admb/adcomp
>f+++++++++ admb-apr26-13/scripts/admb/adcomp.bat
>f+++++++++ admb-apr26-13/scripts/admb/adlink
>f+++++++++ admb-apr26-13/scripts/admb/adlink.bat
>f+++++++++ admb-apr26-13/scripts/admb/admb
>f+++++++++ admb-apr26-13/scripts/admb/admb-bin
>f+++++++++ admb-apr26-13/scripts/admb/admb-bin.in
>f+++++++++ admb-apr26-13/scripts/admb/admb.bat
cd+++++++++ admb-apr26-13/scripts/admb/.svn/
>f+++++++++ admb-apr26-13/scripts/admb/.svn/entries
cd+++++++++ admb-apr26-13/scripts/admb/.svn/prop-base/
>f+++++++++ admb-apr26-13/scripts/admb/.svn/prop-base/adcomp.bat.svn-base
>f+++++++++ admb-apr26-13/scripts/admb/.svn/prop-base/adcomp.svn-base
>f+++++++++ admb-apr26-13/scripts/admb/.svn/prop-base/adlink.bat.svn-base
>f+++++++++ admb-apr26-13/scripts/admb/.svn/prop-base/adlink.svn-base
>f+++++++++ admb-apr26-13/scripts/admb/.svn/prop-base/admb.bat.svn-base
>f+++++++++ admb-apr26-13/scripts/admb/.svn/prop-base/admb.svn-base
cd+++++++++ admb-apr26-13/scripts/admb/.svn/props/
cd+++++++++ admb-apr26-13/scripts/admb/.svn/text-base/
>f+++++++++ admb-apr26-13/scripts/admb/.svn/text-base/adcomp.bat.svn-base
>f+++++++++ admb-apr26-13/scripts/admb/.svn/text-base/adcomp.svn-base
>f+++++++++ admb-apr26-13/scripts/admb/.svn/text-base/adlink.bat.svn-base
>f+++++++++ admb-apr26-13/scripts/admb/.svn/text-base/adlink.svn-base
>f+++++++++ admb-apr26-13/scripts/admb/.svn/text-base/admb-bin.in.svn-base
>f+++++++++ admb-apr26-13/scripts/admb/.svn/text-base/admb.bat.svn-base
>f+++++++++ admb-apr26-13/scripts/admb/.svn/text-base/admb.svn-base
cd+++++++++ admb-apr26-13/scripts/admb/.svn/tmp/
cd+++++++++ admb-apr26-13/scripts/admb/.svn/tmp/prop-base/
cd+++++++++ admb-apr26-13/scripts/admb/.svn/tmp/props/
cd+++++++++ admb-apr26-13/scripts/admb/.svn/tmp/text-base/
cd+++++++++ admb-apr26-13/scripts/bcc32/
>f+++++++++ admb-apr26-13/scripts/bcc32/adcomp.bat
>f+++++++++ admb-apr26-13/scripts/bcc32/adlink.bat
>f+++++++++ admb-apr26-13/scripts/bcc32/set-admb-bcc551.bat
cd+++++++++ admb-apr26-13/scripts/bcc32/.svn/
>f+++++++++ admb-apr26-13/scripts/bcc32/.svn/entries
cd+++++++++ admb-apr26-13/scripts/bcc32/.svn/prop-base/
>f+++++++++ admb-apr26-13/scripts/bcc32/.svn/prop-base/adcomp.bat.svn-base
>f+++++++++ admb-apr26-13/scripts/bcc32/.svn/prop-base/adlink.bat.svn-base
cd+++++++++ admb-apr26-13/scripts/bcc32/.svn/props/
cd+++++++++ admb-apr26-13/scripts/bcc32/.svn/text-base/
>f+++++++++ admb-apr26-13/scripts/bcc32/.svn/text-base/adcomp.bat.svn-base
>f+++++++++ admb-apr26-13/scripts/bcc32/.svn/text-base/adlink.bat.svn-base
>f+++++++++ admb-apr26-13/scripts/bcc32/.svn/text-base/set-admb-bcc551.bat.svn-base
cd+++++++++ admb-apr26-13/scripts/bcc32/.svn/tmp/
cd+++++++++ admb-apr26-13/scripts/bcc32/.svn/tmp/prop-base/
cd+++++++++ admb-apr26-13/scripts/bcc32/.svn/tmp/props/
cd+++++++++ admb-apr26-13/scripts/bcc32/.svn/tmp/text-base/
cd+++++++++ admb-apr26-13/scripts/cl/
>f+++++++++ admb-apr26-13/scripts/cl/adcomp.bat
>f+++++++++ admb-apr26-13/scripts/cl/adlink.bat
>f+++++++++ admb-apr26-13/scripts/cl/set-admb-vc10-64bit.bat
>f+++++++++ admb-apr26-13/scripts/cl/set-admb-vc10.bat
>f+++++++++ admb-apr26-13/scripts/cl/set-admb-vc7.bat
>f+++++++++ admb-apr26-13/scripts/cl/set-admb-vc8.bat
>f+++++++++ admb-apr26-13/scripts/cl/set-admb-vc9-64bit.bat
>f+++++++++ admb-apr26-13/scripts/cl/set-admb-vc9.bat
cd+++++++++ admb-apr26-13/scripts/cl/.svn/
>f+++++++++ admb-apr26-13/scripts/cl/.svn/entries
cd+++++++++ admb-apr26-13/scripts/cl/.svn/prop-base/
>f+++++++++ admb-apr26-13/scripts/cl/.svn/prop-base/adcomp.bat.svn-base
>f+++++++++ admb-apr26-13/scripts/cl/.svn/prop-base/adlink.bat.svn-base
cd+++++++++ admb-apr26-13/scripts/cl/.svn/props/
cd+++++++++ admb-apr26-13/scripts/cl/.svn/text-base/
>f+++++++++ admb-apr26-13/scripts/cl/.svn/text-base/adcomp.bat.svn-base
>f+++++++++ admb-apr26-13/scripts/cl/.svn/text-base/adlink.bat.svn-base
>f+++++++++ admb-apr26-13/scripts/cl/.svn/text-base/set-admb-vc10-64bit.bat.svn-base
>f+++++++++ admb-apr26-13/scripts/cl/.svn/text-base/set-admb-vc10.bat.svn-base
>f+++++++++ admb-apr26-13/scripts/cl/.svn/text-base/set-admb-vc7.bat.svn-base
>f+++++++++ admb-apr26-13/scripts/cl/.svn/text-base/set-admb-vc8.bat.svn-base
>f+++++++++ admb-apr26-13/scripts/cl/.svn/text-base/set-admb-vc9-64bit.bat.svn-base
>f+++++++++ admb-apr26-13/scripts/cl/.svn/text-base/set-admb-vc9.bat.svn-base
cd+++++++++ admb-apr26-13/scripts/cl/.svn/tmp/
cd+++++++++ admb-apr26-13/scripts/cl/.svn/tmp/prop-base/
cd+++++++++ admb-apr26-13/scripts/cl/.svn/tmp/props/
cd+++++++++ admb-apr26-13/scripts/cl/.svn/tmp/text-base/
cd+++++++++ admb-apr26-13/scripts/configure/
>f+++++++++ admb-apr26-13/scripts/configure/GNUmakefile.in
>f+++++++++ admb-apr26-13/scripts/configure/Makefile
>f+++++++++ admb-apr26-13/scripts/configure/admb_configure.h.in
>f+++++++++ admb-apr26-13/scripts/configure/configure.ac
cd+++++++++ admb-apr26-13/scripts/configure/.svn/
>f+++++++++ admb-apr26-13/scripts/configure/.svn/entries
cd+++++++++ admb-apr26-13/scripts/configure/.svn/prop-base/
>f+++++++++ admb-apr26-13/scripts/configure/.svn/prop-base/GNUmakefile.in.svn-base
cd+++++++++ admb-apr26-13/scripts/configure/.svn/props/
cd+++++++++ admb-apr26-13/scripts/configure/.svn/text-base/
>f+++++++++ admb-apr26-13/scripts/configure/.svn/text-base/GNUmakefile.in.svn-base
>f+++++++++ admb-apr26-13/scripts/configure/.svn/text-base/Makefile.svn-base
>f+++++++++ admb-apr26-13/scripts/configure/.svn/text-base/admb_configure.h.in.svn-base
>f+++++++++ admb-apr26-13/scripts/configure/.svn/text-base/configure.ac.svn-base
cd+++++++++ admb-apr26-13/scripts/configure/.svn/tmp/
cd+++++++++ admb-apr26-13/scripts/configure/.svn/tmp/prop-base/
cd+++++++++ admb-apr26-13/scripts/configure/.svn/tmp/props/
cd+++++++++ admb-apr26-13/scripts/configure/.svn/tmp/text-base/
cd+++++++++ admb-apr26-13/scripts/configure/autom4te.cache/
>f+++++++++ admb-apr26-13/scripts/configure/autom4te.cache/output.0
>f+++++++++ admb-apr26-13/scripts/configure/autom4te.cache/requests
>f+++++++++ admb-apr26-13/scripts/configure/autom4te.cache/traces.0
cd+++++++++ admb-apr26-13/scripts/g++/
>f+++++++++ admb-apr26-13/scripts/g++/Makefile
cd+++++++++ admb-apr26-13/scripts/installers/
cd+++++++++ admb-apr26-13/scripts/installers/.svn/
>f+++++++++ admb-apr26-13/scripts/installers/.svn/entries
cd+++++++++ admb-apr26-13/scripts/installers/.svn/prop-base/
cd+++++++++ admb-apr26-13/scripts/installers/.svn/props/
cd+++++++++ admb-apr26-13/scripts/installers/.svn/text-base/
cd+++++++++ admb-apr26-13/scripts/installers/.svn/tmp/
cd+++++++++ admb-apr26-13/scripts/installers/.svn/tmp/prop-base/
cd+++++++++ admb-apr26-13/scripts/installers/.svn/tmp/props/
cd+++++++++ admb-apr26-13/scripts/installers/.svn/tmp/text-base/
cd+++++++++ admb-apr26-13/scripts/installers/innosetup/
>f+++++++++ admb-apr26-13/scripts/installers/innosetup/bcc55.iss
>f+++++++++ admb-apr26-13/scripts/installers/innosetup/mingw.iss
>f+++++++++ admb-apr26-13/scripts/installers/innosetup/mingw.iss.in
>f+++++++++ admb-apr26-13/scripts/installers/innosetup/vc10-32bit.iss
>f+++++++++ admb-apr26-13/scripts/installers/innosetup/vc10-64bit.iss
cd+++++++++ admb-apr26-13/scripts/installers/innosetup/.svn/
>f+++++++++ admb-apr26-13/scripts/installers/innosetup/.svn/entries
cd+++++++++ admb-apr26-13/scripts/installers/innosetup/.svn/prop-base/
>f+++++++++ admb-apr26-13/scripts/installers/innosetup/.svn/prop-base/bcc55.iss.svn-base
>f+++++++++ admb-apr26-13/scripts/installers/innosetup/.svn/prop-base/mingw.iss.in.svn-base
>f+++++++++ admb-apr26-13/scripts/installers/innosetup/.svn/prop-base/mingw.iss.svn-base
>f+++++++++ admb-apr26-13/scripts/installers/innosetup/.svn/prop-base/vc10-32bit.iss.svn-base
>f+++++++++ admb-apr26-13/scripts/installers/innosetup/.svn/prop-base/vc10-64bit.iss.svn-base
cd+++++++++ admb-apr26-13/scripts/installers/innosetup/.svn/props/
cd+++++++++ admb-apr26-13/scripts/installers/innosetup/.svn/text-base/
>f+++++++++ admb-apr26-13/scripts/installers/innosetup/.svn/text-base/bcc55.iss.svn-base
>f+++++++++ admb-apr26-13/scripts/installers/innosetup/.svn/text-base/mingw.iss.in.svn-base
>f+++++++++ admb-apr26-13/scripts/installers/innosetup/.svn/text-base/mingw.iss.svn-base
>f+++++++++ admb-apr26-13/scripts/installers/innosetup/.svn/text-base/vc10-32bit.iss.svn-base
>f+++++++++ admb-apr26-13/scripts/installers/innosetup/.svn/text-base/vc10-64bit.iss.svn-base
cd+++++++++ admb-apr26-13/scripts/installers/innosetup/.svn/tmp/
cd+++++++++ admb-apr26-13/scripts/installers/innosetup/.svn/tmp/prop-base/
cd+++++++++ admb-apr26-13/scripts/installers/innosetup/.svn/tmp/props/
cd+++++++++ admb-apr26-13/scripts/installers/innosetup/.svn/tmp/text-base/
cd+++++++++ admb-apr26-13/scripts/installers/packagemaker/
>f+++++++++ admb-apr26-13/scripts/installers/packagemaker/GNUmakefile.in
cd+++++++++ admb-apr26-13/scripts/installers/packagemaker/.svn/
>f+++++++++ admb-apr26-13/scripts/installers/packagemaker/.svn/entries
cd+++++++++ admb-apr26-13/scripts/installers/packagemaker/.svn/prop-base/
cd+++++++++ admb-apr26-13/scripts/installers/packagemaker/.svn/props/
cd+++++++++ admb-apr26-13/scripts/installers/packagemaker/.svn/text-base/
>f+++++++++ admb-apr26-13/scripts/installers/packagemaker/.svn/text-base/GNUmakefile.in.svn-base
cd+++++++++ admb-apr26-13/scripts/installers/packagemaker/.svn/tmp/
cd+++++++++ admb-apr26-13/scripts/installers/packagemaker/.svn/tmp/prop-base/
cd+++++++++ admb-apr26-13/scripts/installers/packagemaker/.svn/tmp/props/
cd+++++++++ admb-apr26-13/scripts/installers/packagemaker/.svn/tmp/text-base/
cd+++++++++ admb-apr26-13/scripts/installers/packagemaker/ADMB-Terminal.app/
cd+++++++++ admb-apr26-13/scripts/installers/packagemaker/ADMB-Terminal.app/.svn/
>f+++++++++ admb-apr26-13/scripts/installers/packagemaker/ADMB-Terminal.app/.svn/entries
cd+++++++++ admb-apr26-13/scripts/installers/packagemaker/ADMB-Terminal.app/.svn/prop-base/
cd+++++++++ admb-apr26-13/scripts/installers/packagemaker/ADMB-Terminal.app/.svn/props/
cd+++++++++ admb-apr26-13/scripts/installers/packagemaker/ADMB-Terminal.app/.svn/text-base/
cd+++++++++ admb-apr26-13/scripts/installers/packagemaker/ADMB-Terminal.app/.svn/tmp/
cd+++++++++ admb-apr26-13/scripts/installers/packagemaker/ADMB-Terminal.app/.svn/tmp/prop-base/
cd+++++++++ admb-apr26-13/scripts/installers/packagemaker/ADMB-Terminal.app/.svn/tmp/props/
cd+++++++++ admb-apr26-13/scripts/installers/packagemaker/ADMB-Terminal.app/.svn/tmp/text-base/
cd+++++++++ admb-apr26-13/scripts/installers/packagemaker/ADMB-Terminal.app/Contents/
>f+++++++++ admb-apr26-13/scripts/installers/packagemaker/ADMB-Terminal.app/Contents/Info.plist
>f+++++++++ admb-apr26-13/scripts/installers/packagemaker/ADMB-Terminal.app/Contents/PkgInfo
cd+++++++++ admb-apr26-13/scripts/installers/packagemaker/ADMB-Terminal.app/Contents/.svn/
>f+++++++++ admb-apr26-13/scripts/installers/packagemaker/ADMB-Terminal.app/Contents/.svn/entries
cd+++++++++ admb-apr26-13/scripts/installers/packagemaker/ADMB-Terminal.app/Contents/.svn/prop-base/
cd+++++++++ admb-apr26-13/scripts/installers/packagemaker/ADMB-Terminal.app/Contents/.svn/props/
cd+++++++++ admb-apr26-13/scripts/installers/packagemaker/ADMB-Terminal.app/Contents/.svn/text-base/
>f+++++++++ admb-apr26-13/scripts/installers/packagemaker/ADMB-Terminal.app/Contents/.svn/text-base/Info.plist.svn-base
>f+++++++++ admb-apr26-13/scripts/installers/packagemaker/ADMB-Terminal.app/Contents/.svn/text-base/PkgInfo.svn-base
cd+++++++++ admb-apr26-13/scripts/installers/packagemaker/ADMB-Terminal.app/Contents/.svn/tmp/
cd+++++++++ admb-apr26-13/scripts/installers/packagemaker/ADMB-Terminal.app/Contents/.svn/tmp/prop-base/
cd+++++++++ admb-apr26-13/scripts/installers/packagemaker/ADMB-Terminal.app/Contents/.svn/tmp/props/
cd+++++++++ admb-apr26-13/scripts/installers/packagemaker/ADMB-Terminal.app/Contents/.svn/tmp/text-base/
cd+++++++++ admb-apr26-13/scripts/installers/packagemaker/ADMB-Terminal.app/Contents/MacOS/
>f+++++++++ admb-apr26-13/scripts/installers/packagemaker/ADMB-Terminal.app/Contents/MacOS/applet
cd+++++++++ admb-apr26-13/scripts/installers/packagemaker/ADMB-Terminal.app/Contents/MacOS/.svn/
>f+++++++++ admb-apr26-13/scripts/installers/packagemaker/ADMB-Terminal.app/Contents/MacOS/.svn/entries
cd+++++++++ admb-apr26-13/scripts/installers/packagemaker/ADMB-Terminal.app/Contents/MacOS/.svn/prop-base/
>f+++++++++ admb-apr26-13/scripts/installers/packagemaker/ADMB-Terminal.app/Contents/MacOS/.svn/prop-base/applet.svn-base
cd+++++++++ admb-apr26-13/scripts/installers/packagemaker/ADMB-Terminal.app/Contents/MacOS/.svn/props/
cd+++++++++ admb-apr26-13/scripts/installers/packagemaker/ADMB-Terminal.app/Contents/MacOS/.svn/text-base/
>f+++++++++ admb-apr26-13/scripts/installers/packagemaker/ADMB-Terminal.app/Contents/MacOS/.svn/text-base/applet.svn-base
cd+++++++++ admb-apr26-13/scripts/installers/packagemaker/ADMB-Terminal.app/Contents/MacOS/.svn/tmp/
cd+++++++++ admb-apr26-13/scripts/installers/packagemaker/ADMB-Terminal.app/Contents/MacOS/.svn/tmp/prop-base/
cd+++++++++ admb-apr26-13/scripts/installers/packagemaker/ADMB-Terminal.app/Contents/MacOS/.svn/tmp/props/
cd+++++++++ admb-apr26-13/scripts/installers/packagemaker/ADMB-Terminal.app/Contents/MacOS/.svn/tmp/text-base/
cd+++++++++ admb-apr26-13/scripts/installers/packagemaker/ADMB-Terminal.app/Contents/Resources/
>f+++++++++ admb-apr26-13/scripts/installers/packagemaker/ADMB-Terminal.app/Contents/Resources/applet.icns
>f+++++++++ admb-apr26-13/scripts/installers/packagemaker/ADMB-Terminal.app/Contents/Resources/applet.rsrc
cd+++++++++ admb-apr26-13/scripts/installers/packagemaker/ADMB-Terminal.app/Contents/Resources/.svn/
>f+++++++++ admb-apr26-13/scripts/installers/packagemaker/ADMB-Terminal.app/Contents/Resources/.svn/entries
cd+++++++++ admb-apr26-13/scripts/installers/packagemaker/ADMB-Terminal.app/Contents/Resources/.svn/prop-base/
>f+++++++++ admb-apr26-13/scripts/installers/packagemaker/ADMB-Terminal.app/Contents/Resources/.svn/prop-base/applet.icns.svn-base
>f+++++++++ admb-apr26-13/scripts/installers/packagemaker/ADMB-Terminal.app/Contents/Resources/.svn/prop-base/applet.rsrc.svn-base
cd+++++++++ admb-apr26-13/scripts/installers/packagemaker/ADMB-Terminal.app/Contents/Resources/.svn/props/
cd+++++++++ admb-apr26-13/scripts/installers/packagemaker/ADMB-Terminal.app/Contents/Resources/.svn/text-base/
>f+++++++++ admb-apr26-13/scripts/installers/packagemaker/ADMB-Terminal.app/Contents/Resources/.svn/text-base/applet.icns.svn-base
>f+++++++++ admb-apr26-13/scripts/installers/packagemaker/ADMB-Terminal.app/Contents/Resources/.svn/text-base/applet.rsrc.svn-base
cd+++++++++ admb-apr26-13/scripts/installers/packagemaker/ADMB-Terminal.app/Contents/Resources/.svn/tmp/
cd+++++++++ admb-apr26-13/scripts/installers/packagemaker/ADMB-Terminal.app/Contents/Resources/.svn/tmp/prop-base/
cd+++++++++ admb-apr26-13/scripts/installers/packagemaker/ADMB-Terminal.app/Contents/Resources/.svn/tmp/props/
cd+++++++++ admb-apr26-13/scripts/installers/packagemaker/ADMB-Terminal.app/Contents/Resources/.svn/tmp/text-base/
cd+++++++++ admb-apr26-13/scripts/installers/packagemaker/ADMB-Terminal.app/Contents/Resources/Scripts/
>f+++++++++ admb-apr26-13/scripts/installers/packagemaker/ADMB-Terminal.app/Contents/Resources/Scripts/main.scpt
cd+++++++++ admb-apr26-13/scripts/installers/packagemaker/ADMB-Terminal.app/Contents/Resources/Scripts/.svn/
>f+++++++++ admb-apr26-13/scripts/installers/packagemaker/ADMB-Terminal.app/Contents/Resources/Scripts/.svn/entries
cd+++++++++ admb-apr26-13/scripts/installers/packagemaker/ADMB-Terminal.app/Contents/Resources/Scripts/.svn/prop-base/
>f+++++++++ admb-apr26-13/scripts/installers/packagemaker/ADMB-Terminal.app/Contents/Resources/Scripts/.svn/prop-base/main.scpt.svn-base
cd+++++++++ admb-apr26-13/scripts/installers/packagemaker/ADMB-Terminal.app/Contents/Resources/Scripts/.svn/props/
cd+++++++++ admb-apr26-13/scripts/installers/packagemaker/ADMB-Terminal.app/Contents/Resources/Scripts/.svn/text-base/
>f+++++++++ admb-apr26-13/scripts/installers/packagemaker/ADMB-Terminal.app/Contents/Resources/Scripts/.svn/text-base/main.scpt.svn-base
cd+++++++++ admb-apr26-13/scripts/installers/packagemaker/ADMB-Terminal.app/Contents/Resources/Scripts/.svn/tmp/
cd+++++++++ admb-apr26-13/scripts/installers/packagemaker/ADMB-Terminal.app/Contents/Resources/Scripts/.svn/tmp/prop-base/
cd+++++++++ admb-apr26-13/scripts/installers/packagemaker/ADMB-Terminal.app/Contents/Resources/Scripts/.svn/tmp/props/
cd+++++++++ admb-apr26-13/scripts/installers/packagemaker/ADMB-Terminal.app/Contents/Resources/Scripts/.svn/tmp/text-base/
cd+++++++++ admb-apr26-13/scripts/installers/packagemaker/ADMB-Terminal.app/Contents/Resources/description.rtfd/
>f+++++++++ admb-apr26-13/scripts/installers/packagemaker/ADMB-Terminal.app/Contents/Resources/description.rtfd/TXT.rtf
cd+++++++++ admb-apr26-13/scripts/installers/packagemaker/ADMB-Terminal.app/Contents/Resources/description.rtfd/.svn/
>f+++++++++ admb-apr26-13/scripts/installers/packagemaker/ADMB-Terminal.app/Contents/Resources/description.rtfd/.svn/entries
cd+++++++++ admb-apr26-13/scripts/installers/packagemaker/ADMB-Terminal.app/Contents/Resources/description.rtfd/.svn/prop-base/
cd+++++++++ admb-apr26-13/scripts/installers/packagemaker/ADMB-Terminal.app/Contents/Resources/description.rtfd/.svn/props/
cd+++++++++ admb-apr26-13/scripts/installers/packagemaker/ADMB-Terminal.app/Contents/Resources/description.rtfd/.svn/text-base/
>f+++++++++ admb-apr26-13/scripts/installers/packagemaker/ADMB-Terminal.app/Contents/Resources/description.rtfd/.svn/text-base/TXT.rtf.svn-base
cd+++++++++ admb-apr26-13/scripts/installers/packagemaker/ADMB-Terminal.app/Contents/Resources/description.rtfd/.svn/tmp/
cd+++++++++ admb-apr26-13/scripts/installers/packagemaker/ADMB-Terminal.app/Contents/Resources/description.rtfd/.svn/tmp/prop-base/
cd+++++++++ admb-apr26-13/scripts/installers/packagemaker/ADMB-Terminal.app/Contents/Resources/description.rtfd/.svn/tmp/props/
cd+++++++++ admb-apr26-13/scripts/installers/packagemaker/ADMB-Terminal.app/Contents/Resources/description.rtfd/.svn/tmp/text-base/
cd+++++++++ admb-apr26-13/scripts/installers/packagemaker/Resources/
>f+++++++++ admb-apr26-13/scripts/installers/packagemaker/Resources/background.jpg
cd+++++++++ admb-apr26-13/scripts/installers/packagemaker/Resources/.svn/
>f+++++++++ admb-apr26-13/scripts/installers/packagemaker/Resources/.svn/entries
cd+++++++++ admb-apr26-13/scripts/installers/packagemaker/Resources/.svn/prop-base/
>f+++++++++ admb-apr26-13/scripts/installers/packagemaker/Resources/.svn/prop-base/background.jpg.svn-base
cd+++++++++ admb-apr26-13/scripts/installers/packagemaker/Resources/.svn/props/
cd+++++++++ admb-apr26-13/scripts/installers/packagemaker/Resources/.svn/text-base/
>f+++++++++ admb-apr26-13/scripts/installers/packagemaker/Resources/.svn/text-base/background.jpg.svn-base
cd+++++++++ admb-apr26-13/scripts/installers/packagemaker/Resources/.svn/tmp/
cd+++++++++ admb-apr26-13/scripts/installers/packagemaker/Resources/.svn/tmp/prop-base/
cd+++++++++ admb-apr26-13/scripts/installers/packagemaker/Resources/.svn/tmp/props/
cd+++++++++ admb-apr26-13/scripts/installers/packagemaker/Resources/.svn/tmp/text-base/
cd+++++++++ admb-apr26-13/scripts/mingw/
>f+++++++++ admb-apr26-13/scripts/mingw/Makefile
>f+++++++++ admb-apr26-13/scripts/mingw/set-admb-mingw.bat
cd+++++++++ admb-apr26-13/scripts/mingw/.svn/
>f+++++++++ admb-apr26-13/scripts/mingw/.svn/entries
cd+++++++++ admb-apr26-13/scripts/mingw/.svn/prop-base/
cd+++++++++ admb-apr26-13/scripts/mingw/.svn/props/
cd+++++++++ admb-apr26-13/scripts/mingw/.svn/text-base/
>f+++++++++ admb-apr26-13/scripts/mingw/.svn/text-base/Makefile.svn-base
>f+++++++++ admb-apr26-13/scripts/mingw/.svn/text-base/set-admb-mingw.bat.svn-base
cd+++++++++ admb-apr26-13/scripts/mingw/.svn/tmp/
cd+++++++++ admb-apr26-13/scripts/mingw/.svn/tmp/prop-base/
cd+++++++++ admb-apr26-13/scripts/mingw/.svn/tmp/props/
cd+++++++++ admb-apr26-13/scripts/mingw/.svn/tmp/text-base/
cd+++++++++ admb-apr26-13/scripts/scripts/
>f+++++++++ admb-apr26-13/scripts/scripts/get-outputs.sh
>f+++++++++ admb-apr26-13/scripts/scripts/getVersionInfo.sh
>f+++++++++ admb-apr26-13/scripts/scripts/vimsyntax.sh
cd+++++++++ admb-apr26-13/scripts/scripts/cl/
>f+++++++++ admb-apr26-13/scripts/scripts/cl/Makefile
cd+++++++++ admb-apr26-13/scripts/scripts/configure/
>f+++++++++ admb-apr26-13/scripts/scripts/configure/GNUmakefile.in
>f+++++++++ admb-apr26-13/scripts/scripts/configure/Makefile
cd+++++++++ admb-apr26-13/scripts/scripts/g++/
>f+++++++++ admb-apr26-13/scripts/scripts/g++/Makefile
cd+++++++++ admb-apr26-13/scripts/scripts/installers/
cd+++++++++ admb-apr26-13/scripts/scripts/installers/innosetup/
>f+++++++++ admb-apr26-13/scripts/scripts/installers/innosetup/mingwmak.iss
cd+++++++++ admb-apr26-13/scripts/scripts/installers/packagemaker/
>f+++++++++ admb-apr26-13/scripts/scripts/installers/packagemaker/GNUmakefile.in
cd+++++++++ admb-apr26-13/scripts/scripts/mingw/
>f+++++++++ admb-apr26-13/scripts/scripts/mingw/Makefile
cd+++++++++ admb-apr26-13/src/
>f+++++++++ admb-apr26-13/src/arm.mak
>f+++++++++ admb-apr26-13/src/bcc.mak
>f+++++++++ admb-apr26-13/src/linux.mak
>f+++++++++ admb-apr26-13/src/mingw.mak
>f+++++++++ admb-apr26-13/src/t.cpp
>f+++++++++ admb-apr26-13/src/vc.mak
>f+++++++++ admb-apr26-13/src/win32.mak
>f+++++++++ admb-apr26-13/src/win64.mak
cd+++++++++ admb-apr26-13/src/df1b2-separable/
>f+++++++++ admb-apr26-13/src/df1b2-separable/adpool.cpp
>f+++++++++ admb-apr26-13/src/df1b2-separable/adpool.h
>f+++++++++ admb-apr26-13/src/df1b2-separable/adrndeff.h
>f+++++++++ admb-apr26-13/src/df1b2-separable/bounder.cpp
>f+++++++++ admb-apr26-13/src/df1b2-separable/cpp
>f+++++++++ admb-apr26-13/src/df1b2-separable/df1b2adromb.cpp
>f+++++++++ admb-apr26-13/src/df1b2-separable/df1b2bet.cpp
>f+++++++++ admb-apr26-13/src/df1b2-separable/df1b2betdev.cpp
>f+++++++++ admb-apr26-13/src/df1b2-separable/df1b2chkder.cpp
>f+++++++++ admb-apr26-13/src/df1b2-separable/df1b2compressed.cpp
>f+++++++++ admb-apr26-13/src/df1b2-separable/df1b2cum.cpp
>f+++++++++ admb-apr26-13/src/df1b2-separable/df1b2f10.cpp
>f+++++++++ admb-apr26-13/src/df1b2-separable/df1b2f11.cpp
>f+++++++++ admb-apr26-13/src/df1b2-separable/df1b2f12.cpp
>f+++++++++ admb-apr26-13/src/df1b2-separable/df1b2f13.cpp
>f+++++++++ admb-apr26-13/src/df1b2-separable/df1b2f14.cpp
>f+++++++++ admb-apr26-13/src/df1b2-separable/df1b2f15.cpp
>f+++++++++ admb-apr26-13/src/df1b2-separable/df1b2f16.cpp
>f+++++++++ admb-apr26-13/src/df1b2-separable/df1b2f17.cpp
>f+++++++++ admb-apr26-13/src/df1b2-separable/df1b2f18.cpp
>f+++++++++ admb-apr26-13/src/df1b2-separable/df1b2f19.cpp
>f+++++++++ admb-apr26-13/src/df1b2-separable/df1b2f20.cpp
>f+++++++++ admb-apr26-13/src/df1b2-separable/df1b2f21.cpp
>f+++++++++ admb-apr26-13/src/df1b2-separable/df1b2f22.cpp
>f+++++++++ admb-apr26-13/src/df1b2-separable/df1b2f23.cpp
>f+++++++++ admb-apr26-13/src/df1b2-separable/df1b2f24.cpp
>f+++++++++ admb-apr26-13/src/df1b2-separable/df1b2f25.cpp
>f+++++++++ admb-apr26-13/src/df1b2-separable/df1b2f26.cpp
>f+++++++++ admb-apr26-13/src/df1b2-separable/df1b2f27.cpp
>f+++++++++ admb-apr26-13/src/df1b2-separable/df1b2f28.cpp
>f+++++++++ admb-apr26-13/src/df1b2-separable/df1b2fn2.cpp
>f+++++++++ admb-apr26-13/src/df1b2-separable/df1b2fn3.cpp
>f+++++++++ admb-apr26-13/src/df1b2-separable/df1b2fn4.cpp
>f+++++++++ admb-apr26-13/src/df1b2-separable/df1b2fn5.cpp
>f+++++++++ admb-apr26-13/src/df1b2-separable/df1b2fn7.cpp
>f+++++++++ admb-apr26-13/src/df1b2-separable/df1b2fn8.cpp
>f+++++++++ admb-apr26-13/src/df1b2-separable/df1b2fnl.cpp
>f+++++++++ admb-apr26-13/src/df1b2-separable/df1b2fnl.h
>f+++++++++ admb-apr26-13/src/df1b2-separable/df1b2fun.cpp
>f+++++++++ admb-apr26-13/src/df1b2-separable/df1b2fun.h
>f+++++++++ admb-apr26-13/src/df1b2-separable/df1b2funx.cpp
>f+++++++++ admb-apr26-13/src/df1b2-separable/df1b2gh.cpp
>f+++++++++ admb-apr26-13/src/df1b2-separable/df1b2ghmult.cpp
>f+++++++++ admb-apr26-13/src/df1b2-separable/df1b2glo.cpp
>f+++++++++ admb-apr26-13/src/df1b2-separable/df1b2h.cpp
>f+++++++++ admb-apr26-13/src/df1b2-separable/df1b2im2.cpp
>f+++++++++ admb-apr26-13/src/df1b2-separable/df1b2im3.cpp
>f+++++++++ admb-apr26-13/src/df1b2-separable/df1b2im3f.cpp
>f+++++++++ admb-apr26-13/src/df1b2-separable/df1b2im4.cpp
>f+++++++++ admb-apr26-13/src/df1b2-separable/df1b2im5.cpp
>f+++++++++ admb-apr26-13/src/df1b2-separable/df1b2imp.cpp
>f+++++++++ admb-apr26-13/src/df1b2-separable/df1b2impf.cpp
>f+++++++++ admb-apr26-13/src/df1b2-separable/df1b2impspf.cpp
>f+++++++++ admb-apr26-13/src/df1b2-separable/df1b2invcumdbeta.cpp
>f+++++++++ admb-apr26-13/src/df1b2-separable/df1b2lap.cpp
>f+++++++++ admb-apr26-13/src/df1b2-separable/df1b2lme.cpp
>f+++++++++ admb-apr26-13/src/df1b2-separable/df1b2lmn2.cpp
>f+++++++++ admb-apr26-13/src/df1b2-separable/df1b2loc.cpp
>f+++++++++ admb-apr26-13/src/df1b2-separable/df1b2loc.h
>f+++++++++ admb-apr26-13/src/df1b2-separable/df1b2lp1.cpp
>f+++++++++ admb-apr26-13/src/df1b2-separable/df1b2lp10.cpp
>f+++++++++ admb-apr26-13/src/df1b2-separable/df1b2lp11.cpp
>f+++++++++ admb-apr26-13/src/df1b2-separable/df1b2lp12.cpp
>f+++++++++ admb-apr26-13/src/df1b2-separable/df1b2lp2.cpp
>f+++++++++ admb-apr26-13/src/df1b2-separable/df1b2lp4.cpp
>f+++++++++ admb-apr26-13/src/df1b2-separable/df1b2lp5.cpp
>f+++++++++ admb-apr26-13/src/df1b2-separable/df1b2lp6.cpp
>f+++++++++ admb-apr26-13/src/df1b2-separable/df1b2lp7.cpp
>f+++++++++ admb-apr26-13/src/df1b2-separable/df1b2lp8.cpp
>f+++++++++ admb-apr26-13/src/df1b2-separable/df1b2lp9.cpp
>f+++++++++ admb-apr26-13/src/df1b2-separable/df1b2ludcmp.cpp
>f+++++++++ admb-apr26-13/src/df1b2-separable/df1b2ludcmp.hpp
>f+++++++++ admb-apr26-13/src/df1b2-separable/df1b2mat.cpp
>f+++++++++ admb-apr26-13/src/df1b2-separable/df1b2min.cpp
>f+++++++++ admb-apr26-13/src/df1b2-separable/df1b2min2.cpp
>f+++++++++ admb-apr26-13/src/df1b2-separable/df1b2min3.cpp
>f+++++++++ admb-apr26-13/src/df1b2-separable/df1b2negb.cpp
>f+++++++++ admb-apr26-13/src/df1b2-separable/df1b2norlogmix.cpp
>f+++++++++ admb-apr26-13/src/df1b2-separable/df1b2normgam.cpp
>f+++++++++ admb-apr26-13/src/df1b2-separable/df1b2normmix.cpp
>f+++++++++ admb-apr26-13/src/df1b2-separable/df1b2normmix2.cpp
>f+++++++++ admb-apr26-13/src/df1b2-separable/df1b2nv1.cpp
>f+++++++++ admb-apr26-13/src/df1b2-separable/df1b2pow.cpp
>f+++++++++ admb-apr26-13/src/df1b2-separable/df1b2prb.cpp
>f+++++++++ admb-apr26-13/src/df1b2-separable/df1b2prc.cpp
>f+++++++++ admb-apr26-13/src/df1b2-separable/df1b2prd.cpp
>f+++++++++ admb-apr26-13/src/df1b2-separable/df1b2ptr.cpp
>f+++++++++ admb-apr26-13/src/df1b2-separable/df1b2qnm.cpp
>f+++++++++ admb-apr26-13/src/df1b2-separable/df1b2sum.cpp
>f+++++++++ admb-apr26-13/src/df1b2-separable/df1b2sumc.cpp
>f+++++++++ admb-apr26-13/src/df1b2-separable/df1b2test.h
>f+++++++++ admb-apr26-13/src/df1b2-separable/df1b2tweak.cpp
>f+++++++++ admb-apr26-13/src/df1b2-separable/df32fun.cpp
>f+++++++++ admb-apr26-13/src/df1b2-separable/df32fun.h
>f+++++++++ admb-apr26-13/src/df1b2-separable/df32fun1.cpp
>f+++++++++ admb-apr26-13/src/df1b2-separable/df33fun.cpp
>f+++++++++ admb-apr26-13/src/df1b2-separable/df33fun.h
>f+++++++++ admb-apr26-13/src/df1b2-separable/df33fun1.cpp
>f+++++++++ admb-apr26-13/src/df1b2-separable/df3fun.cpp
>f+++++++++ admb-apr26-13/src/df1b2-separable/df3fun.h
>f+++++++++ admb-apr26-13/src/df1b2-separable/df3gammp.cpp
>f+++++++++ admb-apr26-13/src/df1b2-separable/dfinvcumdt.cpp
>f+++++++++ admb-apr26-13/src/df1b2-separable/dflocmin.cpp
>f+++++++++ admb-apr26-13/src/df1b2-separable/dflogistic.cpp
>f+++++++++ admb-apr26-13/src/df1b2-separable/expm.cpp
>f+++++++++ admb-apr26-13/src/df1b2-separable/f1b23d1.cpp
>f+++++++++ admb-apr26-13/src/df1b2-separable/f1b2fnl2.cpp
>f+++++++++ admb-apr26-13/src/df1b2-separable/f1b2fnl3.cpp
>f+++++++++ admb-apr26-13/src/df1b2-separable/f1b2fnl4.cpp
>f+++++++++ admb-apr26-13/src/df1b2-separable/f1b2fnl5.cpp
>f+++++++++ admb-apr26-13/src/df1b2-separable/f1b2fnl6.cpp
>f+++++++++ admb-apr26-13/src/df1b2-separable/f1b2lapqd.cpp
>f+++++++++ admb-apr26-13/src/df1b2-separable/f1b2loc2.cpp
>f+++++++++ admb-apr26-13/src/df1b2-separable/f1b2loc3.cpp
>f+++++++++ admb-apr26-13/src/df1b2-separable/f1b2locl.cpp
>f+++++++++ admb-apr26-13/src/df1b2-separable/f1b2locl.h
>f+++++++++ admb-apr26-13/src/df1b2-separable/f1b2ma1.cpp
>f+++++++++ admb-apr26-13/src/df1b2-separable/f1b2sol3.cpp
>f+++++++++ admb-apr26-13/src/df1b2-separable/f1b2trst.cpp
>f+++++++++ admb-apr26-13/src/df1b2-separable/f1b2v10.cpp
>f+++++++++ admb-apr26-13/src/df1b2-separable/f1b2v11.cpp
>f+++++++++ admb-apr26-13/src/df1b2-separable/f1b2v12.cpp
>f+++++++++ admb-apr26-13/src/df1b2-separable/f1b2vc1.cpp
>f+++++++++ admb-apr26-13/src/df1b2-separable/f1b2vc10.cpp
>f+++++++++ admb-apr26-13/src/df1b2-separable/f1b2vc11.cpp
>f+++++++++ admb-apr26-13/src/df1b2-separable/f1b2vc2.cpp
>f+++++++++ admb-apr26-13/src/df1b2-separable/f1b2vc3.cpp
>f+++++++++ admb-apr26-13/src/df1b2-separable/f1b2vc4.cpp
>f+++++++++ admb-apr26-13/src/df1b2-separable/f1b2vc5.cpp
>f+++++++++ admb-apr26-13/src/df1b2-separable/f1b2vc6.cpp
>f+++++++++ admb-apr26-13/src/df1b2-separable/f1b2vc7.cpp
>f+++++++++ admb-apr26-13/src/df1b2-separable/f1b2vc8.cpp
>f+++++++++ admb-apr26-13/src/df1b2-separable/f1b2vc9.cpp
>f+++++++++ admb-apr26-13/src/df1b2-separable/fquadpri.cpp
>f+++++++++ admb-apr26-13/src/df1b2-separable/gammdev.cpp
>f+++++++++ admb-apr26-13/src/df1b2-separable/mingw-optg32-rh8-laplace.mak
>f+++++++++ admb-apr26-13/src/df1b2-separable/mingw-safg32-rh8-laplace.mak
>f+++++++++ admb-apr26-13/src/df1b2-separable/mod_rhes.cpp
>f+++++++++ admb-apr26-13/src/df1b2-separable/newfunc.cpp
>f+++++++++ admb-apr26-13/src/df1b2-separable/nvarcall.cpp
>f+++++++++ admb-apr26-13/src/df1b2-separable/objects.lst
>f+++++++++ admb-apr26-13/src/df1b2-separable/optbor32-laplace.mak
>f+++++++++ admb-apr26-13/src/df1b2-separable/optg32-rh8-laplace.mak
>f+++++++++ admb-apr26-13/src/df1b2-separable/optmsc8-laplace.mak
>f+++++++++ admb-apr26-13/src/df1b2-separable/quadpri.cpp
>f+++++++++ admb-apr26-13/src/df1b2-separable/safbor32-laplace.mak
>f+++++++++ admb-apr26-13/src/df1b2-separable/safg32-rh8-laplace.mak
>f+++++++++ admb-apr26-13/src/df1b2-separable/safmsc8-laplace.mak
>f+++++++++ admb-apr26-13/src/df1b2-separable/seddf1b2
>f+++++++++ admb-apr26-13/src/df1b2-separable/seddf1b3
>f+++++++++ admb-apr26-13/src/df1b2-separable/seddf1b4
>f+++++++++ admb-apr26-13/src/df1b2-separable/sedf1b2a
>f+++++++++ admb-apr26-13/src/df1b2-separable/sedf1b2c
>f+++++++++ admb-apr26-13/src/df1b2-separable/sedf1b2d
>f+++++++++ admb-apr26-13/src/df1b2-separable/sedflex
>f+++++++++ admb-apr26-13/src/df1b2-separable/smartbuf.cpp
>f+++++++++ admb-apr26-13/src/df1b2-separable/smartbuf.h
>f+++++++++ admb-apr26-13/src/df1b2-separable/tdev.cpp
>f+++++++++ admb-apr26-13/src/df1b2-separable/test_trust.cpp
>f+++++++++ admb-apr26-13/src/df1b2-separable/vgamdens.cpp
cd+++++++++ admb-apr26-13/src/df1b2-separable/sub/
>f+++++++++ admb-apr26-13/src/df1b2-separable/sub/df1b2compressed.cpp
>f+++++++++ admb-apr26-13/src/df1b2-separable/sub/df1b2lap.cpp
>f+++++++++ admb-apr26-13/src/df1b2-separable/sub/df1b2lp6.cpp
>f+++++++++ admb-apr26-13/src/df1b2-separable/sub/df1b2lp8.cpp
>f+++++++++ admb-apr26-13/src/df1b2-separable/sub/df1b2lp9.cpp
>f+++++++++ admb-apr26-13/src/df1b2-separable/sub/df1b2qnm.cpp
>f+++++++++ admb-apr26-13/src/df1b2-separable/sub/f1b2fnl2.cpp
>f+++++++++ admb-apr26-13/src/df1b2-separable/sub/fquadpri.cpp
>f+++++++++ admb-apr26-13/src/df1b2-separable/sub/quadpri.cpp
cd+++++++++ admb-apr26-13/src/linad99/
>f+++++++++ admb-apr26-13/src/linad99/ad_atlas.cpp
>f+++++++++ admb-apr26-13/src/linad99/ad_f1b1.h
>f+++++++++ admb-apr26-13/src/linad99/adcomm1.cpp
>f+++++++++ admb-apr26-13/src/linad99/adglobl.cpp
>f+++++++++ admb-apr26-13/src/linad99/admanip.cpp
>f+++++++++ admb-apr26-13/src/linad99/adpvm.h
>f+++++++++ admb-apr26-13/src/linad99/adpvm2.cpp
>f+++++++++ admb-apr26-13/src/linad99/adpvm2.h
>f+++++++++ admb-apr26-13/src/linad99/betai.cpp
>f+++++++++ admb-apr26-13/src/linad99/bounder.cpp
>f+++++++++ admb-apr26-13/src/linad99/boundfun.cpp
>f+++++++++ admb-apr26-13/src/linad99/c_ghk.cpp
>f+++++++++ admb-apr26-13/src/linad99/cbetdev.cpp
>f+++++++++ admb-apr26-13/src/linad99/cbivnorm.cpp
>f+++++++++ admb-apr26-13/src/linad99/ccumdbetainv.cpp
>f+++++++++ admb-apr26-13/src/linad99/ccumdbetainv_incbet.cpp
>f+++++++++ admb-apr26-13/src/linad99/ccumdexp.cpp
>f+++++++++ admb-apr26-13/src/linad99/ccumdlog.cpp
>f+++++++++ admb-apr26-13/src/linad99/cgamdens.cpp
>f+++++++++ admb-apr26-13/src/linad99/cgamdev.cpp
>f+++++++++ admb-apr26-13/src/linad99/cinvcumdt.cpp
>f+++++++++ admb-apr26-13/src/linad99/clrscr.cpp
>f+++++++++ admb-apr26-13/src/linad99/cmpdif10.cpp
>f+++++++++ admb-apr26-13/src/linad99/cmpdif11.cpp
>f+++++++++ admb-apr26-13/src/linad99/cmpdif2.cpp
>f+++++++++ admb-apr26-13/src/linad99/cmpdif3.cpp
>f+++++++++ admb-apr26-13/src/linad99/cmpdif4.cpp
>f+++++++++ admb-apr26-13/src/linad99/cmpdif5.cpp
>f+++++++++ admb-apr26-13/src/linad99/cmpdif6.cpp
>f+++++++++ admb-apr26-13/src/linad99/cmpdif7.cpp
>f+++++++++ admb-apr26-13/src/linad99/cmpdif8.cpp
>f+++++++++ admb-apr26-13/src/linad99/cmpdif9.cpp
>f+++++++++ admb-apr26-13/src/linad99/cnegbin.cpp
>f+++++++++ admb-apr26-13/src/linad99/cnorlogmix.cpp
>f+++++++++ admb-apr26-13/src/linad99/cnormgam.cpp
>f+++++++++ admb-apr26-13/src/linad99/cnormmix.cpp
>f+++++++++ admb-apr26-13/src/linad99/combc.cpp
>f+++++++++ admb-apr26-13/src/linad99/combv.cpp
>f+++++++++ admb-apr26-13/src/linad99/compare.cpp
>f+++++++++ admb-apr26-13/src/linad99/conjprod.cpp
>f+++++++++ admb-apr26-13/src/linad99/cranfill.cpp
>f+++++++++ admb-apr26-13/src/linad99/cregress.cpp
>f+++++++++ admb-apr26-13/src/linad99/cspline.cpp
>f+++++++++ admb-apr26-13/src/linad99/cumd_cau.cpp
>f+++++++++ admb-apr26-13/src/linad99/cumdist.cpp
>f+++++++++ admb-apr26-13/src/linad99/d3_io.cpp
>f+++++++++ admb-apr26-13/src/linad99/d3_io1.cpp
>f+++++++++ admb-apr26-13/src/linad99/d3arr.cpp
>f+++++++++ admb-apr26-13/src/linad99/d3arr1.cpp
>f+++++++++ admb-apr26-13/src/linad99/d3arr10.cpp
>f+++++++++ admb-apr26-13/src/linad99/d3arr11.cpp
>f+++++++++ admb-apr26-13/src/linad99/d3arr12.cpp
>f+++++++++ admb-apr26-13/src/linad99/d3arr2a.cpp
>f+++++++++ admb-apr26-13/src/linad99/d3arr2b.cpp
>f+++++++++ admb-apr26-13/src/linad99/d3arr2c.cpp
>f+++++++++ admb-apr26-13/src/linad99/d3arr3.cpp
>f+++++++++ admb-apr26-13/src/linad99/d3arr4.cpp
>f+++++++++ admb-apr26-13/src/linad99/d3arr5.cpp
>f+++++++++ admb-apr26-13/src/linad99/d3arr6.cpp
>f+++++++++ admb-apr26-13/src/linad99/d3arr7.cpp
>f+++++++++ admb-apr26-13/src/linad99/d3arr8.cpp
>f+++++++++ admb-apr26-13/src/linad99/d3arr9.cpp
>f+++++++++ admb-apr26-13/src/linad99/d4_io.cpp
>f+++++++++ admb-apr26-13/src/linad99/d4_io1.cpp
>f+++++++++ admb-apr26-13/src/linad99/d4arr.cpp
>f+++++++++ admb-apr26-13/src/linad99/d4arr.hpp
>f+++++++++ admb-apr26-13/src/linad99/d4arr1.cpp
>f+++++++++ admb-apr26-13/src/linad99/d4arr2.cpp
>f+++++++++ admb-apr26-13/src/linad99/d4arr3.cpp
>f+++++++++ admb-apr26-13/src/linad99/d5arr.cpp
>f+++++++++ admb-apr26-13/src/linad99/d5arr1.cpp
>f+++++++++ admb-apr26-13/src/linad99/d5arr3.cpp
>f+++++++++ admb-apr26-13/src/linad99/d6arr.cpp
>f+++++++++ admb-apr26-13/src/linad99/d6arr1.cpp
>f+++++++++ admb-apr26-13/src/linad99/d6arr2.cpp
>f+++++++++ admb-apr26-13/src/linad99/d7arr.cpp
>f+++++++++ admb-apr26-13/src/linad99/d7arr1.cpp
>f+++++++++ admb-apr26-13/src/linad99/d7arr2.cpp
>f+++++++++ admb-apr26-13/src/linad99/dcompressed.cpp
>f+++++++++ admb-apr26-13/src/linad99/ddlist.cpp
>f+++++++++ admb-apr26-13/src/linad99/def_eval.cpp
>f+++++++++ admb-apr26-13/src/linad99/denorm.cpp
>f+++++++++ admb-apr26-13/src/linad99/depvars.cpp
>f+++++++++ admb-apr26-13/src/linad99/derch.cpp
>f+++++++++ admb-apr26-13/src/linad99/df11fun.cpp
>f+++++++++ admb-apr26-13/src/linad99/df11fun.h
>f+++++++++ admb-apr26-13/src/linad99/df12fun.cpp
>f+++++++++ admb-apr26-13/src/linad99/df12fun.h
>f+++++++++ admb-apr26-13/src/linad99/df13fun.cpp
>f+++++++++ admb-apr26-13/src/linad99/df13fun.h
>f+++++++++ admb-apr26-13/src/linad99/df13incbet.cpp
>f+++++++++ admb-apr26-13/src/linad99/df_file.cpp
>f+++++++++ admb-apr26-13/src/linad99/df_file2.cpp
>f+++++++++ admb-apr26-13/src/linad99/dfbetai.cpp
>f+++++++++ admb-apr26-13/src/linad99/dfgammp.cpp
>f+++++++++ admb-apr26-13/src/linad99/dfpool.cpp
>f+++++++++ admb-apr26-13/src/linad99/dfpool.h
>f+++++++++ admb-apr26-13/src/linad99/dfsdmat.cpp
>f+++++++++ admb-apr26-13/src/linad99/dftweak.cpp
>f+++++++++ admb-apr26-13/src/linad99/dmat.cpp
>f+++++++++ admb-apr26-13/src/linad99/dmat0.cpp
>f+++++++++ admb-apr26-13/src/linad99/dmat1.cpp
>f+++++++++ admb-apr26-13/src/linad99/dmat10.cpp
>f+++++++++ admb-apr26-13/src/linad99/dmat12.cpp
>f+++++++++ admb-apr26-13/src/linad99/dmat14.cpp
>f+++++++++ admb-apr26-13/src/linad99/dmat15.cpp
>f+++++++++ admb-apr26-13/src/linad99/dmat16.cpp
>f+++++++++ admb-apr26-13/src/linad99/dmat17.cpp
>f+++++++++ admb-apr26-13/src/linad99/dmat18.cpp
>f+++++++++ admb-apr26-13/src/linad99/dmat2.cpp
>f+++++++++ admb-apr26-13/src/linad99/dmat20.cpp
>f+++++++++ admb-apr26-13/src/linad99/dmat21.cpp
>f+++++++++ admb-apr26-13/src/linad99/dmat22.cpp
>f+++++++++ admb-apr26-13/src/linad99/dmat23.cpp
>f+++++++++ admb-apr26-13/src/linad99/dmat24.cpp
>f+++++++++ admb-apr26-13/src/linad99/dmat25.cpp
>f+++++++++ admb-apr26-13/src/linad99/dmat26.cpp
>f+++++++++ admb-apr26-13/src/linad99/dmat27.cpp
>f+++++++++ admb-apr26-13/src/linad99/dmat28.cpp
>f+++++++++ admb-apr26-13/src/linad99/dmat29.cpp
>f+++++++++ admb-apr26-13/src/linad99/dmat3.cpp
>f+++++++++ admb-apr26-13/src/linad99/dmat30.cpp
>f+++++++++ admb-apr26-13/src/linad99/dmat31.cpp
>f+++++++++ admb-apr26-13/src/linad99/dmat32.cpp
>f+++++++++ admb-apr26-13/src/linad99/dmat33.cpp
>f+++++++++ admb-apr26-13/src/linad99/dmat34.cpp
>f+++++++++ admb-apr26-13/src/linad99/dmat35.cpp
>f+++++++++ admb-apr26-13/src/linad99/dmat36.cpp
>f+++++++++ admb-apr26-13/src/linad99/dmat37.cpp
>f+++++++++ admb-apr26-13/src/linad99/dmat38.cpp
>f+++++++++ admb-apr26-13/src/linad99/dmat4.cpp
>f+++++++++ admb-apr26-13/src/linad99/dmat41.cpp
>f+++++++++ admb-apr26-13/src/linad99/dmat42.cpp
>f+++++++++ admb-apr26-13/src/linad99/dmat43.cpp
>f+++++++++ admb-apr26-13/src/linad99/dmat6.cpp
>f+++++++++ admb-apr26-13/src/linad99/dmat7.cpp
>f+++++++++ admb-apr26-13/src/linad99/dmat8.cpp
>f+++++++++ admb-apr26-13/src/linad99/dmat9.cpp
>f+++++++++ admb-apr26-13/src/linad99/dmat_a.cpp
>f+++++++++ admb-apr26-13/src/linad99/dmat_acc.cpp
>f+++++++++ admb-apr26-13/src/linad99/dmat_io.cpp
>f+++++++++ admb-apr26-13/src/linad99/dmat_io2.cpp
>f+++++++++ admb-apr26-13/src/linad99/dmat_io3.cpp
>f+++++++++ admb-apr26-13/src/linad99/dmsort.cpp
>f+++++++++ admb-apr26-13/src/linad99/dos.h
>f+++++++++ admb-apr26-13/src/linad99/doublind.cpp
>f+++++++++ admb-apr26-13/src/linad99/drancau.cpp
>f+++++++++ admb-apr26-13/src/linad99/drangam.cpp
>f+++++++++ admb-apr26-13/src/linad99/drannegbin.cpp
>f+++++++++ admb-apr26-13/src/linad99/dranpois.cpp
>f+++++++++ admb-apr26-13/src/linad99/dsize.cpp
>f+++++++++ admb-apr26-13/src/linad99/dvar.cpp
>f+++++++++ admb-apr26-13/src/linad99/dvec_acc.cpp
>f+++++++++ admb-apr26-13/src/linad99/dvec_dif.cpp
>f+++++++++ admb-apr26-13/src/linad99/dvec_io1.cpp
>f+++++++++ admb-apr26-13/src/linad99/dvec_io2.cpp
>f+++++++++ admb-apr26-13/src/linad99/dvect10.cpp
>f+++++++++ admb-apr26-13/src/linad99/dvect11.cpp
>f+++++++++ admb-apr26-13/src/linad99/dvect12.cpp
>f+++++++++ admb-apr26-13/src/linad99/dvect13.cpp
>f+++++++++ admb-apr26-13/src/linad99/dvect14.cpp
>f+++++++++ admb-apr26-13/src/linad99/dvect15.cpp
>f+++++++++ admb-apr26-13/src/linad99/dvect16.cpp
>f+++++++++ admb-apr26-13/src/linad99/dvect17.cpp
>f+++++++++ admb-apr26-13/src/linad99/dvect18.cpp
>f+++++++++ admb-apr26-13/src/linad99/dvect19.cpp
>f+++++++++ admb-apr26-13/src/linad99/dvect2.cpp
>f+++++++++ admb-apr26-13/src/linad99/dvect20.cpp
>f+++++++++ admb-apr26-13/src/linad99/dvect21.cpp
>f+++++++++ admb-apr26-13/src/linad99/dvect22.cpp
>f+++++++++ admb-apr26-13/src/linad99/dvect23.cpp
>f+++++++++ admb-apr26-13/src/linad99/dvect24.cpp
>f+++++++++ admb-apr26-13/src/linad99/dvect25.cpp
>f+++++++++ admb-apr26-13/src/linad99/dvect26.cpp
>f+++++++++ admb-apr26-13/src/linad99/dvect3.cpp
>f+++++++++ admb-apr26-13/src/linad99/dvect4.cpp
>f+++++++++ admb-apr26-13/src/linad99/dvect5.cpp
>f+++++++++ admb-apr26-13/src/linad99/dvect6.cpp
>f+++++++++ admb-apr26-13/src/linad99/dvect7.cpp
>f+++++++++ admb-apr26-13/src/linad99/dvect8.cpp
>f+++++++++ admb-apr26-13/src/linad99/dvect9.cpp
>f+++++++++ admb-apr26-13/src/linad99/dvect_io.cpp
>f+++++++++ admb-apr26-13/src/linad99/dvector.cpp
>f+++++++++ admb-apr26-13/src/linad99/dveigen.cpp
>f+++++++++ admb-apr26-13/src/linad99/dveigenv.cpp
>f+++++++++ admb-apr26-13/src/linad99/dvsort.cpp
>f+++++++++ admb-apr26-13/src/linad99/eigen.cpp
>f+++++++++ admb-apr26-13/src/linad99/eigen_dmat.cpp
>f+++++++++ admb-apr26-13/src/linad99/eigen_dvar.cpp
>f+++++++++ admb-apr26-13/src/linad99/eigenv.cpp
>f+++++++++ admb-apr26-13/src/linad99/except.cpp
>f+++++++++ admb-apr26-13/src/linad99/expm.cpp
>f+++++++++ admb-apr26-13/src/linad99/f3arr.cpp
>f+++++++++ admb-apr26-13/src/linad99/f3arr1.cpp
>f+++++++++ admb-apr26-13/src/linad99/f3arr10.cpp
>f+++++++++ admb-apr26-13/src/linad99/f3arr11.cpp
>f+++++++++ admb-apr26-13/src/linad99/f3arr12.cpp
>f+++++++++ admb-apr26-13/src/linad99/f3arr13.cpp
>f+++++++++ admb-apr26-13/src/linad99/f3arr14.cpp
>f+++++++++ admb-apr26-13/src/linad99/f3arr15.cpp
>f+++++++++ admb-apr26-13/src/linad99/f3arr16.cpp
>f+++++++++ admb-apr26-13/src/linad99/f3arr17.cpp
>f+++++++++ admb-apr26-13/src/linad99/f3arr18.cpp
>f+++++++++ admb-apr26-13/src/linad99/f3arr19.cpp
>f+++++++++ admb-apr26-13/src/linad99/f3arr2.cpp
>f+++++++++ admb-apr26-13/src/linad99/f3arr3.cpp
>f+++++++++ admb-apr26-13/src/linad99/f3arr4.cpp
>f+++++++++ admb-apr26-13/src/linad99/f3arr5.cpp
>f+++++++++ admb-apr26-13/src/linad99/f3arr6.cpp
>f+++++++++ admb-apr26-13/src/linad99/f3arr7.cpp
>f+++++++++ admb-apr26-13/src/linad99/f3arr8.cpp
>f+++++++++ admb-apr26-13/src/linad99/f3arr9.cpp
>f+++++++++ admb-apr26-13/src/linad99/f4_io.cpp
>f+++++++++ admb-apr26-13/src/linad99/f4_io1.cpp
>f+++++++++ admb-apr26-13/src/linad99/f4arr.cpp
>f+++++++++ admb-apr26-13/src/linad99/f4arr1.cpp
>f+++++++++ admb-apr26-13/src/linad99/f4arr2.cpp
>f+++++++++ admb-apr26-13/src/linad99/f4arr3.cpp
>f+++++++++ admb-apr26-13/src/linad99/f5arr.cpp
>f+++++++++ admb-apr26-13/src/linad99/f5arr1.cpp
>f+++++++++ admb-apr26-13/src/linad99/f5arr2.cpp
>f+++++++++ admb-apr26-13/src/linad99/f5arr3.cpp
>f+++++++++ admb-apr26-13/src/linad99/f6arr.cpp
>f+++++++++ admb-apr26-13/src/linad99/f6arr1.cpp
>f+++++++++ admb-apr26-13/src/linad99/f6arr2.cpp
>f+++++++++ admb-apr26-13/src/linad99/f7arr.cpp
>f+++++++++ admb-apr26-13/src/linad99/f7arr1.cpp
>f+++++++++ admb-apr26-13/src/linad99/f7arr2.cpp
>f+++++++++ admb-apr26-13/src/linad99/factors.cpp
>f+++++++++ admb-apr26-13/src/linad99/factors.h
>f+++++++++ admb-apr26-13/src/linad99/fmm.cpp
>f+++++++++ admb-apr26-13/src/linad99/fmm_cont.cpp
>f+++++++++ admb-apr26-13/src/linad99/fmm_disp.cpp
>f+++++++++ admb-apr26-13/src/linad99/fmmq.cpp
>f+++++++++ admb-apr26-13/src/linad99/fmmq.hpp
>f+++++++++ admb-apr26-13/src/linad99/fmmt1.cpp
>f+++++++++ admb-apr26-13/src/linad99/fmmtr1.cpp
>f+++++++++ admb-apr26-13/src/linad99/franpois.cpp
>f+++++++++ admb-apr26-13/src/linad99/ftweak.cpp
>f+++++++++ admb-apr26-13/src/linad99/fv1f1b.hpp
>f+++++++++ admb-apr26-13/src/linad99/fvar.hpp
>f+++++++++ admb-apr26-13/src/linad99/fvar1.cpp
>f+++++++++ admb-apr26-13/src/linad99/fvar2.cpp
>f+++++++++ admb-apr26-13/src/linad99/fvar3_io.cpp
>f+++++++++ admb-apr26-13/src/linad99/fvar_a10.cpp
>f+++++++++ admb-apr26-13/src/linad99/fvar_a11.cpp
>f+++++++++ admb-apr26-13/src/linad99/fvar_a13.cpp
>f+++++++++ admb-apr26-13/src/linad99/fvar_a14.cpp
>f+++++++++ admb-apr26-13/src/linad99/fvar_a15.cpp
>f+++++++++ admb-apr26-13/src/linad99/fvar_a16.cpp
>f+++++++++ admb-apr26-13/src/linad99/fvar_a17.cpp
>f+++++++++ admb-apr26-13/src/linad99/fvar_a18.cpp
>f+++++++++ admb-apr26-13/src/linad99/fvar_a19.cpp
>f+++++++++ admb-apr26-13/src/linad99/fvar_a20.cpp
>f+++++++++ admb-apr26-13/src/linad99/fvar_a21.cpp
>f+++++++++ admb-apr26-13/src/linad99/fvar_a22.cpp
>f+++++++++ admb-apr26-13/src/linad99/fvar_a23.cpp
>f+++++++++ admb-apr26-13/src/linad99/fvar_a24.cpp
>f+++++++++ admb-apr26-13/src/linad99/fvar_a25.cpp
>f+++++++++ admb-apr26-13/src/linad99/fvar_a26.cpp
>f+++++++++ admb-apr26-13/src/linad99/fvar_a27.cpp
>f+++++++++ admb-apr26-13/src/linad99/fvar_a28.cpp
>f+++++++++ admb-apr26-13/src/linad99/fvar_a29.cpp
>f+++++++++ admb-apr26-13/src/linad99/fvar_a30.cpp
>f+++++++++ admb-apr26-13/src/linad99/fvar_a31.cpp
>f+++++++++ admb-apr26-13/src/linad99/fvar_a32.cpp
>f+++++++++ admb-apr26-13/src/linad99/fvar_a33.cpp
>f+++++++++ admb-apr26-13/src/linad99/fvar_a34.cpp
>f+++++++++ admb-apr26-13/src/linad99/fvar_a35.cpp
>f+++++++++ admb-apr26-13/src/linad99/fvar_a36.cpp
>f+++++++++ admb-apr26-13/src/linad99/fvar_a37.cpp
>f+++++++++ admb-apr26-13/src/linad99/fvar_a38.cpp
>f+++++++++ admb-apr26-13/src/linad99/fvar_a39.cpp
>f+++++++++ admb-apr26-13/src/linad99/fvar_a40.cpp
>f+++++++++ admb-apr26-13/src/linad99/fvar_a41.cpp
>f+++++++++ admb-apr26-13/src/linad99/fvar_a42.cpp
>f+++++++++ admb-apr26-13/src/linad99/fvar_a43.cpp
>f+++++++++ admb-apr26-13/src/linad99/fvar_a44.cpp
>f+++++++++ admb-apr26-13/src/linad99/fvar_a45.cpp
>f+++++++++ admb-apr26-13/src/linad99/fvar_a46.cpp
>f+++++++++ admb-apr26-13/src/linad99/fvar_a47.cpp
>f+++++++++ admb-apr26-13/src/linad99/fvar_a48.cpp
>f+++++++++ admb-apr26-13/src/linad99/fvar_a49.cpp
>f+++++++++ admb-apr26-13/src/linad99/fvar_a50.cpp
>f+++++++++ admb-apr26-13/src/linad99/fvar_a51.cpp
>f+++++++++ admb-apr26-13/src/linad99/fvar_a52.cpp
>f+++++++++ admb-apr26-13/src/linad99/fvar_a53.cpp
>f+++++++++ admb-apr26-13/src/linad99/fvar_a54.cpp
>f+++++++++ admb-apr26-13/src/linad99/fvar_a55.cpp
>f+++++++++ admb-apr26-13/src/linad99/fvar_a56.cpp
>f+++++++++ admb-apr26-13/src/linad99/fvar_a57.cpp
>f+++++++++ admb-apr26-13/src/linad99/fvar_a58.cpp
>f+++++++++ admb-apr26-13/src/linad99/fvar_a59.cpp
>f+++++++++ admb-apr26-13/src/linad99/fvar_a60.cpp
>f+++++++++ admb-apr26-13/src/linad99/fvar_a61.cpp
>f+++++++++ admb-apr26-13/src/linad99/fvar_a62.cpp
>f+++++++++ admb-apr26-13/src/linad99/fvar_ar1.cpp
>f+++++++++ admb-apr26-13/src/linad99/fvar_ar3.cpp
>f+++++++++ admb-apr26-13/src/linad99/fvar_ar7.cpp
>f+++++++++ admb-apr26-13/src/linad99/fvar_ar8.cpp
>f+++++++++ admb-apr26-13/src/linad99/fvar_arr.cpp
>f+++++++++ admb-apr26-13/src/linad99/fvar_dif.cpp
>f+++++++++ admb-apr26-13/src/linad99/fvar_fn.cpp
>f+++++++++ admb-apr26-13/src/linad99/fvar_fn1.cpp
>f+++++++++ admb-apr26-13/src/linad99/fvar_fn2.cpp
>f+++++++++ admb-apr26-13/src/linad99/fvar_io.cpp
>f+++++++++ admb-apr26-13/src/linad99/fvar_io2.cpp
>f+++++++++ admb-apr26-13/src/linad99/fvar_m10.cpp
>f+++++++++ admb-apr26-13/src/linad99/fvar_m11.cpp
>f+++++++++ admb-apr26-13/src/linad99/fvar_m12.cpp
>f+++++++++ admb-apr26-13/src/linad99/fvar_m13.cpp
>f+++++++++ admb-apr26-13/src/linad99/fvar_m14.cpp
>f+++++++++ admb-apr26-13/src/linad99/fvar_m15.cpp
>f+++++++++ admb-apr26-13/src/linad99/fvar_m18.cpp
>f+++++++++ admb-apr26-13/src/linad99/fvar_m19.cpp
>f+++++++++ admb-apr26-13/src/linad99/fvar_m21.cpp
>f+++++++++ admb-apr26-13/src/linad99/fvar_m22.cpp
>f+++++++++ admb-apr26-13/src/linad99/fvar_m23.cpp
>f+++++++++ admb-apr26-13/src/linad99/fvar_m24.cpp
>f+++++++++ admb-apr26-13/src/linad99/fvar_m27.cpp
>f+++++++++ admb-apr26-13/src/linad99/fvar_m28.cpp
>f+++++++++ admb-apr26-13/src/linad99/fvar_m29.cpp
>f+++++++++ admb-apr26-13/src/linad99/fvar_m30.cpp
>f+++++++++ admb-apr26-13/src/linad99/fvar_m31.cpp
>f+++++++++ admb-apr26-13/src/linad99/fvar_m32.cpp
>f+++++++++ admb-apr26-13/src/linad99/fvar_m33.cpp
>f+++++++++ admb-apr26-13/src/linad99/fvar_m34.cpp
>f+++++++++ admb-apr26-13/src/linad99/fvar_m35.cpp
>f+++++++++ admb-apr26-13/src/linad99/fvar_m36.cpp
>f+++++++++ admb-apr26-13/src/linad99/fvar_m37.cpp
>f+++++++++ admb-apr26-13/src/linad99/fvar_m38.cpp
>f+++++++++ admb-apr26-13/src/linad99/fvar_m39.cpp
>f+++++++++ admb-apr26-13/src/linad99/fvar_m40.cpp
>f+++++++++ admb-apr26-13/src/linad99/fvar_m41.cpp
>f+++++++++ admb-apr26-13/src/linad99/fvar_m42.cpp
>f+++++++++ admb-apr26-13/src/linad99/fvar_m43.cpp
>f+++++++++ admb-apr26-13/src/linad99/fvar_m44.cpp
>f+++++++++ admb-apr26-13/src/linad99/fvar_m45.cpp
>f+++++++++ admb-apr26-13/src/linad99/fvar_m46.cpp
>f+++++++++ admb-apr26-13/src/linad99/fvar_m47.cpp
>f+++++++++ admb-apr26-13/src/linad99/fvar_m48.cpp
>f+++++++++ admb-apr26-13/src/linad99/fvar_m50.cpp
>f+++++++++ admb-apr26-13/src/linad99/fvar_m51.cpp
>f+++++++++ admb-apr26-13/src/linad99/fvar_m52.cpp
>f+++++++++ admb-apr26-13/src/linad99/fvar_m53.cpp
>f+++++++++ admb-apr26-13/src/linad99/fvar_m57.cpp
>f+++++++++ admb-apr26-13/src/linad99/fvar_ma1.cpp
>f+++++++++ admb-apr26-13/src/linad99/fvar_ma2.cpp
>f+++++++++ admb-apr26-13/src/linad99/fvar_ma3.cpp
>f+++++++++ admb-apr26-13/src/linad99/fvar_ma6.cpp
>f+++++++++ admb-apr26-13/src/linad99/fvar_ma7.cpp
>f+++++++++ admb-apr26-13/src/linad99/fvar_ma8.cpp
>f+++++++++ admb-apr26-13/src/linad99/fvar_ma9.cpp
>f+++++++++ admb-apr26-13/src/linad99/fvar_mat.cpp
>f+++++++++ admb-apr26-13/src/linad99/fvar_o10.cpp
>f+++++++++ admb-apr26-13/src/linad99/fvar_o11.cpp
>f+++++++++ admb-apr26-13/src/linad99/fvar_op2.cpp
>f+++++++++ admb-apr26-13/src/linad99/fvar_op3.cpp
>f+++++++++ admb-apr26-13/src/linad99/fvar_op4.cpp
>f+++++++++ admb-apr26-13/src/linad99/fvar_op5.cpp
>f+++++++++ admb-apr26-13/src/linad99/fvar_op7.cpp
>f+++++++++ admb-apr26-13/src/linad99/fvar_op8.cpp
>f+++++++++ admb-apr26-13/src/linad99/fvar_op9.cpp
>f+++++++++ admb-apr26-13/src/linad99/fvar_opr.cpp
>f+++++++++ admb-apr26-13/src/linad99/fvara_io.cpp
>f+++++++++ admb-apr26-13/src/linad99/fvarb_io.cpp
>f+++++++++ admb-apr26-13/src/linad99/fvarcompressed.cpp
>f+++++++++ admb-apr26-13/src/linad99/fvarm1_i.cpp
>f+++++++++ admb-apr26-13/src/linad99/fvarm_io.cpp
>f+++++++++ admb-apr26-13/src/linad99/fvma_acc.cpp
>f+++++++++ admb-apr26-13/src/linad99/gaussher.cpp
>f+++++++++ admb-apr26-13/src/linad99/getopt.cpp
>f+++++++++ admb-apr26-13/src/linad99/gradchk.cpp
>f+++++++++ admb-apr26-13/src/linad99/gradstak.cpp
>f+++++++++ admb-apr26-13/src/linad99/gradstrc.cpp
>f+++++++++ admb-apr26-13/src/linad99/gs_set.cpp
>f+++++++++ admb-apr26-13/src/linad99/gst_read.cpp
>f+++++++++ admb-apr26-13/src/linad99/histgram.cpp
>f+++++++++ admb-apr26-13/src/linad99/humung.cpp
>f+++++++++ admb-apr26-13/src/linad99/i3_io.cpp
>f+++++++++ admb-apr26-13/src/linad99/i3arr.cpp
>f+++++++++ admb-apr26-13/src/linad99/i3arr1.cpp
>f+++++++++ admb-apr26-13/src/linad99/i3arr8.cpp
>f+++++++++ admb-apr26-13/src/linad99/i4arr.cpp
>f+++++++++ admb-apr26-13/src/linad99/i4io.cpp
>f+++++++++ admb-apr26-13/src/linad99/i5arr.cpp
>f+++++++++ admb-apr26-13/src/linad99/i5io.cpp
>f+++++++++ admb-apr26-13/src/linad99/imat.cpp
>f+++++++++ admb-apr26-13/src/linad99/imat1.cpp
>f+++++++++ admb-apr26-13/src/linad99/imat10.cpp
>f+++++++++ admb-apr26-13/src/linad99/imat2.cpp
>f+++++++++ admb-apr26-13/src/linad99/imat3.cpp
>f+++++++++ admb-apr26-13/src/linad99/imat4.cpp
>f+++++++++ admb-apr26-13/src/linad99/imat5.cpp
>f+++++++++ admb-apr26-13/src/linad99/imat6.cpp
>f+++++++++ admb-apr26-13/src/linad99/imat7.cpp
>f+++++++++ admb-apr26-13/src/linad99/imat8.cpp
>f+++++++++ admb-apr26-13/src/linad99/imat9.cpp
>f+++++++++ admb-apr26-13/src/linad99/imat_a.cpp
>f+++++++++ admb-apr26-13/src/linad99/imat_io.cpp
>f+++++++++ admb-apr26-13/src/linad99/imsort.cpp
>f+++++++++ admb-apr26-13/src/linad99/indextyp.cpp
>f+++++++++ admb-apr26-13/src/linad99/ivec.cpp
>f+++++++++ admb-apr26-13/src/linad99/ivec2.cpp
>f+++++++++ admb-apr26-13/src/linad99/ivec3.cpp
>f+++++++++ admb-apr26-13/src/linad99/ivec4.cpp
>f+++++++++ admb-apr26-13/src/linad99/ivec7.cpp
>f+++++++++ admb-apr26-13/src/linad99/ivec8.cpp
>f+++++++++ admb-apr26-13/src/linad99/ivec9.cpp
>f+++++++++ admb-apr26-13/src/linad99/ivec_io1.cpp
>f+++++++++ admb-apr26-13/src/linad99/ivect10.cpp
>f+++++++++ admb-apr26-13/src/linad99/ivect11.cpp
>f+++++++++ admb-apr26-13/src/linad99/ivect6.cpp
>f+++++++++ admb-apr26-13/src/linad99/ivect_io.cpp
>f+++++++++ admb-apr26-13/src/linad99/ivector.cpp
>f+++++++++ admb-apr26-13/src/linad99/ivsort.cpp
>f+++++++++ admb-apr26-13/src/linad99/jacob2.cpp
>f+++++++++ admb-apr26-13/src/linad99/jacob3.cpp
>f+++++++++ admb-apr26-13/src/linad99/jacobclc.cpp
>f+++++++++ admb-apr26-13/src/linad99/libtype.cpp
>f+++++++++ admb-apr26-13/src/linad99/lmat.cpp
>f+++++++++ admb-apr26-13/src/linad99/lmat1.cpp
>f+++++++++ admb-apr26-13/src/linad99/lmat2.cpp
>f+++++++++ admb-apr26-13/src/linad99/lmat3.cpp
>f+++++++++ admb-apr26-13/src/linad99/lmat4.cpp
>f+++++++++ admb-apr26-13/src/linad99/lmat5.cpp
>f+++++++++ admb-apr26-13/src/linad99/lmat6.cpp
>f+++++++++ admb-apr26-13/src/linad99/lmat7.cpp
>f+++++++++ admb-apr26-13/src/linad99/lmat_a.cpp
>f+++++++++ admb-apr26-13/src/linad99/lmat_io.cpp
>f+++++++++ admb-apr26-13/src/linad99/logit.cpp
>f+++++++++ admb-apr26-13/src/linad99/ludcmp.hpp
>f+++++++++ admb-apr26-13/src/linad99/lvec1.cpp
>f+++++++++ admb-apr26-13/src/linad99/lvec2.cpp
>f+++++++++ admb-apr26-13/src/linad99/lvec_io1.cpp
>f+++++++++ admb-apr26-13/src/linad99/lvect_io.cpp
>f+++++++++ admb-apr26-13/src/linad99/lvector.cpp
>f+++++++++ admb-apr26-13/src/linad99/makesub.cpp
>f+++++++++ admb-apr26-13/src/linad99/manip.cpp
>f+++++++++ admb-apr26-13/src/linad99/maxmin.cpp
>f+++++++++ admb-apr26-13/src/linad99/mconf.h
>f+++++++++ admb-apr26-13/src/linad99/mfexp.cpp
>f+++++++++ admb-apr26-13/src/linad99/mfexp2.cpp
>f+++++++++ admb-apr26-13/src/linad99/mfexpcon.cpp
>f+++++++++ admb-apr26-13/src/linad99/mfupper.cpp
>f+++++++++ admb-apr26-13/src/linad99/mingw-optg32-rh8-laplace.mak
>f+++++++++ admb-apr26-13/src/linad99/mingw-safg32-rh8-laplace.mak
>f+++++++++ admb-apr26-13/src/linad99/minim.cpp
>f+++++++++ admb-apr26-13/src/linad99/model49.cpp
>f+++++++++ admb-apr26-13/src/linad99/multiindex.cpp
>f+++++++++ admb-apr26-13/src/linad99/newdar.cpp
>f+++++++++ admb-apr26-13/src/linad99/newfmin.cpp
>f+++++++++ admb-apr26-13/src/linad99/newhand.cpp
>f+++++++++ admb-apr26-13/src/linad99/newredef.h
>f+++++++++ admb-apr26-13/src/linad99/newreg2.cpp
>f+++++++++ admb-apr26-13/src/linad99/normmix.cpp
>f+++++++++ admb-apr26-13/src/linad99/normmix2.cpp
>f+++++++++ admb-apr26-13/src/linad99/objects.lst
>f+++++++++ admb-apr26-13/src/linad99/old_fvar_m24.cpp
>f+++++++++ admb-apr26-13/src/linad99/optbor32-laplace.mak
>f+++++++++ admb-apr26-13/src/linad99/optg32-rh8-laplace.mak
>f+++++++++ admb-apr26-13/src/linad99/optmatch.cpp
>f+++++++++ admb-apr26-13/src/linad99/optmsc8-laplace.mak
>f+++++++++ admb-apr26-13/src/linad99/orthply2.cpp
>f+++++++++ admb-apr26-13/src/linad99/orthpoly.cpp
>f+++++++++ admb-apr26-13/src/linad99/posfunc.cpp
>f+++++++++ admb-apr26-13/src/linad99/posfunv.cpp
>f+++++++++ admb-apr26-13/src/linad99/ptr2.cpp
>f+++++++++ admb-apr26-13/src/linad99/ptr_vec.cpp
>f+++++++++ admb-apr26-13/src/linad99/pvm3.h
>f+++++++++ admb-apr26-13/src/linad99/pvm3bor.h
>f+++++++++ admb-apr26-13/src/linad99/pvmwin.h
>f+++++++++ admb-apr26-13/src/linad99/qsort.h
>f+++++++++ admb-apr26-13/src/linad99/ranf_ni.cpp
>f+++++++++ admb-apr26-13/src/linad99/ranf_ni2.cpp
>f+++++++++ admb-apr26-13/src/linad99/ranfill.cpp
>f+++++++++ admb-apr26-13/src/linad99/ranfill1.cpp
>f+++++++++ admb-apr26-13/src/linad99/ranfill2.cpp
>f+++++++++ admb-apr26-13/src/linad99/rannegbn.cpp
>f+++++++++ admb-apr26-13/src/linad99/rngen.cpp
>f+++++++++ admb-apr26-13/src/linad99/rngen.hpp
>f+++++++++ admb-apr26-13/src/linad99/s.cpp
>f+++++++++ admb-apr26-13/src/linad99/s.h
>f+++++++++ admb-apr26-13/src/linad99/safbor32-laplace.mak
>f+++++++++ admb-apr26-13/src/linad99/safbor56.mak
>f+++++++++ admb-apr26-13/src/linad99/safg32-rh8-laplace.mak
>f+++++++++ admb-apr26-13/src/linad99/safmsc8-laplace.mak
>f+++++++++ admb-apr26-13/src/linad99/scbound.cpp
>f+++++++++ admb-apr26-13/src/linad99/scbound1.cpp
>f+++++++++ admb-apr26-13/src/linad99/sdmat.cpp
>f+++++++++ admb-apr26-13/src/linad99/set.cpp
>f+++++++++ admb-apr26-13/src/linad99/setin.cpp
>f+++++++++ admb-apr26-13/src/linad99/sgradclc.cpp
>f+++++++++ admb-apr26-13/src/linad99/shape.cpp
>f+++++++++ admb-apr26-13/src/linad99/signalh.cpp
>f+++++++++ admb-apr26-13/src/linad99/size.cpp
>f+++++++++ admb-apr26-13/src/linad99/slgrdclc.cpp
>f+++++++++ admb-apr26-13/src/linad99/suballoc.cpp
>f+++++++++ admb-apr26-13/src/linad99/svdcmp.h
>f+++++++++ admb-apr26-13/src/linad99/tensprod.cpp
>f+++++++++ admb-apr26-13/src/linad99/timer.cpp
>f+++++++++ admb-apr26-13/src/linad99/trunc.hpp
>f+++++++++ admb-apr26-13/src/linad99/tsdfpool.cpp
>f+++++++++ admb-apr26-13/src/linad99/ufstream.cpp
>f+++++++++ admb-apr26-13/src/linad99/v_ghk.cpp
>f+++++++++ admb-apr26-13/src/linad99/vbeta.cpp
>f+++++++++ admb-apr26-13/src/linad99/vbetdev.cpp
>f+++++++++ admb-apr26-13/src/linad99/vbivnorm.cpp
>f+++++++++ admb-apr26-13/src/linad99/vcumdbetainv.cpp
>f+++++++++ admb-apr26-13/src/linad99/vcumdcau.cpp
>f+++++++++ admb-apr26-13/src/linad99/vcumdexp.cpp
>f+++++++++ admb-apr26-13/src/linad99/vcumdist.cpp
>f+++++++++ admb-apr26-13/src/linad99/vcumdlog.cpp
>f+++++++++ admb-apr26-13/src/linad99/vgamdens.cpp
>f+++++++++ admb-apr26-13/src/linad99/vgamdev.cpp
>f+++++++++ admb-apr26-13/src/linad99/vinvcumdt.cpp
>f+++++++++ admb-apr26-13/src/linad99/vnegbin.cpp
>f+++++++++ admb-apr26-13/src/linad99/vnorlogmix.cpp
>f+++++++++ admb-apr26-13/src/linad99/vnormgam.cpp
>f+++++++++ admb-apr26-13/src/linad99/vrannegbin.cpp
>f+++++++++ admb-apr26-13/src/linad99/vregress.cpp
>f+++++++++ admb-apr26-13/src/linad99/vspline.cpp
>f+++++++++ admb-apr26-13/src/linad99/vtdev.cpp
>f+++++++++ admb-apr26-13/src/linad99/xdoublind.h
>f+++++++++ admb-apr26-13/src/linad99/xfmmtr1.cpp
>f+++++++++ admb-apr26-13/src/linad99/xgradclc.cpp
cd+++++++++ admb-apr26-13/src/nh99/
>f+++++++++ admb-apr26-13/src/nh99/ad3d.h
>f+++++++++ admb-apr26-13/src/nh99/admod2.h
>f+++++++++ admb-apr26-13/src/nh99/admodel.cpp
>f+++++++++ admb-apr26-13/src/nh99/admodel.h
>f+++++++++ admb-apr26-13/src/nh99/admodel.h.gch
>f+++++++++ admb-apr26-13/src/nh99/admodhd.h
>f+++++++++ admb-apr26-13/src/nh99/adsleep.cpp
>f+++++++++ admb-apr26-13/src/nh99/adsplus.h
>f+++++++++ admb-apr26-13/src/nh99/amoeba.cpp
>f+++++++++ admb-apr26-13/src/nh99/banner.cpp
>f+++++++++ admb-apr26-13/src/nh99/bet_rand.cpp
>f+++++++++ admb-apr26-13/src/nh99/cnstrs.cpp
>f+++++++++ admb-apr26-13/src/nh99/con2fmin.cpp
>f+++++++++ admb-apr26-13/src/nh99/constructors.h
>f+++++++++ admb-apr26-13/src/nh99/dep_hess.cpp
>f+++++++++ admb-apr26-13/src/nh99/dfqromb.cpp
>f+++++++++ admb-apr26-13/src/nh99/evalxtrn.cpp
>f+++++++++ admb-apr26-13/src/nh99/f2c.h
>f+++++++++ admb-apr26-13/src/nh99/gccmanip.h
>f+++++++++ admb-apr26-13/src/nh99/getbigs.cpp
>f+++++++++ admb-apr26-13/src/nh99/hybmcmc.cpp
>f+++++++++ admb-apr26-13/src/nh99/jni.h
>f+++++++++ admb-apr26-13/src/nh99/jni_md.h
>f+++++++++ admb-apr26-13/src/nh99/lbfgs.cpp
>f+++++++++ admb-apr26-13/src/nh99/lmnewton.cpp
>f+++++++++ admb-apr26-13/src/nh99/mc_scale.cpp
>f+++++++++ admb-apr26-13/src/nh99/mceval.cpp
>f+++++++++ admb-apr26-13/src/nh99/mcmcvar.h
>f+++++++++ admb-apr26-13/src/nh99/mingw-optg32-rh8-laplace.mak
>f+++++++++ admb-apr26-13/src/nh99/mod_hess.cpp
>f+++++++++ admb-apr26-13/src/nh99/mod_mc.cpp
>f+++++++++ admb-apr26-13/src/nh99/mod_mc1.cpp
>f+++++++++ admb-apr26-13/src/nh99/mod_mc2.cpp
>f+++++++++ admb-apr26-13/src/nh99/mod_mc3.cpp
>f+++++++++ admb-apr26-13/src/nh99/mod_mc4.cpp
>f+++++++++ admb-apr26-13/src/nh99/mod_pmin.cpp
>f+++++++++ admb-apr26-13/src/nh99/mod_prof.cpp
>f+++++++++ admb-apr26-13/src/nh99/mod_sd.cpp
>f+++++++++ admb-apr26-13/src/nh99/model.cpp
>f+++++++++ admb-apr26-13/src/nh99/model10.cpp
>f+++++++++ admb-apr26-13/src/nh99/model11.cpp
>f+++++++++ admb-apr26-13/src/nh99/model12.cpp
>f+++++++++ admb-apr26-13/src/nh99/model13.cpp
>f+++++++++ admb-apr26-13/src/nh99/model14.cpp
>f+++++++++ admb-apr26-13/src/nh99/model15.cpp
>f+++++++++ admb-apr26-13/src/nh99/model16.cpp
>f+++++++++ admb-apr26-13/src/nh99/model17.cpp
>f+++++++++ admb-apr26-13/src/nh99/model19.cpp
>f+++++++++ admb-apr26-13/src/nh99/model2.cpp
>f+++++++++ admb-apr26-13/src/nh99/model20.cpp
>f+++++++++ admb-apr26-13/src/nh99/model21.cpp
>f+++++++++ admb-apr26-13/src/nh99/model22.cpp
>f+++++++++ admb-apr26-13/src/nh99/model23.cpp
>f+++++++++ admb-apr26-13/src/nh99/model24.cpp
>f+++++++++ admb-apr26-13/src/nh99/model26.cpp
>f+++++++++ admb-apr26-13/src/nh99/model27.cpp
>f+++++++++ admb-apr26-13/src/nh99/model28.cpp
>f+++++++++ admb-apr26-13/src/nh99/model29.cpp
>f+++++++++ admb-apr26-13/src/nh99/model3.cpp
>f+++++++++ admb-apr26-13/src/nh99/model30.cpp
>f+++++++++ admb-apr26-13/src/nh99/model31.cpp
>f+++++++++ admb-apr26-13/src/nh99/model32.cpp
>f+++++++++ admb-apr26-13/src/nh99/model33.cpp
>f+++++++++ admb-apr26-13/src/nh99/model34.cpp
>f+++++++++ admb-apr26-13/src/nh99/model35.cpp
>f+++++++++ admb-apr26-13/src/nh99/model36.cpp
>f+++++++++ admb-apr26-13/src/nh99/model37.cpp
>f+++++++++ admb-apr26-13/src/nh99/model4.cpp
>f+++++++++ admb-apr26-13/src/nh99/model40.cpp
>f+++++++++ admb-apr26-13/src/nh99/model41.cpp
>f+++++++++ admb-apr26-13/src/nh99/model42.cpp
>f+++++++++ admb-apr26-13/src/nh99/model43.cpp
>f+++++++++ admb-apr26-13/src/nh99/model44.cpp
>f+++++++++ admb-apr26-13/src/nh99/model45.cpp
>f+++++++++ admb-apr26-13/src/nh99/model46.cpp
>f+++++++++ admb-apr26-13/src/nh99/model47.cpp
>f+++++++++ admb-apr26-13/src/nh99/model48.cpp
>f+++++++++ admb-apr26-13/src/nh99/model5.cpp
>f+++++++++ admb-apr26-13/src/nh99/model50.cpp
>f+++++++++ admb-apr26-13/src/nh99/model51.cpp
>f+++++++++ admb-apr26-13/src/nh99/model52.cpp
>f+++++++++ admb-apr26-13/src/nh99/model53.cpp
>f+++++++++ admb-apr26-13/src/nh99/model53x.cpp
>f+++++++++ admb-apr26-13/src/nh99/model6.cpp
>f+++++++++ admb-apr26-13/src/nh99/model7.cpp
>f+++++++++ admb-apr26-13/src/nh99/model8.cpp
>f+++++++++ admb-apr26-13/src/nh99/model9.cpp
>f+++++++++ admb-apr26-13/src/nh99/modhdet.cpp
>f+++++++++ admb-apr26-13/src/nh99/modspmin.cpp
>f+++++++++ admb-apr26-13/src/nh99/monte.cpp
>f+++++++++ admb-apr26-13/src/nh99/montebds.cpp
>f+++++++++ admb-apr26-13/src/nh99/mystuff.hpp
>f+++++++++ admb-apr26-13/src/nh99/newmodm2.cpp
>f+++++++++ admb-apr26-13/src/nh99/newmodm3.cpp
>f+++++++++ admb-apr26-13/src/nh99/newmodm4.cpp
>f+++++++++ admb-apr26-13/src/nh99/newmodm5.cpp
>f+++++++++ admb-apr26-13/src/nh99/newmodmn.cpp
>f+++++++++ admb-apr26-13/src/nh99/newredef.h
>f+++++++++ admb-apr26-13/src/nh99/nmonte.cpp
>f+++++++++ admb-apr26-13/src/nh99/nnewmod2.cpp
>f+++++++++ admb-apr26-13/src/nh99/objects.lst
>f+++++++++ admb-apr26-13/src/nh99/optbor32-laplace.mak
>f+++++++++ admb-apr26-13/src/nh99/optg32-rh8-laplace.mak
>f+++++++++ admb-apr26-13/src/nh99/optmsc8-laplace.mak
>f+++++++++ admb-apr26-13/src/nh99/para3.cpp
>f+++++++++ admb-apr26-13/src/nh99/paral3re.cpp
>f+++++++++ admb-apr26-13/src/nh99/paral5re.cpp
>f+++++++++ admb-apr26-13/src/nh99/paralle2.cpp
>f+++++++++ admb-apr26-13/src/nh99/parallel.cpp
>f+++++++++ admb-apr26-13/src/nh99/param_init_bounded_number_matrix.cpp
>f+++++++++ admb-apr26-13/src/nh99/param_init_bounded_number_matrix.h
>f+++++++++ admb-apr26-13/src/nh99/prmonte.cpp
>f+++++++++ admb-apr26-13/src/nh99/profmin.cpp
>f+++++++++ admb-apr26-13/src/nh99/pvmvar1.cpp
>f+++++++++ admb-apr26-13/src/nh99/randeff.cpp
>f+++++++++ admb-apr26-13/src/nh99/s.h
>f+++++++++ admb-apr26-13/src/nh99/safbor32-laplace.mak
>f+++++++++ admb-apr26-13/src/nh99/safmsc8-laplace.mak
>f+++++++++ admb-apr26-13/src/nh99/shared.cpp
>f+++++++++ admb-apr26-13/src/nh99/shared1.cpp
>f+++++++++ admb-apr26-13/src/nh99/spcomm.cpp
>f+++++++++ admb-apr26-13/src/nh99/spcomm.h
>f+++++++++ admb-apr26-13/src/nh99/t.cpp
>f+++++++++ admb-apr26-13/src/nh99/t.h
>f+++++++++ admb-apr26-13/src/nh99/temporar.h
>f+++++++++ admb-apr26-13/src/nh99/vec_io.cpp
>f+++++++++ admb-apr26-13/src/nh99/xmodelm3.cpp
>f+++++++++ admb-apr26-13/src/nh99/xmodelm4.cpp
>f+++++++++ admb-apr26-13/src/nh99/xmodelm5.cpp
>f+++++++++ admb-apr26-13/src/nh99/xmonte2.cpp
>f+++++++++ admb-apr26-13/src/nh99/xx.h
>f+++++++++ admb-apr26-13/src/nh99/xxmcmc.cpp
>f+++++++++ admb-apr26-13/src/nh99/xxmcmc2.cpp
>f+++++++++ admb-apr26-13/src/nh99/xxmcmc3.cpp
cd+++++++++ admb-apr26-13/src/sparse/
>f+++++++++ admb-apr26-13/src/sparse/ad_cif.cpp
>f+++++++++ admb-apr26-13/src/sparse/adoption.hpp
>f+++++++++ admb-apr26-13/src/sparse/adstring.hpp
>f+++++++++ admb-apr26-13/src/sparse/atoi.cpp
>f+++++++++ admb-apr26-13/src/sparse/cifstrem.cpp
>f+++++++++ admb-apr26-13/src/sparse/cifstrem.h
>f+++++++++ admb-apr26-13/src/sparse/clist.cpp
>f+++++++++ admb-apr26-13/src/sparse/clist.h
>f+++++++++ admb-apr26-13/src/sparse/cs.h
>f+++++++++ admb-apr26-13/src/sparse/dfadcif.cpp
>f+++++++++ admb-apr26-13/src/sparse/hs.h
>f+++++++++ admb-apr26-13/src/sparse/hs_sparse.cpp
>f+++++++++ admb-apr26-13/src/sparse/mem.cpp
>f+++++++++ admb-apr26-13/src/sparse/mycif.h
>f+++++++++ admb-apr26-13/src/sparse/objects.lst
>f+++++++++ admb-apr26-13/src/sparse/prn_t.h
>f+++++++++ admb-apr26-13/src/sparse/safe_mem.h
>f+++++++++ admb-apr26-13/src/sparse/str.cpp
>f+++++++++ admb-apr26-13/src/sparse/str_aio.cpp
>f+++++++++ admb-apr26-13/src/sparse/string.cpp
>f+++++++++ admb-apr26-13/src/sparse/string1.cpp
>f+++++++++ admb-apr26-13/src/sparse/string2.cpp
>f+++++++++ admb-apr26-13/src/sparse/string2a.cpp
>f+++++++++ admb-apr26-13/src/sparse/string3.cpp
>f+++++++++ admb-apr26-13/src/sparse/string4.cpp
>f+++++++++ admb-apr26-13/src/sparse/string5.cpp
>f+++++++++ admb-apr26-13/src/sparse/string5a.cpp
>f+++++++++ admb-apr26-13/src/sparse/string6.cpp
>f+++++++++ admb-apr26-13/src/sparse/tescl.h
>f+++++++++ admb-apr26-13/src/sparse/val.cpp
cd+++++++++ admb-apr26-13/src/tools99/
>f+++++++++ admb-apr26-13/src/tools99/ad_cif.cpp
>f+++++++++ admb-apr26-13/src/tools99/admb_messages.h
>f+++++++++ admb-apr26-13/src/tools99/adoption.hpp
>f+++++++++ admb-apr26-13/src/tools99/adstring.hpp
>f+++++++++ admb-apr26-13/src/tools99/adstring_array.cpp
>f+++++++++ admb-apr26-13/src/tools99/atoi.cpp
>f+++++++++ admb-apr26-13/src/tools99/cifstrem.cpp
>f+++++++++ admb-apr26-13/src/tools99/cifstrem.h
>f+++++++++ admb-apr26-13/src/tools99/clist.cpp
>f+++++++++ admb-apr26-13/src/tools99/clist.h
>f+++++++++ admb-apr26-13/src/tools99/dfadcif.cpp
>f+++++++++ admb-apr26-13/src/tools99/mem.cpp
>f+++++++++ admb-apr26-13/src/tools99/mingw-optg32-rh8-laplace.mak
>f+++++++++ admb-apr26-13/src/tools99/mycif.h
>f+++++++++ admb-apr26-13/src/tools99/objects.lst
>f+++++++++ admb-apr26-13/src/tools99/optbor32-laplace.mak
>f+++++++++ admb-apr26-13/src/tools99/optg32-rh8-laplace.mak
>f+++++++++ admb-apr26-13/src/tools99/optmsc8-laplace.mak
>f+++++++++ admb-apr26-13/src/tools99/prn_t.h
>f+++++++++ admb-apr26-13/src/tools99/safbor32-laplace.mak
>f+++++++++ admb-apr26-13/src/tools99/safe_mem.h
>f+++++++++ admb-apr26-13/src/tools99/safmsc8-laplace.mak
>f+++++++++ admb-apr26-13/src/tools99/str.cpp
>f+++++++++ admb-apr26-13/src/tools99/str_aio.cpp
>f+++++++++ admb-apr26-13/src/tools99/strcase.cpp
>f+++++++++ admb-apr26-13/src/tools99/strcase2.cpp
>f+++++++++ admb-apr26-13/src/tools99/string.cpp
>f+++++++++ admb-apr26-13/src/tools99/string1.cpp
>f+++++++++ admb-apr26-13/src/tools99/string2.cpp
>f+++++++++ admb-apr26-13/src/tools99/string2a.cpp
>f+++++++++ admb-apr26-13/src/tools99/string3.cpp
>f+++++++++ admb-apr26-13/src/tools99/string4.cpp
>f+++++++++ admb-apr26-13/src/tools99/string5.cpp
>f+++++++++ admb-apr26-13/src/tools99/string5a.cpp
>f+++++++++ admb-apr26-13/src/tools99/string6.cpp
>f+++++++++ admb-apr26-13/src/tools99/tescl.h
>f+++++++++ admb-apr26-13/src/tools99/val.cpp
cd+++++++++ admb-apr26-13/test/
cd+++++++++ admb-apr26-13/test/admb2r/
>f+++++++++ admb-apr26-13/test/admb2r/admb2r.cpp
cd+++++++++ admb-apr26-13/test/admb_messages/
>f+++++++++ admb-apr26-13/test/admb_messages/df1b2_separable.cpp
>f+++++++++ admb-apr26-13/test/admb_messages/linad99.cpp
>f+++++++++ admb-apr26-13/test/admb_messages/linad99_d4arr.cpp
>f+++++++++ admb-apr26-13/test/admb_messages/linad99_d5arr.cpp
>f+++++++++ admb-apr26-13/test/admb_messages/linad99_d6arr.cpp
>f+++++++++ admb-apr26-13/test/admb_messages/linad99_d7arr.cpp
>f+++++++++ admb-apr26-13/test/admb_messages/linad99_f4arr.cpp
>f+++++++++ admb-apr26-13/test/admb_messages/linad99_f5arr.cpp
>f+++++++++ admb-apr26-13/test/admb_messages/linad99_f6arr.cpp
>f+++++++++ admb-apr26-13/test/admb_messages/linad99_f7arr.cpp
>f+++++++++ admb-apr26-13/test/admb_messages/linad99_i3arr1_i4arr_i5arr.cpp
>f+++++++++ admb-apr26-13/test/admb_messages/linad99_imat1_imat2_imat4_imat7.cpp
>f+++++++++ admb-apr26-13/test/admb_messages/linad99_lmat1_lmat2_lmat4.cpp
>f+++++++++ admb-apr26-13/test/admb_messages/linad99_model49.cpp
>f+++++++++ admb-apr26-13/test/admb_messages/test_admb_messages.cpp
>f+++++++++ admb-apr26-13/test/admb_messages/tools99_string1.cpp
>f+++++++++ admb-apr26-13/test/admb_messages/tools99_string5.cpp
cd+++++++++ admb-apr26-13/test/adstring/
>f+++++++++ admb-apr26-13/test/adstring/test_adstring.cpp
>f+++++++++ admb-apr26-13/test/adstring/tools99_strcase.cpp
cd+++++++++ admb-apr26-13/test/atan2/
>f+++++++++ admb-apr26-13/test/atan2/test_atan2.cpp
cd+++++++++ admb-apr26-13/test/init_bounded_number_matrix/
>f+++++++++ admb-apr26-13/test/init_bounded_number_matrix/test_init_bounded_number_matrix.h
>f+++++++++ admb-apr26-13/test/init_bounded_number_matrix/test_param_init_bounded_number_matrix.cpp
cd+++++++++ admb-apr26-13/test/priors/
>f+++++++++ admb-apr26-13/test/priors/priors.cpp
cd+++++++++ admb-apr26-13/ts/
>f+++++++++ admb-apr26-13/ts/thread_stuff.cpp
>f+++++++++ admb-apr26-13/ts/thread_stuff2.cpp
>f+++++++++ admb-apr26-13/ts/thread_stuff3.cpp
>f+++++++++ admb-apr26-13/ts/thread_stuff4.cpp
>f+++++++++ admb-apr26-13/ts/thread_stuff5.cpp
>f+++++++++ admb-apr26-13/ts/thread_stuff6.cpp
>f+++++++++ admb-apr26-13/ts/thread_stuff7.cpp
>f+++++++++ admb-apr26-13/ts/thread_stuff8.cpp
>f+++++++++ admb-apr26-13/ts/xthread_stuff.cpp
>f+++++++++ admb-apr26-13/ts/ythread_stuff.cpp

sent 35257 bytes  received 4777 bytes  80068.00 bytes/sec
total size is 106875904  speedup is 2669.63 (DRY RUN)
