This is pdfTeX, Version 3.14159-1.10b (Web2C 7.4.5) (format=pdflatex 2008.4.28)  18 DEC 2008 09:19
**admbre
(./admbre.tex{/usr/share/texmf/pdftex/config/pdftex.cfg}
LaTeX2e <2001/06/01>
Babel <v3.7h> and hyphenation patterns for american, french, german, ngerman, n
ohyphenation, loaded.
(/usr/share/texmf/tex/latex/base/book.cls
Document Class: book 2001/04/21 v1.4e Standard LaTeX document class
(/usr/share/texmf/tex/latex/base/bk12.clo
File: bk12.clo 2001/04/21 v1.4e Standard LaTeX file (size option)
)
\c@part=\count79
\c@chapter=\count80
\c@section=\count81
\c@subsection=\count82
\c@subsubsection=\count83
\c@paragraph=\count84
\c@subparagraph=\count85
\c@figure=\count86
\c@table=\count87
\abovecaptionskip=\skip41
\belowcaptionskip=\skip42
\bibindent=\dimen102
)
(/usr/share/texmf/tex/latex/amsfonts/amssymb.sty
Package: amssymb 2002/01/22 v2.2d

(/usr/share/texmf/tex/latex/amsfonts/amsfonts.sty
Package: amsfonts 2001/10/25 v2.2f
\@emptytoks=\toks14
\symAMSa=\mathgroup4
\symAMSb=\mathgroup5
LaTeX Font Info:    Overwriting math alphabet `\mathfrak' in version `bold'
(Font)                  U/euf/m/n --> U/euf/b/n on input line 132.
))
(/usr/share/texmf/tex/latex/misc/here.sty) (./harvard.sty
Package: harvard 

(/usr/share/texmf/tex/latex/base/ifthen.sty
Package: ifthen 2001/05/26 v1.1c Standard LaTeX ifthen package (DPC)
)
(/usr/share/texmf/tex/latex/html/html.sty
(/usr/share/texmf/tex/latex/hyperref/hyperref.sty
Package: hyperref 2003/01/22 v6.73n Hypertext links for LaTeX

(/usr/share/texmf/tex/latex/graphics/keyval.sty
Package: keyval 1999/03/16 v1.13 key=value parser (DPC)
\KV@toks@=\toks15
)
\@linkdim=\dimen103
\Hy@linkcounter=\count88
\Hy@pagecounter=\count89

(/usr/share/texmf/tex/latex/hyperref/pd1enc.def
File: pd1enc.def 2003/01/22 v6.73n Hyperref: PDFDocEncoding definition (HO)
)
(/usr/share/texmf/tex/latex/config/hyperref.cfg
File: hyperref.cfg 2002/06/06 v1.2 hyperref configuration of TeXLive and teTeX
)
Package hyperref Info: Hyper figures OFF on input line 1792.
Package hyperref Info: Link nesting OFF on input line 1797.
Package hyperref Info: Hyper index ON on input line 1800.
Package hyperref Info: Plain pages ON on input line 1805.
Package hyperref Info: Backreferencing OFF on input line 1812.

Implicit mode ON; LaTeX internals redefined
Package hyperref Info: Bookmarks ON on input line 1916.
(/usr/share/texmf/tex/latex/html/url.sty
Package: url 1999/03/02  ver 1.4  Verb mode for urls, email addresses, and file
 names
)
LaTeX Info: Redefining \url on input line 2055.
\Fld@menulength=\count90
\Field@Width=\dimen104
\Fld@charsize=\dimen105
\Choice@toks=\toks16
\Field@toks=\toks17
Package hyperref Info: Hyper figures OFF on input line 2513.
Package hyperref Info: Link nesting OFF on input line 2518.
Package hyperref Info: Hyper index ON on input line 2521.
Package hyperref Info: backreferencing OFF on input line 2528.
Package hyperref Info: Link coloring OFF on input line 2533.
\c@Item=\count91
\c@Hfootnote=\count92
)
*hyperref using default driver hpdftex*
(/usr/share/texmf/tex/latex/hyperref/hpdftex.def
File: hpdftex.def 2003/01/22 v6.73n Hyperref driver for pdfTeX

(/usr/share/texmf/tex/latex/psnfss/pifont.sty
Package: pifont 2002/09/08 PSNFSS-v9.0a Pi font support (SPQR) 
LaTeX Font Info:    Try loading font information for U+pzd on input line 62.

(/usr/share/texmf/tex/latex/psnfss/upzd.fd
File: upzd.fd 2001/06/04 font definitions for U/pzd.
)
LaTeX Font Info:    Try loading font information for U+psy on input line 63.

(/usr/share/texmf/tex/latex/psnfss/upsy.fd
File: upsy.fd 2001/06/04 font definitions for U/psy.
))
\Fld@listcount=\count93
\@outlinefile=\write3
)
Package: html 1999/07/19 v1.38 hypertext commands for latex2html (nd, hws, rrm)

\c@lpart=\count94
\c@lchapter=\count95
\c@lsection=\count96
\c@lsubsection=\count97
\c@lsubsubsection=\count98
\c@lparagraph=\count99
\c@lsubparagraph=\count100
\c@lsubsubparagraph=\count101
\ptrfile=\write4
))
(/usr/share/texmf/tex/latex/base/makeidx.sty
Package: makeidx 2000/03/29 v1.0m Standard LaTeX package
)
(/usr/share/texmf/tex/latex/graphics/graphicx.sty
Package: graphicx 1999/02/16 v1.0f Enhanced LaTeX Graphics (DPC,SPQR)

(/usr/share/texmf/tex/latex/graphics/graphics.sty
Package: graphics 2001/07/07 v1.0n Standard LaTeX Graphics (DPC,SPQR)

(/usr/share/texmf/tex/latex/graphics/trig.sty
Package: trig 1999/03/16 v1.09 sin cos tan (DPC)
)
(/usr/share/texmf/tex/latex/config/graphics.cfg
File: graphics.cfg 2001/08/31 v1.1 graphics configuration of teTeX/TeXLive
)
Package graphics Info: Driver file: pdftex.def on input line 80.

(/usr/share/texmf/tex/latex/graphics/pdftex.def
File: pdftex.def 2002/06/19 v0.03k graphics/color for pdftex
\Gread@gobject=\count102
))
\Gin@req@height=\dimen106
\Gin@req@width=\dimen107
)
\@indexfile=\write5
\openout5 = `admbre.idx'.


Writing index file admbre.idx

LaTeX Warning: Unused global option(s):
    [letter,reqno].

(./admbre.aux)
\openout1 = `admbre.aux'.

LaTeX Font Info:    Checking defaults for OML/cmm/m/it on input line 41.
LaTeX Font Info:    ... okay on input line 41.
LaTeX Font Info:    Checking defaults for T1/cmr/m/n on input line 41.
LaTeX Font Info:    ... okay on input line 41.
LaTeX Font Info:    Checking defaults for OT1/cmr/m/n on input line 41.
LaTeX Font Info:    ... okay on input line 41.
LaTeX Font Info:    Checking defaults for OMS/cmsy/m/n on input line 41.
LaTeX Font Info:    ... okay on input line 41.
LaTeX Font Info:    Checking defaults for OMX/cmex/m/n on input line 41.
LaTeX Font Info:    ... okay on input line 41.
LaTeX Font Info:    Checking defaults for U/cmr/m/n on input line 41.
LaTeX Font Info:    ... okay on input line 41.
LaTeX Font Info:    Checking defaults for PD1/pdf/m/n on input line 41.
LaTeX Font Info:    ... okay on input line 41.
Package hyperref Info: Link coloring OFF on input line 41.
 (/usr/share/texmf/tex/latex/hyperref/nameref.sty
Package: nameref 2001/01/27 v2.19 Cross-referencing by name of section
\c@section@level=\count103
)
LaTeX Info: Redefining \ref on input line 41.
LaTeX Info: Redefining \pageref on input line 41.
 (./admbre.out) (./admbre.out)
\openout3 = `admbre.out'.

Package hyperref Info: *** compatibility with harvard ****  on input line 41.
 (/usr/share/texmf/tex/context/base/supp-pdf.tex
(/usr/share/texmf/tex/context/base/supp-mis.tex
loading : Context Support Macros / Missing
\protectiondepth=\count104
\scratchcounter=\count105
\scratchtoks=\toks18
\scratchdimen=\dimen108
\scratchskip=\skip43
\scratchmuskip=\muskip10
\scratchbox=\box26
\scratchread=\read1
\scratchwrite=\write6
\zeropoint=\dimen109
\minusone=\count106
\thousandpoint=\dimen110
\emptytoks=\toks19
\nextbox=\box27
\nextdepth=\dimen111
\everyline=\toks20
\!!counta=\count107
\!!countb=\count108
\recursecounter=\count109
)
loading : Context Support Macros / PDF
\nofMPsegments=\count110
\nofMParguments=\count111
\everyMPtoPDFconversion=\toks21
)
LaTeX Font Info:    Try loading font information for U+msa on input line 48.
 (/usr/share/texmf/tex/latex/amsfonts/umsa.fd
File: umsa.fd 2002/01/19 v2.2g AMS font definitions
)
LaTeX Font Info:    Try loading font information for U+msb on input line 48.

(/usr/share/texmf/tex/latex/amsfonts/umsb.fd
File: umsb.fd 2002/01/19 v2.2g AMS font definitions
) [1


{/usr/share/texmf/dvips/config/pdftex.map}] (../../../LICENSE) [2] (./admbre.to
c [3

])
\tf@toc=\write7
\openout7 = `admbre.toc'.

 [4]
Chapter 1.
LaTeX Font Info:    Try loading font information for OMS+cmr on input line 64.
(/usr/share/texmf/tex/latex/base/omscmr.fd
File: omscmr.fd 1999/05/25 v2.5h Standard LaTeX font definitions
)
LaTeX Font Info:    Font shape `OMS/cmr/m/n' in size <12> not available
(Font)              Font shape `OMS/cmsy/m/n' tried instead on input line 64.

Overfull \hbox (16.60735pt too wide) in paragraph at lines 66--68
/cmr12/used to han-dle ran-dom ef-fect in ADMB (http://bemata.imr.no/laplace.pd
f). 
 []

[5

]
Overfull \hbox (1.56653pt too wide) in paragraph at lines 111--112
[]/cmr12/Sampling from the Bayesian pos-te-rior us-ing MCMC (Metropolis-Hasting
s
 []

[6] [7] [8

]
Chapter 2.
[9]
Overfull \hbox (2.97234pt too wide) in paragraph at lines 194--198
 /cmbx12/Com-pil-ing an ADMB pro-gram[] /cmr12/Af-ter hav-ing fin-ished writ-in
g /cmtt12/simple.tpl/cmr12/,
 []

[10] [11] [12]
Overfull \hbox (44.27448pt too wide) in paragraph at lines 317--323
/cmr12/new pa-ram-e-ter type /cmtt12/random[]effects[]vector/cmr12/. [](There i
s also a /cmtt12/random[]effects[]matrix
 []


Overfull \hbox (10.3969pt too wide) in paragraph at lines 334--338
[]/cmr12/Random ef-fects are in-te-grated out of the like-li-hood, while hyper-
parameters
 []

[13] [14]
Overfull \hbox (27.44661pt too wide) in paragraph at lines 404--408
/cmr12/can be used as or-di-nary pro-gram-ming vari-ables un-der the /cmtt12/PR
OCEDURE[]SECTION/cmr12/.
 []

[15] [16]
Overfull \hbox (6.0361pt too wide) in paragraph at lines 486--492
[]/cmr12/In /cmtt12/simple.tpl /cmr12/we de-clared $/cmmi12/x[]; [] ; x[]$ /cmr
12/to be of type /cmtt12/random[]effects[]vector/cmr12/.
 []

[17]
Overfull \hbox (31.48808pt too wide) in paragraph at lines 518--522
/cmr12/(This, of course, re-quires that we change the type of /cmtt12/x /cmr12/
from  /cmtt12/random[]effects[]vector
 []

[18] [19]
Overfull \hbox (28.59023pt too wide) in paragraph at lines 594--594
[]  /cmtt12/g -= -0.5*norm2(ui);     // N(0,1) likelihood contribution from u's
[] 
 []


Overfull \hbox (40.91959pt too wide) in paragraph at lines 595--596
 /cmbx12/Full ex-am-ple:[] /cmr12/http://www.otter-rsch.com/admbre/examples/gam
ma/gamma.html 
 []


Overfull \hbox (22.41522pt too wide) in paragraph at lines 607--607
[]  /cmtt12/g -= -0.5*norm2(ui);    // N(0,1) likelihood contribution from u's[
] 
 []


Overfull \hbox (28.59023pt too wide) in paragraph at lines 629--629
[]  /cmtt12/g -= - 0.5*norm2(ui);    // N(0,1) likelihood contribution from u's
[] 
 []


Overfull \hbox (3.89021pt too wide) in paragraph at lines 629--629
[]    /cmtt12/g(i) = robust_normal_mixture_deviate(u(i));        // c = 1.0[] 
 []


Overfull \hbox (3.89021pt too wide) in paragraph at lines 629--629
[]    /cmtt12///g(i) = robust_normal_mixture_deviate(u(i),2.0);  // c = 2.0[] 
 []

[20]
Overfull \hbox (27.06601pt too wide) in paragraph at lines 654--661
/cmr12/pa-ram-e-ters. It should be noted that the only thing that the /cmtt12/r
andom[]effects[]vector
 []


LaTeX Warning: Citation 'skau:four:2004' on page 21 undefined on input line 673
.

[21] [22] [23] [24]
Overfull \hbox (22.41522pt too wide) in paragraph at lines 792--792
[]      /cmtt12/g -= -log(sigma) - 0.5*square((y(i,j)-mu-sigma_u*u(i))/sigma);[
] 
 []

[25]
Overfull \hbox (3.85396pt too wide) in paragraph at lines 817--820
[]/cmr12/The ar-gu-ment list in the def-i-ni-tion of the /cmtt12/SEPARABLE[]FUN
CTION $[]$
 []


Overfull \hbox (24.61337pt too wide) in paragraph at lines 827--828
/cmr12/The data types that cur-rently can be passed as ar-gu-ments to a /cmtt12
/SEPARABLE[]FUNCTION
 []


Overfull \hbox (77.99025pt too wide) in paragraph at lines 839--839
[]/cmtt12/SEPARABLE_FUNCTION void f(int i, const dvariable& a, const dvar_vecto
r& beta)[] 
 []


Overfull \hbox (37.99518pt too wide) in paragraph at lines 851--854
/cmr12/This rule im-plies that all the ac-tion has to take place in-side the /c
mtt12/SEPARABLE[]FUNCTION/cmr12/'s.
 []


Overfull \hbox (28.23625pt too wide) in paragraph at lines 851--854
/cmr12/fol-low-ing pro-gram-ming prac-tice is rec-om-mended when us-ing /cmtt12
/SEPARABLE[]FUNCTION/cmr12/'s: 
 []

[26]
Overfull \hbox (53.29024pt too wide) in paragraph at lines 868--868
[]/cmtt12/SEPARABLE_FUNCTION void prior(const dvariable& log_s, const dvariable
& u)[] 
 []


Overfull \hbox (84.16525pt too wide) in paragraph at lines 912--912
[]/cmtt12/SEPARABLE_FUNCTION void g_cluster(const dvariable& v,const dvar_vecto
r& u,...)[] 
 []

[27] [28]
Overfull \hbox (16.28091pt too wide) in paragraph at lines 961--962
 /cmbx12/Full ex-am-ple[] /cmr12/http://www.otter-rsch.com/admbre/examples/poli
o/polio.html. 
 []


Overfull \hbox (5.38033pt too wide) in paragraph at lines 969--972
/cmr12/we would merge the $/cmmi12/u$ /cmr12/and $/cmmi12/v$ /cmr12/vec-tors in
to a sin-gle vec-tor $(/cmmi12/u[]; v[]; u[]; v[]; [] ; u[]; v[]/cmr12/)$,
 []


Overfull \hbox (53.29024pt too wide) in paragraph at lines 983--983
[]  /cmtt12/g_conditional(u(2*(i-2)+1),u(2*(i-2)+2),u(2*(i-2)+3),u(2*(i-2)+4),.
..);[] 
 []

[29]
Overfull \hbox (13.58618pt too wide) in paragraph at lines 1009--1015
/cmr12/oc-curs in the data, then the pos-te-rior co-vari-ance ma-trix of $(/cmm
i12/u[]; [] ; u[]; v[]; [] ; v[]/cmr12/)$
 []

[30]
Overfull \hbox (42.35568pt too wide) in paragraph at lines 1070--1071
 /cmbx12/Full ex-am-ple:[] /cmr12/http://www.otter-rsch.com/admbre/examples/wei
ghts/weights.html 
 []

[31] [32]
Overfull \hbox (16.24022pt too wide) in paragraph at lines 1116--1116
[]    /cmtt12/$ ./union -l1 10000000 -l2 100000000 -l3 10000000 -nl1 10000000[]
 
 []

[33]
Overfull \hbox (8.91925pt too wide) in paragraph at lines 1156--1161
/cmr12/the code where /cmtt12/S /cmr12/gets as-signed its value must be placed 
in a /cmtt12/SEPARABLE[]FUNCTION
 []

[34] [35] [36]
Appendix A.

Overfull \hbox (15.79092pt too wide) in paragraph at lines 1279--1298
 [] 
 []

[37

] [38

]
Appendix B.
[39] [40]
Appendix C.
<ADMBprim.pdf, id=446, 614.295pt x 794.97pt>
File: ADMBprim.pdf Graphic file (type pdf)
 <use ADMBprim.pdf>
Overfull \hbox (86.21185pt too wide) in paragraph at lines 1361--1362
[] 
 []


Underfull \vbox (badness 10000) has occurred while \output is active []

 [41

]
Overfull \vbox (188.74167pt too high) has occurred while \output is active []


[42 <./ADMBprim.pdf>] <compiling.pdf, id=465, 597.23125pt x 845.1575pt>
File: compiling.pdf Graphic file (type pdf)

<use compiling.pdf>
Overfull \hbox (86.21185pt too wide) in paragraph at lines 1366--1367
[][] 
 []


Overfull \vbox (106.33647pt too high) has occurred while \output is active []


[43 <./compiling.pdf>]
No file admbre.bbl.
No file admbre.ind.
(./admbre.aux) ) 
Here is how much of TeX's memory you used:
 3440 strings out of 95437
 44105 string characters out of 1190233
 93347 words of memory out of 1000001
 6275 multiletter control sequences out of 10000+50000
 15197 words of font info for 57 fonts, out of 500000 for 1000
 14 hyphenation exceptions out of 1000
 42i,7n,36p,226b,338s stack positions out of 1500i,500n,5000p,200000b,5000s
 486 PDF objects out of 300000
 117 named destinations out of 131072
 257 words of extra memory for PDF output out of 65536
</usr/share/texmf/fonts/type1/bluesky/symbols/msam10.pfb>{/usr/
share/texmf/dvips/tetex/f7b6d320.enc}</usr/share/texmf/fonts/type1/bluesky/cm/c
mr6.pfb>{/usr/share/texmf/dvips/tetex/bbad153f.enc}</usr/share/texmf/fonts/type
1/bluesky/cm/cmsy8.pfb></usr/share/texmf/fonts/type1/bluesky/cm/cmex10.pfb>{/us
r/share/texmf/dvips/tetex/aae443f0.enc}</usr/share/texmf/fonts/type1/bluesky/cm
/cmmi8.pfb></usr/share/texmf/fonts/type1/bluesky/cm/cmr8.pfb></usr/share/texmf/
fonts/type1/bluesky/cm/cmmi12.pfb>{/usr/share/texmf/dvips/tetex/74afc74c.enc}</
usr/share/texmf/fonts/type1/bluesky/cm/cmti12.pfb>{/usr/share/texmf/dvips/tetex
/09fbbfac.enc}</usr/share/texmf/fonts/type1/bluesky/cm/cmtt12.pfb></usr/share/t
exmf/fonts/type1/bluesky/cm/cmsy10.pfb></usr/share/texmf/fonts/type1/bluesky/cm
/cmsl12.pfb></usr/share/texmf/fonts/type1/bluesky/cm/cmbx12.pfb></usr/share/tex
mf/fonts/type1/bluesky/cm/cmr12.pfb></usr/share/texmf/fonts/type1/bluesky/cm/cm
r17.pfb>
Output written on admbre.pdf (43 pages, 267495 bytes).
