This is pdfTeX, Version 3.1415926-1.40.11 (TeX Live 2010) (format=pdflatex 2010.11.9)  9 NOV 2010 09:17
entering extended mode
 restricted \write18 enabled.
 %&-line parsing enabled.
**admb
(./admb.tex
LaTeX2e <2009/09/24>
Babel <v3.8l> and hyphenation patterns for english, dumylang, nohyphenation, ge
rman-x-2009-06-19, ngerman-x-2009-06-19, afrikaans, ancientgreek, ibycus, arabi
c, armenian, basque, bulgarian, catalan, pinyin, coptic, croatian, czech, danis
h, dutch, ukenglish, usenglishmax, esperanto, estonian, farsi, finnish, french,
 galician, german, ngerman, swissgerman, monogreek, greek, hungarian, icelandic
, assamese, bengali, gujarati, hindi, kannada, malayalam, marathi, oriya, panja
bi, tamil, telugu, indonesian, interlingua, irish, italian, kurmanji, lao, lati
n, latvian, lithuanian, mongolian, mongolianlmc, bokmal, nynorsk, polish, portu
guese, romanian, russian, sanskrit, serbian, slovak, slovenian, spanish, swedis
h, turkish, turkmen, ukrainian, uppersorbian, welsh, loaded.
(/share/home/jsibert/share/texmf/tex/latex/admbmanual/admbmanual.cls
Document Class: admbmanual 2009/06/01 v1.0 ADMBMANUAL class file
(/share/home/jsibert/share/texmf-dist/tex/latex/base/book.cls
Document Class: book 2007/10/19 v1.4h Standard LaTeX document class
(/share/home/jsibert/share/texmf-dist/tex/latex/base/bk12.clo
File: bk12.clo 2007/10/19 v1.4h Standard LaTeX file (size option)
)
\c@part=\count79
\c@chapter=\count80
\c@section=\count81
\c@subsection=\count82
\c@subsubsection=\count83
\c@paragraph=\count84
\c@subparagraph=\count85
\c@figure=\count86
\c@table=\count87
\abovecaptionskip=\skip41
\belowcaptionskip=\skip42
\bibindent=\dimen102
)
(/share/home/jsibert/share/texmf-dist/tex/latex/base/ifthen.sty
Package: ifthen 2001/05/26 v1.1c Standard LaTeX ifthen package (DPC)
)
(/share/home/jsibert/share/texmf-dist/tex/latex/base/fontenc.sty
Package: fontenc 2005/09/27 v1.99g Standard LaTeX package

(/share/home/jsibert/share/texmf-dist/tex/latex/base/t1enc.def
File: t1enc.def 2005/09/27 v1.99g Standard LaTeX file
LaTeX Font Info:    Redeclaring font encoding T1 on input line 43.
))
(/share/home/jsibert/share/texmf-dist/tex/latex/taupin/smallcap.sty
LaTeX Info: Redefining \textsc on input line 12.
)
(/share/home/jsibert/share/texmf-dist/tex/latex/amsmath/amsmath.sty
Package: amsmath 2000/07/18 v2.13 AMS math features
\@mathmargin=\skip43

For additional information on amsmath, use the `?' option.
(/share/home/jsibert/share/texmf-dist/tex/latex/amsmath/amstext.sty
Package: amstext 2000/06/29 v2.01

(/share/home/jsibert/share/texmf-dist/tex/latex/amsmath/amsgen.sty
File: amsgen.sty 1999/11/30 v2.0
\@emptytoks=\toks14
\ex@=\dimen103
))
(/share/home/jsibert/share/texmf-dist/tex/latex/amsmath/amsbsy.sty
Package: amsbsy 1999/11/29 v1.2d
\pmbraise@=\dimen104
)
(/share/home/jsibert/share/texmf-dist/tex/latex/amsmath/amsopn.sty
Package: amsopn 1999/12/14 v2.01 operator names
)
\inf@bad=\count88
LaTeX Info: Redefining \frac on input line 211.
\uproot@=\count89
\leftroot@=\count90
LaTeX Info: Redefining \overline on input line 307.
\classnum@=\count91
\DOTSCASE@=\count92
LaTeX Info: Redefining \ldots on input line 379.
LaTeX Info: Redefining \dots on input line 382.
LaTeX Info: Redefining \cdots on input line 467.
\Mathstrutbox@=\box26
\strutbox@=\box27
\big@size=\dimen105
LaTeX Font Info:    Redeclaring font encoding OML on input line 567.
LaTeX Font Info:    Redeclaring font encoding OMS on input line 568.
\macc@depth=\count93
\c@MaxMatrixCols=\count94
\dotsspace@=\muskip10
\c@parentequation=\count95
\dspbrk@lvl=\count96
\tag@help=\toks15
\row@=\count97
\column@=\count98
\maxfields@=\count99
\andhelp@=\toks16
\eqnshift@=\dimen106
\alignsep@=\dimen107
\tagshift@=\dimen108
\tagwidth@=\dimen109
\totwidth@=\dimen110
\lineht@=\dimen111
\@envbody=\toks17
\multlinegap=\skip44
\multlinetaggap=\skip45
\mathdisplay@stack=\toks18
LaTeX Info: Redefining \[ on input line 2666.
LaTeX Info: Redefining \] on input line 2667.
)
(/share/home/jsibert/share/texmf-dist/tex/latex/amsfonts/amssymb.sty
Package: amssymb 2009/06/22 v3.00

(/share/home/jsibert/share/texmf-dist/tex/latex/amsfonts/amsfonts.sty
Package: amsfonts 2009/06/22 v3.00 Basic AMSFonts support
\symAMSa=\mathgroup4
\symAMSb=\mathgroup5
LaTeX Font Info:    Overwriting math alphabet `\mathfrak' in version `bold'
(Font)                  U/euf/m/n --> U/euf/b/n on input line 96.
))
(/share/home/jsibert/share/texmf-dist/tex/latex/tools/bm.sty
Package: bm 2004/02/26 v1.1c Bold Symbol Support (DPC/FMi)
\symboldoperators=\mathgroup6
\symboldletters=\mathgroup7
\symboldsymbols=\mathgroup8
LaTeX Font Info:    Redeclaring math alphabet \mathbf on input line 138.
LaTeX Info: Redefining \bm on input line 204.
)
(/share/home/jsibert/share/texmf-dist/tex/latex/relsize/relsize.sty
Package: relsize 2003/07/04 ver 3.1
)
(/share/home/jsibert/share/texmf-dist/tex/latex/fancyhdr/fancyhdr.sty
\fancy@headwidth=\skip46
\f@ncyO@elh=\skip47
\f@ncyO@erh=\skip48
\f@ncyO@olh=\skip49
\f@ncyO@orh=\skip50
\f@ncyO@elf=\skip51
\f@ncyO@erf=\skip52
\f@ncyO@olf=\skip53
\f@ncyO@orf=\skip54
)
(/share/home/jsibert/share/texmf-dist/tex/latex/tocbibind/tocbibind.sty
Package: tocbibind 2010/10/13 v1.5k extra ToC listings
Package tocbibind Info: The document has chapter divisions on input line 50.


Package tocbibind Note: Using chapter style headings, unless overridden.

) (/share/home/jsibert/share/texmf-dist/tex/latex/base/makeidx.sty
Package: makeidx 2000/03/29 v1.0m Standard LaTeX package
)
(/share/home/jsibert/share/texmf-dist/tex/latex/tools/multicol.sty
Package: multicol 2008/12/05 v1.6h multicolumn formatting (FMi)
\c@tracingmulticols=\count100
\mult@box=\box28
\multicol@leftmargin=\dimen112
\c@unbalance=\count101
\c@collectmore=\count102
\doublecol@number=\count103
\multicoltolerance=\count104
\multicolpretolerance=\count105
\full@width=\dimen113
\page@free=\dimen114
\premulticols=\dimen115
\postmulticols=\dimen116
\multicolsep=\skip55
\multicolbaselineskip=\skip56
\partial@page=\box29
\last@line=\box30
\mult@rightbox=\box31
\mult@grightbox=\box32
\mult@gfirstbox=\box33
\mult@firstbox=\box34
\@tempa=\box35
\@tempa=\box36
\@tempa=\box37
\@tempa=\box38
\@tempa=\box39
\@tempa=\box40
\@tempa=\box41
\@tempa=\box42
\@tempa=\box43
\@tempa=\box44
\@tempa=\box45
\@tempa=\box46
\@tempa=\box47
\@tempa=\box48
\@tempa=\box49
\@tempa=\box50
\@tempa=\box51
\c@columnbadness=\count106
\c@finalcolumnbadness=\count107
\last@try=\dimen117
\multicolovershoot=\dimen118
\multicolundershoot=\dimen119
\mult@nat@firstbox=\box52
\colbreak@box=\box53
)
(/share/home/jsibert/share/texmf-dist/tex/latex/fancyvrb/fancyvrb.sty
Package: fancyvrb 2008/02/07

Style option: `fancyvrb' v2.7a, with DG/SPQR fixes, and firstline=lastline fix 
<2008/02/07> (tvz)
(/share/home/jsibert/share/texmf-dist/tex/latex/graphics/keyval.sty
Package: keyval 1999/03/16 v1.13 key=value parser (DPC)
\KV@toks@=\toks19
)
\FV@CodeLineNo=\count108
\FV@InFile=\read1
\FV@TabBox=\box54
\c@FancyVerbLine=\count109
\FV@StepNumber=\count110
\FV@OutFile=\write3
)
(/share/home/jsibert/share/texmf-dist/tex/latex/listings/listings.sty
\lst@mode=\count111
\lst@gtempboxa=\box55
\lst@token=\toks20
\lst@length=\count112
\lst@currlwidth=\dimen120
\lst@column=\count113
\lst@pos=\count114
\lst@lostspace=\dimen121
\lst@width=\dimen122
\lst@newlines=\count115
\lst@lineno=\count116
\lst@maxwidth=\dimen123

(/share/home/jsibert/share/texmf-dist/tex/latex/listings/lstmisc.sty
File: lstmisc.sty 2007/02/22 1.4 (Carsten Heinz)
\c@lstnumber=\count117
\lst@skipnumbers=\count118
\lst@framebox=\box56
)
(/share/home/jsibert/share/texmf-dist/tex/latex/listings/listings.cfg
File: listings.cfg 2007/02/22 1.4 listings configuration
))
Package: listings 2007/02/22 1.4 (Carsten Heinz)

(/share/home/jsibert/share/texmf-dist/tex/latex/graphics/graphicx.sty
Package: graphicx 1999/02/16 v1.0f Enhanced LaTeX Graphics (DPC,SPQR)

(/share/home/jsibert/share/texmf-dist/tex/latex/graphics/graphics.sty
Package: graphics 2009/02/05 v1.0o Standard LaTeX Graphics (DPC,SPQR)

(/share/home/jsibert/share/texmf-dist/tex/latex/graphics/trig.sty
Package: trig 1999/03/16 v1.09 sin cos tan (DPC)
)
(/share/home/jsibert/share/texmf-dist/tex/latex/latexconfig/graphics.cfg
File: graphics.cfg 2010/04/23 v1.9 graphics configuration of TeX Live
)
Package graphics Info: Driver file: pdftex.def on input line 91.

(/share/home/jsibert/share/texmf-dist/tex/latex/pdftex-def/pdftex.def
File: pdftex.def 2010/09/14 v0.05b Graphics/color for pdfTeX
\Gread@gobject=\count119
))
\Gin@req@height=\dimen124
\Gin@req@width=\dimen125
)
(/share/home/jsibert/share/texmf-dist/tex/latex/caption/caption.sty
Package: caption 2010/01/09 v3.1m Customizing captions (AR)

(/share/home/jsibert/share/texmf-dist/tex/latex/caption/caption3.sty
Package: caption3 2010/01/14 v3.1m caption3 kernel (AR)
\captionmargin=\dimen126
\captionmargin@=\dimen127
\captionwidth=\dimen128
\caption@indent=\dimen129
\caption@parindent=\dimen130
\caption@hangindent=\dimen131
)
\c@ContinuedFloat=\count120
Package caption Info: listings package is loaded.
)
(/share/home/jsibert/share/texmf-dist/tex/latex/wrapfig/wrapfig.sty
\wrapoverhang=\dimen132
\WF@size=\dimen133
\c@WF@wrappedlines=\count121
\WF@box=\box57
\WF@everypar=\toks21
Package: wrapfig 2003/01/31  v 3.6
)
(/share/home/jsibert/share/texmf-dist/tex/latex/tools/rawfonts.sty
Package: rawfonts 1994/05/08 Low-level LaTeX 2.09 font compatibility

(/share/home/jsibert/share/texmf-dist/tex/latex/tools/somedefs.sty
Package: somedefs 1994/06/01 v0.03 Toolkit for optional definitions
)
LaTeX Font Info:    Try loading font information for U+lasy on input line 45.

(/share/home/jsibert/share/texmf-dist/tex/latex/base/ulasy.fd
File: ulasy.fd 1998/08/17 v2.2e LaTeX symbol font definitions
))
(/share/home/jsibert/share/texmf-dist/tex/generic/pictex/pictexwd.sty
(/share/home/jsibert/share/texmf-dist/tex/generic/pictex/prepictex.tex)
(/share/home/jsibert/share/texmf-dist/tex/generic/pictex/pictexwd.tex)
(/share/home/jsibert/share/texmf-dist/tex/generic/pictex/postpictex.tex)
(/share/home/jsibert/share/texmf-dist/tex/generic/pictex/picmore.tex)
(/share/home/jsibert/share/texmf-dist/tex/generic/pictex/piccorr.sty))
(/share/home/jsibert/share/texmf-dist/tex/latex/etex-pkg/etex.sty
Package: etex 1998/03/26 v2.0 eTeX basic definition package (PEB)
\et@xins=\count137
)
(/share/home/jsibert/share/texmf-dist/tex/generic/xypic/xy.sty
(/share/home/jsibert/share/texmf-dist/tex/generic/xypic/xy.tex Bootstrap'ing:
catcodes, docmode,
(/share/home/jsibert/share/texmf-dist/tex/generic/xypic/xyrecat.tex)
(/share/home/jsibert/share/texmf-dist/tex/generic/xypic/xyidioms.tex)

 Xy-pic version 3.8.4 <2010/10/11>
 Copyright (c) 1991-2010 by Kristoffer H. Rose <krisrose@tug.org>
 Xy-pic is free software: see the User's Guide for details.

Loading kernel: messages; fonts; allocations: state,
\X@c=\dimen211
\Y@c=\dimen212
\U@c=\dimen213
\D@c=\dimen214
\L@c=\dimen215
\R@c=\dimen216
\Edge@c=\toks25
\X@p=\dimen217
\Y@p=\dimen218
\U@p=\dimen219
\D@p=\dimen220
\L@p=\dimen221
\R@p=\dimen222
\Edge@p=\toks26
\X@origin=\dimen223
\Y@origin=\dimen224
\X@xbase=\dimen225
\Y@xbase=\dimen226
\X@ybase=\dimen227
\Y@ybase=\dimen228
\X@min=\dimen229
\Y@min=\dimen230
\X@max=\dimen231
\Y@max=\dimen232
\lastobjectbox@=\box64
\zerodotbox@=\box65
\almostz@=\dimen233
 direction,
Normal \dimen register pool exhausted, switching to extended pool.
\d@X=\dimen256
\d@Y=\dimen257
\K@=\count138
\KK@=\count139
\Direction=\count140
\K@dXdY=\dimen258
\K@dYdX=\dimen259
\xyread@=\read2
\xywrite@=\write5
\csp@=\count141
\quotPTK@=\dimen260

utility macros; pictures: \xy, positions,
\swaptoks@@=\toks27
\connectobjectbox@@=\box66
 objects,
\styletoks@=\toks28
 decorations;
kernel objects: directionals, circles, text; options; algorithms: directions,
edges, connections;  Xy-pic loaded)
(/share/home/jsibert/share/texmf-dist/tex/generic/oberdiek/ifpdf.sty
Package: ifpdf 2010/01/28 v2.1 Provides the ifpdf switch (HO)
Package ifpdf Info: pdfTeX in pdf mode detected.
)
Package: xy 2010/10/11 Xy-pic version 3.8.4

(/share/home/jsibert/share/texmf-dist/tex/generic/xypic/xypdf.tex
 Xy-pic option: PDF driver v.1.5 loaded))
(/share/home/jsibert/share/texmf-dist/tex/latex/graphics/color.sty
Package: color 2005/11/14 v1.0j Standard LaTeX Color (DPC)

(/share/home/jsibert/share/texmf-dist/tex/latex/latexconfig/color.cfg
File: color.cfg 2007/01/18 v1.5 color configuration of teTeX/TeXLive
)
Package color Info: Driver file: pdftex.def on input line 130.
)
(/share/home/jsibert/share/texmf-dist/tex/latex/hyperref/hyperref.sty
Package: hyperref 2010/10/30 v6.81t Hypertext links for LaTeX

(/share/home/jsibert/share/texmf-dist/tex/generic/oberdiek/ltxcmds.sty
Package: ltxcmds 2010/04/26 v1.7 LaTeX kernel commands for general use (HO)
)
(/share/home/jsibert/share/texmf-dist/tex/generic/oberdiek/infwarerr.sty
Package: infwarerr 2010/04/08 v1.3 Providing info/warning/message (HO)
)
(/share/home/jsibert/share/texmf-dist/tex/generic/oberdiek/kvsetkeys.sty
Package: kvsetkeys 2010/03/01 v1.9 Key value parser (HO)

(/share/home/jsibert/share/texmf-dist/tex/generic/oberdiek/etexcmds.sty
Package: etexcmds 2010/01/28 v1.3 Prefix for e-TeX command names (HO)
Package etexcmds Info: Could not find \expanded.
(etexcmds)             That can mean that you are not using pdfTeX 1.50 or
(etexcmds)             that some package has redefined \expanded.
(etexcmds)             In the latter case, load this package earlier.
))
(/share/home/jsibert/share/texmf-dist/tex/generic/oberdiek/pdfescape.sty
Package: pdfescape 2010/03/01 v1.9 Provides hex, PDF name and string conversion
s (HO)

(/share/home/jsibert/share/texmf-dist/tex/generic/oberdiek/pdftexcmds.sty
Package: pdftexcmds 2010/04/01 v0.9 Utility functions of pdfTeX for LuaTeX (HO)


(/share/home/jsibert/share/texmf-dist/tex/generic/oberdiek/ifluatex.sty
Package: ifluatex 2010/03/01 v1.3 Provides the ifluatex switch (HO)
Package ifluatex Info: LuaTeX not detected.
)
Package pdftexcmds Info: LuaTeX not detected.
Package pdftexcmds Info: \pdf@primitive is available.
Package pdftexcmds Info: \pdf@ifprimitive is available.
))
(/share/home/jsibert/share/texmf-dist/tex/generic/oberdiek/ifvtex.sty
Package: ifvtex 2010/03/01 v1.5 Switches for detecting VTeX and its modes (HO)
Package ifvtex Info: VTeX not detected.
)
(/share/home/jsibert/share/texmf-dist/tex/generic/ifxetex/ifxetex.sty
Package: ifxetex 2010/09/12 v0.6 Provides ifxetex conditional
)
(/share/home/jsibert/share/texmf-dist/tex/latex/oberdiek/hycolor.sty
Package: hycolor 2009/12/12 v1.6 Color options of hyperref/bookmark (HO)

(/share/home/jsibert/share/texmf-dist/tex/latex/oberdiek/xcolor-patch.sty
Package: xcolor-patch 2009/12/12 xcolor patch
))
(/share/home/jsibert/share/texmf-dist/tex/latex/oberdiek/letltxmacro.sty
Package: letltxmacro 2008/06/24 v1.3 Let assignment for LaTeX macros (HO)
)
(/share/home/jsibert/share/texmf-dist/tex/latex/oberdiek/kvoptions.sty
Package: kvoptions 2010/02/22 v3.7 Keyval support for LaTeX options (HO)
)
\@linkdim=\dimen261
\Hy@linkcounter=\count142
\Hy@pagecounter=\count143

(/share/home/jsibert/share/texmf-dist/tex/latex/hyperref/pd1enc.def
File: pd1enc.def 2010/10/30 v6.81t Hyperref: PDFDocEncoding definition (HO)
)
(/share/home/jsibert/share/texmf-dist/tex/generic/oberdiek/intcalc.sty
Package: intcalc 2007/09/27 v1.1 Expandable integer calculations (HO)
)
\Hy@SavedSpaceFactor=\count144

(/share/home/jsibert/share/texmf-dist/tex/latex/latexconfig/hyperref.cfg
File: hyperref.cfg 2002/06/06 v1.2 hyperref configuration of TeXLive
)

Package hyperref Warning: Option `letterpaper' is no longer used.

Package hyperref Info: Option `linktocpage' set `true' on input line 3872.
Package hyperref Info: Option `colorlinks' set `true' on input line 3872.
Package hyperref Info: Hyper figures OFF on input line 3976.
Package hyperref Info: Link nesting OFF on input line 3981.
Package hyperref Info: Hyper index ON on input line 3984.
Package hyperref Info: Plain pages OFF on input line 3991.
Package hyperref Info: Backreferencing ON on input line 3994.
Package hyperref Info: Implicit mode ON; LaTeX internals redefined.
Package hyperref Info: Bookmarks ON on input line 4211.
(/share/home/jsibert/share/texmf-dist/tex/latex/hyperref/backref.sty
Package: backref 2010/08/30 v1.36 Bibliographical back referencing

(/share/home/jsibert/share/texmf-dist/tex/latex/oberdiek/rerunfilecheck.sty
Package: rerunfilecheck 2010/03/16 v1.6 Rerun checks for auxiliary files (HO)

(/share/home/jsibert/share/texmf-dist/tex/latex/oberdiek/atveryend.sty
Package: atveryend 2010/03/24 v1.5 Hooks at very end of document (HO)
Package atveryend Info: \enddocument detected (standard).
)
(/share/home/jsibert/share/texmf-dist/tex/generic/oberdiek/uniquecounter.sty
Package: uniquecounter 2009/12/18 v1.1 Provides unlimited unique counter (HO)

(/share/home/jsibert/share/texmf-dist/tex/generic/oberdiek/bigintcalc.sty
Package: bigintcalc 2007/11/11 v1.1 Expandable big integer calculations (HO)
))
Package uniquecounter Info: New unique counter `rerunfilecheck' on input line 2
71.
))
\c@Hy@tempcnt=\count145

(/share/home/jsibert/share/texmf-dist/tex/latex/url/url.sty
\Urlmuskip=\muskip11
Package: url 2006/04/12  ver 3.3  Verb mode for urls, etc.
)
LaTeX Info: Redefining \url on input line 4566.

(/share/home/jsibert/share/texmf-dist/tex/generic/oberdiek/bitset.sty
Package: bitset 2007/09/28 v1.0 Data type bit set (HO)
)
\Fld@menulength=\count146
\Field@Width=\dimen262
\Fld@charsize=\dimen263
Package hyperref Info: Hyper figures OFF on input line 5626.
Package hyperref Info: Link nesting OFF on input line 5631.
Package hyperref Info: Hyper index ON on input line 5634.
Package hyperref Info: backreferencing ON on input line 5639.
Package hyperref Info: Link coloring ON on input line 5644.
Package hyperref Info: Link coloring with OCG OFF on input line 5651.
Package hyperref Info: PDF/A mode OFF on input line 5656.
LaTeX Info: Redefining \ref on input line 5696.
LaTeX Info: Redefining \pageref on input line 5700.

(/share/home/jsibert/share/texmf-dist/tex/generic/oberdiek/atbegshi.sty
Package: atbegshi 2010/03/25 v1.12 At begin shipout hook (HO)
)
\Hy@abspage=\count147
\c@Item=\count148
\c@Hfootnote=\count149
)

Package hyperref Message: Driver (autodetected): hpdftex.

(/share/home/jsibert/share/texmf-dist/tex/latex/hyperref/hpdftex.def
File: hpdftex.def 2010/10/30 v6.81t Hyperref driver for pdfTeX
\Fld@listcount=\count150
\c@bookmark@seq@number=\count151
\Hy@SectionHShift=\skip83
)
(/share/home/jsibert/share/texmf-dist/tex/latex/oberdiek/hypcap.sty
Package: hypcap 2008/09/08 v1.10 Adjusting anchors of captions (HO)
)
(/share/home/jsibert/share/texmf-dist/tex/latex/chappg/chappg.sty
Package: chappg 2006/05/09 v2.1b page numbering by chapter number pages by chap
ter (or other unit)
)
(/share/home/jsibert/share/texmf-dist/tex/latex/geometry/geometry.sty
Package: geometry 2010/09/12 v5.6 Page Geometry
\Gm@cnth=\count152
\Gm@cntv=\count153
\c@Gm@tempcnt=\count154
\Gm@bindingoffset=\dimen264
\Gm@wd@mp=\dimen265
\Gm@odd@mp=\dimen266
\Gm@even@mp=\dimen267
\Gm@layoutwidth=\dimen268
\Gm@layoutheight=\dimen269
\Gm@layouthoffset=\dimen270
\Gm@layoutvoffset=\dimen271
\Gm@dimlist=\toks29


Package geometry Warning: Over-specification in `h'-direction.
    `width' (469.75499pt) is ignored.

) (/share/home/jsibert/share/texmf-dist/tex/latex/listings/lstlang1.sty
File: lstlang1.sty 2004/09/05 1.3 listings language file
)
(/share/home/jsibert/share/texmf-dist/tex/latex/listings/lstlang1.sty
File: lstlang1.sty 2004/09/05 1.3 listings language file
)
(/share/home/jsibert/share/texmf-dist/tex/latex/listings/lstmisc.sty
File: lstmisc.sty 2007/02/22 1.4 (Carsten Heinz)
))
\@indexfile=\write6
\openout6 = `admb.idx'.


Writing index file admb.idx
No file admb.aux.
\openout1 = `admb.aux'.

LaTeX Font Info:    Checking defaults for OML/cmm/m/it on input line 27.
LaTeX Font Info:    ... okay on input line 27.
LaTeX Font Info:    Checking defaults for T1/cmr/m/n on input line 27.
LaTeX Font Info:    ... okay on input line 27.
LaTeX Font Info:    Checking defaults for OT1/cmr/m/n on input line 27.
LaTeX Font Info:    ... okay on input line 27.
LaTeX Font Info:    Checking defaults for OMS/cmsy/m/n on input line 27.
LaTeX Font Info:    ... okay on input line 27.
LaTeX Font Info:    Checking defaults for OMX/cmex/m/n on input line 27.
LaTeX Font Info:    ... okay on input line 27.
LaTeX Font Info:    Checking defaults for U/cmr/m/n on input line 27.
LaTeX Font Info:    ... okay on input line 27.
LaTeX Font Info:    Checking defaults for PD1/pdf/m/n on input line 27.
LaTeX Font Info:    ... okay on input line 27.
\c@lstlisting=\count155
(/share/home/jsibert/share/texmf-dist/tex/context/base/supp-pdf.mkii
[Loading MPS to PDF converter (version 2006.09.02).]
\scratchcounter=\count156
\scratchdimen=\dimen272
\scratchbox=\box67
\nofMPsegments=\count157
\nofMParguments=\count158
\everyMPshowfont=\toks30
\MPscratchCnt=\count159
\MPscratchDim=\dimen273
\MPnumerator=\count160
\everyMPtoPDFconversion=\toks31
) (/share/home/jsibert/share/texmf-dist/tex/latex/oberdiek/epstopdf-base.sty
Package: epstopdf-base 2010/02/09 v2.5 Base part for package epstopdf

(/share/home/jsibert/share/texmf-dist/tex/latex/oberdiek/grfext.sty
Package: grfext 2007/09/30 v1.0 Managing graphics extensions (HO)
)
Package grfext Info: Graphics extension search list:
(grfext)             [.png,.pdf,.jpg,.mps,.jpeg,.jbig2,.jb2,.PNG,.PDF,.JPG,.JPE
G,.JBIG2,.JB2,.eps]
(grfext)             \AppendGraphicsExtensions on input line 436.

(/share/home/jsibert/share/texmf-dist/tex/latex/latexconfig/epstopdf-sys.cfg
File: epstopdf-sys.cfg 2010/07/13 v1.3 Configuration of (r)epstopdf for TeX Liv
e
))
Package caption Info: Begin \AtBeginDocument code.
Package caption Info: hyperref package is loaded.
Package caption Info: hypcap package is loaded.
Package caption Info: wrapfig package is loaded.
Package caption Info: End \AtBeginDocument code.
LaTeX Font Info:    Try loading font information for U+msa on input line 27.

(/share/home/jsibert/share/texmf-dist/tex/latex/amsfonts/umsa.fd
File: umsa.fd 2009/06/22 v3.00 AMS symbols A
)
LaTeX Font Info:    Try loading font information for U+msb on input line 27.

(/share/home/jsibert/share/texmf-dist/tex/latex/amsfonts/umsb.fd
File: umsb.fd 2009/06/22 v3.00 AMS symbols B
)
Package xypdf Info: Line width: 0.47998pt on input line 27.
\AtBeginShipoutBox=\box68
Package hyperref Info: Link coloring ON on input line 27.

(/share/home/jsibert/share/texmf-dist/tex/latex/hyperref/nameref.sty
Package: nameref 2010/04/30 v2.40 Cross-referencing by name of section

(/share/home/jsibert/share/texmf-dist/tex/latex/oberdiek/refcount.sty
Package: refcount 2008/08/11 v3.1 Data extraction from references (HO)
)
(/share/home/jsibert/share/texmf-dist/tex/generic/oberdiek/gettitlestring.sty
Package: gettitlestring 2009/12/18 v1.3 Cleanup title references (HO)
)
\c@section@level=\count161
)
LaTeX Info: Redefining \ref on input line 27.
LaTeX Info: Redefining \pageref on input line 27.
LaTeX Info: Redefining \nameref on input line 27.
\@outlinefile=\write7
\openout7 = `admb.out'.

*geometry* driver: auto-detecting
*geometry* detected driver: pdftex
*geometry* verbose mode - [ preamble ] result:
* driver: pdftex
* paper: <default>
* layout: <same size as paper>
* layoutoffset:(h,v)=(0.0pt,0.0pt)
* modes: twoside 
* h-part:(L,W,R)=(81.30374pt, 469.75502pt, 63.23624pt)
* v-part:(T,H,B)=(81.30374pt, 614.295pt, 99.37125pt)
* \paperwidth=614.295pt
* \paperheight=794.96999pt
* \textwidth=469.75502pt
* \textheight=614.295pt
* \oddsidemargin=9.03375pt
* \evensidemargin=-9.03375pt
* \topmargin=-22.84004pt
* \headheight=12.0pt
* \headsep=19.8738pt
* \topskip=12.0pt
* \footskip=63.23624pt
* \marginparwidth=98.0pt
* \marginparsep=7.0pt
* \columnsep=10.0pt
* \skip\footins=10.8pt plus 4.0pt minus 2.0pt
* \hoffset=0.0pt
* \voffset=0.0pt
* \mag=1000
* \@twocolumnfalse
* \@twosidetrue
* \@mparswitchtrue
* \@reversemarginfalse
* (1in=72.27pt=25.4mm, 1cm=28.453pt)

LaTeX Font Info:    Try loading font information for T1+cmss on input line 39.
(/share/home/jsibert/share/texmf-dist/tex/latex/base/t1cmss.fd
File: t1cmss.fd 1999/05/25 v2.5h Standard LaTeX font definitions
)

LaTeX Font Warning: Font shape `T1/cmss/m/sl' in size <24> not available
(Font)              size <24.88> substituted on input line 39.


LaTeX Font Warning: Font shape `T1/cmss/m/sl' in size <18> not available
(Font)              size <17.28> substituted on input line 39.

<ADMB-logo.png, id=4, 68.6565pt x 72.27pt>
File: ADMB-logo.png Graphic file (type png)
 <use ADMB-logo.png> [1


{/share/home/jsibert/share/texmf-var/fonts/map/pdftex/updmap/pdftex.map} </shar
e/home/jsibert/share/texmf/tex/latex/admbmanual/ADMB-logo.png (PNG copy)>]
(/share/home/jsibert/share/texmf/tex/latex/admbmanual/license.tex)
Overfull \hbox (5.36845pt too wide) in paragraph at lines 20--39
\T1/cmr/m/n/12 TER-RUP-TION) HOW-EVER CAUSED AND ON ANY THE-ORY OF LIABIL-ITY, 
WHETH-
 []

[2

]
\tf@toc=\write8
\openout8 = `admb.toc'.

 [1


] [2

]
Chapter 1.
LaTeX Font Info:    Try loading font information for T1+cmsc on input line 69.
(/share/home/jsibert/share/texmf-dist/tex/latex/taupin/t1cmsc.fd
File: T1cmsc.fd 1995/12/20 v2.4f Standard LaTeX font definitions
)
LaTeX Font Info:    Try loading font information for T1+cmtt on input line 80.

(/share/home/jsibert/share/texmf-dist/tex/latex/base/t1cmtt.fd
File: t1cmtt.fd 1999/05/25 v2.5h Standard LaTeX font definitions
)

Package relsize Warning: Size requested is too small.
(relsize)                Using 6.0pt instead on input line 89.


Package relsize Warning: Size requested is too small.
(relsize)                Using 6.0pt instead on input line 91.


Package relsize Warning: Size requested is too small.
(relsize)                Using 6.0pt instead on input line 93.


Package relsize Warning: Size requested is too small.
(relsize)                Using 6.0pt instead on input line 95.


Underfull \vbox (badness 1308) has occurred while \output is active []

 [1

]

Package relsize Warning: Size requested is too small.
(relsize)                Using 6.0pt instead on input line 107.


Package relsize Warning: Size requested is too small.
(relsize)                Using 6.0pt instead on input line 116.


Package relsize Warning: Size requested is too small.
(relsize)                Using 6.0pt instead on input line 126.


Package relsize Warning: Size requested is too small.
(relsize)                Using 6.0pt instead on input line 128.


Package relsize Warning: Size requested is too small.
(relsize)                Using 6.0pt instead on input line 130.


LaTeX Warning: Reference `nl:xx1' on page 1-2 undefined on input line 163.


LaTeX Warning: Reference `nl:xx2' on page 1-2 undefined on input line 163.


LaTeX Warning: Reference `nl:xx1' on page 1-2 undefined on input line 173.

[2]

Package relsize Warning: Size requested is too small.
(relsize)                Using 6.0pt instead on input line 211.


Package relsize Warning: Size requested is too small.
(relsize)                Using 6.0pt instead on input line 215.


Package relsize Warning: Size requested is too small.
(relsize)                Using 6.0pt instead on input line 229.

[3]

Package relsize Warning: Size requested is too small.
(relsize)                Using 6.0pt instead on input line 253.


Package relsize Warning: Size requested is too small.
(relsize)                Using 6.0pt instead on input line 263.


Package relsize Warning: Size requested is too small.
(relsize)                Using 6.0pt instead on input line 267.


Package relsize Warning: Size requested is too small.
(relsize)                Using 6.0pt instead on input line 274.

[4]
LaTeX Font Info:    Try loading font information for OMS+cmr on input line 297.

 (/share/home/jsibert/share/texmf-dist/tex/latex/base/omscmr.fd
File: omscmr.fd 1999/05/25 v2.5h Standard LaTeX font definitions
)
LaTeX Font Info:    Font shape `OMS/cmr/m/n' in size <12> not available
(Font)              Font shape `OMS/cmsy/m/n' tried instead on input line 297.
 [5]
[6] [7]
LaTeX Font Info:    Font shape `T1/cmtt/bx/n' in size <12> not available
(Font)              Font shape `T1/cmtt/m/n' tried instead on input line 465.
 [8]

Package relsize Warning: Size requested is too small.
(relsize)                Using 6.0pt instead on input line 548.


Package relsize Warning: Size requested is too small.
(relsize)                Using 6.0pt instead on input line 548.


Package relsize Warning: Size requested is too small.
(relsize)                Using 6.0pt instead on input line 549.


Package relsize Warning: Size requested is too small.
(relsize)                Using 6.0pt instead on input line 555.


LaTeX Warning: Reference `ch:appendix-regression-function' on page 1-9 undefine
d on input line 577.

[9] [10] (./vonbg.dat) (./vv.rep)

LaTeX Warning: Reference `fig:01' on page 1-11 undefined on input line 766.

[11]

LaTeX Warning: Reference `chp1:xx2' on page 1-12 undefined on input line 776.

[12]

LaTeX Warning: Reference `fig:01' on page 1-13 undefined on input line 809.


LaTeX Warning: Reference `fig:02' on page 1-13 undefined on input line 817.

(./vvbad.dat) (./vvbad.rep) [13] [14]
Overfull \hbox (7.09386pt too wide) in paragraph at lines 948--951
\T1/cmr/m/n/12 in the \T1/cmtt/m/n/12 PRELIMINARY_CALCS_SECTION\T1/cmr/m/n/12 .
 Fi-nally, we mod-ify the state-ment in the \T1/cmtt/m/n/12 PROCEDURE_SEC-
 []

[15] (./vvbad.dat) (./vvrbad.rep)

LaTeX Warning: Reference `fig:03' on page 1-16 undefined on input line 987.


LaTeX Warning: Reference `fig:04' on page 1-16 undefined on input line 997.

(./vonbg.dat) (./vvrgood.rep)

LaTeX Warning: `h' float specifier changed to `ht'.


LaTeX Warning: Citation `bard1974' on page 1-16 undefined on input line 1039.

[16]

LaTeX Warning: Reference `tab:runs' on page 1-17 undefined on input line 1072.

[17]

LaTeX Warning: Reference `chp1:xx3' on page 1-18 undefined on input line 1106.


LaTeX Warning: Citation `bard1974' on page 1-18 undefined on input line 1115.

[18] [19]
Underfull \vbox (badness 10000) has occurred while \output is active []

 [20]
Overfull \hbox (3.1343pt too wide) in paragraph at lines 1266--1268
[][][][][][][][][][][][][][][][][][][][][][][][][][][][][][][][][][][][][][][] 

 []

[21]

Package hyperref Warning: Token not allowed in a PDF string (PDFDocEncoding):
(hyperref)                removing `\hbox' on input line 1304.

[22]
Overfull \hbox (2.52077pt too wide) in paragraph at lines 1392--1392
[]\T1/cmr/bx/n/17.28 Carrying out the min-i-miza-tion in a num-ber of phases 
 []

[23] [24]

LaTeX Warning: Citation `hilbornwalters1991' on page 1-25 undefined on input li
ne 1524.


LaTeX Warning: Reference `chp3:xx5' on page 1-25 undefined on input line 1550.

[25]
Overfull \hbox (14.07742pt too wide) in paragraph at lines 1574--1574
[]\T1/cmr/bx/n/17.28 Bayesian con-sid-er-a-tions in the Pella-Tomlinson Model 
 []

[26]

LaTeX Warning: Reference `chp3:xx3' on page 1-27 undefined on input line 1647.


LaTeX Warning: Reference `chp3:xx3' on page 1-27 undefined on input line 1650.

[27]
Underfull \vbox (badness 10000) has occurred while \output is active []

 [28]
Underfull \vbox (badness 10000) has occurred while \output is active []

 [29]
Overfull \hbox (1.89949pt too wide) in paragraph at lines 1766--1767
[][][][][][][][][][][][][][][][][][][][][][][][][][][][][][][] 
 []

[30] [31] [32]

Package relsize Warning: Size requested is too small.
(relsize)                Using 6.0pt instead on input line 1960.

[33] [34]

LaTeX Warning: Reference `sec:bayesian-inference' on page 1-35 undefined on inp
ut line 2107.

[35]
Underfull \vbox (badness 10000) has occurred while \output is active []

 [36]
Underfull \vbox (badness 10000) has occurred while \output is active []

 [37]
Underfull \vbox (badness 10000) has occurred while \output is active []

 [38]

Package relsize Warning: Size requested is too small.
(relsize)                Using 6.0pt instead on input line 2288.

[39] [40]
Underfull \vbox (badness 10000) has occurred while \output is active []

 [41]

LaTeX Warning: Reference `fig:05' on page 1-42 undefined on input line 2428.

(./st.2) (./st.3)
Underfull \vbox (badness 5260) has occurred while \output is active []

 [42]
Underfull \vbox (badness 10000) has occurred while \output is active []

 [43]
[44] [45] [46]

LaTeX Warning: Reference `ch:regime-switching' on page 1-47 undefined on input 
line 2730.

[47]
LaTeX Font Info:    Font shape `T1/cmtt/bx/n' in size <17.28> not available
(Font)              Font shape `T1/cmtt/m/n' tried instead on input line 2776.


Package relsize Warning: Size requested is too small.
(relsize)                Using 6.0pt instead on input line 2780.


Package relsize Warning: Size requested is too small.
(relsize)                Using 6.0pt instead on input line 2822.


Package relsize Warning: Size requested is too small.
(relsize)                Using 6.0pt instead on input line 2825.


Underfull \vbox (badness 1009) has occurred while \output is active []

 [48]

Package relsize Warning: Size requested is too small.
(relsize)                Using 6.0pt instead on input line 2837.

[49] [50

]
Chapter 2.

LaTeX Warning: Citation `gelmancarlinsternrubin' on page 2-1 undefined on input
 line 2869.


LaTeX Warning: Reference `fig:06' on page 2-1 undefined on input line 2890.

(./prof.1) (./mcmc.2) (./mcmc.4)

LaTeX Warning: `h' float specifier changed to `ht'.

[1] [2] [3]
Underfull \vbox (badness 10000) has occurred while \output is active []

 [4]
Underfull \vbox (badness 10000) has occurred while \output is active []

 [5]
[6] [7]

LaTeX Warning: Reference `fig:07' on page 2-8 undefined on input line 3235.

<mcrb3-50K.png, id=1478, 642.4pt x 481.8pt>
File: mcrb3-50K.png Graphic file (type png)
 <use mcrb3-50K.png> [8 <./mcrb3-50K.png (PNG copy)>]
Chapter 3.

LaTeX Warning: Reference `chp3:xx9' on page 3-1 undefined on input line 3291.

[1

]
Underfull \vbox (badness 10000) has occurred while \output is active []

 [2]
Overfull \hbox (10.54259pt too wide) in paragraph at lines 3363--3364
[][][][][][][][][][][][][][][][][][][][][][][][][][][][][][][][][][][][][][][] 

 []

[3] [4] [5] [6] [7] [8

]
Chapter 4.

LaTeX Warning: Citation `hamilton1994' on page 4-1 undefined on input line 3561
.


LaTeX Warning: Citation `hamilton1989' on page 4-1 undefined on input line 3564
.


LaTeX Warning: Citation `hamilton1989' on page 4-1 undefined on input line 3571
.


Package hyperref Warning: Token not allowed in a PDF string (PDFDocEncoding):
(hyperref)                removing `\@ifnextchar' on input line 3571.


LaTeX Warning: Citation `hamilton1989' on page 4-1 undefined on input line 3590
.


LaTeX Warning: Reference `chp4:xx1' on page 4-1 undefined on input line 3596.

[1]
Overfull \hbox (8.59602pt too wide) in paragraph at lines 3637--3644
\T1/cmr/m/n/12 is the prob-a-bil-ity of be-ing in the state $\twelverm (\OML/cm
m/m/it/12 i; j; l; m; n\twelverm )$ \T1/cmr/m/n/12 be-fore ob-serv-ing $\OML/cm
m/m/it/12 Y[]$\T1/cmr/m/n/12 , and []
 []


Overfull \hbox (1.25426pt too wide) in paragraph at lines 3678--3680
[]\T1/cmr/m/n/12 The log-likelihood func-tion for the pa-ram-e-ters can be cal-
cu-lated from the $\OML/cmm/m/it/12 u\twelverm (\OML/cmm/m/it/12 Y[]; i; j; k; 
l; m\twelverm )$\T1/cmr/m/n/12 .
 []


Package relsize Warning: Size requested is too small.
(relsize)                Using 6.0pt instead on input line 3694.

[2]

Package relsize Warning: Size requested is too small.
(relsize)                Using 6.0pt instead on input line 3736.

[3] [4] [5]
Underfull \vbox (badness 10000) has occurred while \output is active []

 [6]
Underfull \vbox (badness 10000) has occurred while \output is active []

 [7]

LaTeX Warning: Citation `hamilton1994' on page 4-8 undefined on input line 3980
.

[8]

LaTeX Warning: Citation `hamilton1989' on page 4-9 undefined on input line 4024
.

[9]

Package relsize Warning: Size requested is too small.
(relsize)                Using 6.0pt instead on input line 4055.


Package relsize Warning: Size requested is too small.
(relsize)                Using 6.0pt instead on input line 4092.


Underfull \vbox (badness 1389) has occurred while \output is active []

 [10]

LaTeX Warning: Citation `hamilton1989' on page 4-11 undefined on input line 412
5.


LaTeX Warning: Citation `hamilton1989' on page 4-11 undefined on input line 413
1.


LaTeX Warning: Reference `fig:08' on page 4-11 undefined on input line 4153.

(./qbefore4.tex) (./qafter4.tex)

LaTeX Warning: `h' float specifier changed to `ht'.


LaTeX Warning: Citation `hamilton1989' on page 4-11 undefined on input line 425
7.

[11]

LaTeX Warning: Reference `chp4:xx1' on page 4-12 undefined on input line 4274.


LaTeX Warning: Reference `chp4:xx2' on page 4-12 undefined on input line 4275.

[12]
Underfull \vbox (badness 10000) has occurred while \output is active []

 [13]
Underfull \vbox (badness 10000) has occurred while \output is active []

 [14]
Underfull \vbox (badness 10000) has occurred while \output is active []

 [15]
Underfull \vbox (badness 10000) has occurred while \output is active []

 [16]
Underfull \vbox (badness 10000) has occurred while \output is active []

 [17]
[18] [19] [20

]
Chapter 5.
(./simequat.tex

Package hyperref Warning: Token not allowed in a PDF string (PDFDocEncoding):
(hyperref)                removing `math shift' on input line 36.


Package hyperref Warning: Token not allowed in a PDF string (PDFDocEncoding):
(hyperref)                removing `math shift' on input line 36.


LaTeX Warning: Reference `se:1' on page 5-1 undefined on input line 39.


Underfull \vbox (badness 4819) has occurred while \output is active []

 [1]

LaTeX Warning: Reference `se:1' on page 5-2 undefined on input line 46.


LaTeX Warning: Reference `se:2' on page 5-2 undefined on input line 50.


LaTeX Warning: Reference `se:1' on page 5-2 undefined on input line 60.

[2] [3] [4]

Package hyperref Warning: Token not allowed in a PDF string (PDFDocEncoding):
(hyperref)                removing `math shift' on input line 220.


Package hyperref Warning: Token not allowed in a PDF string (PDFDocEncoding):
(hyperref)                removing `math shift' on input line 220.

[5]

Package hyperref Warning: Token not allowed in a PDF string (PDFDocEncoding):
(hyperref)                removing `math shift' on input line 257.


Package hyperref Warning: Token not allowed in a PDF string (PDFDocEncoding):
(hyperref)                removing `math shift' on input line 257.


Package hyperref Warning: Token not allowed in a PDF string (PDFDocEncoding):
(hyperref)                removing `math shift' on input line 295.


Package hyperref Warning: Token not allowed in a PDF string (PDFDocEncoding):
(hyperref)                removing `math shift' on input line 295.

[6] [7] [8]
Underfull \vbox (badness 10000) has occurred while \output is active []

 [9]
Underfull \vbox (badness 10000) has occurred while \output is active []

 [10])
[11] [12

]
Chapter 6.
(./truncreg.tex [1] [2]) [3] [4

]
Chapter 7.
(./magarch-april2000.tex

LaTeX Warning: Reference `eqc' on page 7-1 undefined on input line 51.

[1]

Package hyperref Warning: Token not allowed in a PDF string (PDFDocEncoding):
(hyperref)                removing `math shift' on input line 89.


Package hyperref Warning: Token not allowed in a PDF string (PDFDocEncoding):
(hyperref)                removing `\Sigma' on input line 89.


Package hyperref Warning: Token not allowed in a PDF string (PDFDocEncoding):
(hyperref)                removing `subscript' on input line 89.


Package hyperref Warning: Token not allowed in a PDF string (PDFDocEncoding):
(hyperref)                removing `math shift' on input line 89.


Package hyperref Warning: Token not allowed in a PDF string (PDFDocEncoding):
(hyperref)                removing `math shift' on input line 110.


Package hyperref Warning: Token not allowed in a PDF string (PDFDocEncoding):
(hyperref)                removing `\Sigma' on input line 110.


Package hyperref Warning: Token not allowed in a PDF string (PDFDocEncoding):
(hyperref)                removing `subscript' on input line 110.


Package hyperref Warning: Token not allowed in a PDF string (PDFDocEncoding):
(hyperref)                removing `math shift' on input line 110.

[2] [3] <covarplot11.png, id=2795, 642.4pt x 481.8pt>
File: covarplot11.png Graphic file (type png)
 <use covarplot11.png>
Overfull \hbox (17.6413pt too wide) in paragraph at lines 214--215
[][] 
 []


Underfull \vbox (badness 10000) has occurred while \output is active []

 [4]
File: covarplot11.png Graphic file (type png)

<use covarplot11.png>
Overfull \hbox (17.6413pt too wide) in paragraph at lines 218--219
[][] 
 []

<covarplot22.png, id=2806, 642.4pt x 481.8pt>
File: covarplot22.png Graphic file (type png)
 <use covarplot22.png>
Overfull \hbox (17.6413pt too wide) in paragraph at lines 220--221
[][] 
 []

<covarplot33.png, id=2807, 642.4pt x 481.8pt>
File: covarplot33.png Graphic file (type png)
 <use covarplot33.png>
Overfull \hbox (17.6413pt too wide) in paragraph at lines 222--223
[][] 
 []

<covarplot44.png, id=2808, 642.4pt x 481.8pt>
Underfull \vbox (badness 10000) has occurred while \output is active []

 [5 <./covarplot11.png (PNG copy)> <./covarplot22.png (PNG copy)>]
File: covarplot44.png Graphic file (type png)
 <use covarplot44.png>
Overfull \hbox (17.6413pt too wide) in paragraph at lines 225--226
[][] 
 []

<corrplot21.png, id=2816, 642.4pt x 481.8pt>
File: corrplot21.png Graphic file (type png)
 <use corrplot21.png>
Overfull \hbox (17.6413pt too wide) in paragraph at lines 227--228
[][] 
 []

<corrplot31.png, id=2817, 642.4pt x 481.8pt>
File: corrplot31.png Graphic file (type png)
 <use corrplot31.png>
Overfull \hbox (17.6413pt too wide) in paragraph at lines 229--230
[][] 
 []

<corrplot32.png, id=2818, 642.4pt x 481.8pt>
Underfull \vbox (badness 10000) has occurred while \output is active []

 [6 <./covarplot33.png (PNG copy)> <./covarplot44.png (PNG copy)> <./corrplot21
.png (PNG copy)>]
File: corrplot32.png Graphic file (type png)
 <use corrplot32.png>
Overfull \hbox (17.6413pt too wide) in paragraph at lines 231--232
[][] 
 []

<corrplot41.png, id=2826, 642.4pt x 481.8pt>
File: corrplot41.png Graphic file (type png)
 <use corrplot41.png>
Overfull \hbox (17.6413pt too wide) in paragraph at lines 233--234
[][] 
 []

<corrplot42.png, id=2827, 642.4pt x 481.8pt>
File: corrplot42.png Graphic file (type png)
 <use corrplot42.png>
Overfull \hbox (17.6413pt too wide) in paragraph at lines 235--236
[][] 
 []

<corrplot43.png, id=2828, 642.4pt x 481.8pt>
Underfull \vbox (badness 10000) has occurred while \output is active []

 [7 <./corrplot31.png (PNG copy)> <./corrplot32.png (PNG copy)> <./corrplot41.p
ng (PNG copy)>]
File: corrplot43.png Graphic file (type png)
 <use corrplot43.png>
Overfull \hbox (17.6413pt too wide) in paragraph at lines 238--239
[][] 
 []


Package hyperref Warning: Token not allowed in a PDF string (PDFDocEncoding):
(hyperref)                removing `math shift' on input line 248.


Package hyperref Warning: Token not allowed in a PDF string (PDFDocEncoding):
(hyperref)                removing `math shift' on input line 248.

[8 <./corrplot42.png (PNG copy)> <./corrplot43.png (PNG copy)>]

Package hyperref Warning: Token not allowed in a PDF string (PDFDocEncoding):
(hyperref)                removing `math shift' on input line 266.


Package hyperref Warning: Token not allowed in a PDF string (PDFDocEncoding):
(hyperref)                removing `superscript' on input line 266.


Package hyperref Warning: Token not allowed in a PDF string (PDFDocEncoding):
(hyperref)                removing `math shift' on input line 266.

[9] <example/covarplot11.png, id=2900, 642.4pt x 481.8pt>
File: example/covarplot11.png Graphic file (type png)

<use example/covarplot11.png>
Overfull \hbox (17.6413pt too wide) in paragraph at lines 322--323
[][] 
 []

<example/covarplot22.png, id=2901, 642.4pt x 481.8pt>
File: example/covarplot22.png Graphic file (type png)

<use example/covarplot22.png>
Overfull \hbox (17.6413pt too wide) in paragraph at lines 324--325
[][] 
 []

<example/covarplot33.png, id=2902, 642.4pt x 481.8pt>
File: example/covarplot33.png Graphic file (type png)

<use example/covarplot33.png>
Overfull \hbox (17.6413pt too wide) in paragraph at lines 326--327
[][] 
 []

<example/covarplot44.png, id=2903, 642.4pt x 481.8pt>
Underfull \vbox (badness 1701) has occurred while \output is active []

 [10 <./example/covarplot11.png (PNG copy)> <./example/covarplot22.png (PNG cop
y)>]
File: example/covarplot44.png Graphic file (type png)

<use example/covarplot44.png>
Overfull \hbox (17.6413pt too wide) in paragraph at lines 329--330
[][] 
 []

<example/corrplot21.png, id=2921, 642.4pt x 481.8pt>
File: example/corrplot21.png Graphic file (type png)

<use example/corrplot21.png>
Overfull \hbox (17.6413pt too wide) in paragraph at lines 331--332
[][] 
 []

<example/corrplot31.png, id=2922, 642.4pt x 481.8pt>
File: example/corrplot31.png Graphic file (type png)

<use example/corrplot31.png>
Overfull \hbox (17.6413pt too wide) in paragraph at lines 333--334
[][] 
 []

<example/corrplot32.png, id=2923, 642.4pt x 481.8pt>
Underfull \vbox (badness 10000) has occurred while \output is active []

 [11 <./example/covarplot33.png (PNG copy)> <./example/covarplot44.png (PNG cop
y)> <./example/corrplot21.png (PNG copy)>]
File: example/corrplot32.png Graphic file (type png)
 <use example/corrplot32.png>
Overfull \hbox (17.6413pt too wide) in paragraph at lines 336--337
[][] 
 []

<example/corrplot41.png, id=2931, 642.4pt x 481.8pt>
File: example/corrplot41.png Graphic file (type png)

<use example/corrplot41.png>
Overfull \hbox (17.6413pt too wide) in paragraph at lines 338--339
[][] 
 []

<example/corrplot42.png, id=2932, 642.4pt x 481.8pt>
File: example/corrplot42.png Graphic file (type png)

<use example/corrplot42.png>
Overfull \hbox (17.6413pt too wide) in paragraph at lines 340--341
[][] 
 []

<example/corrplot43.png, id=2933, 642.4pt x 481.8pt>
Underfull \vbox (badness 10000) has occurred while \output is active []

 [12 <./example/corrplot31.png (PNG copy)> <./example/corrplot32.png (PNG copy)
> <./example/corrplot41.png (PNG copy)>]
File: example/corrplot43.png Graphic file (type png)
 <use example/corrplot43.png>
Overfull \hbox (17.6413pt too wide) in paragraph at lines 343--344
[][] 
 []

[13 <./example/corrplot42.png (PNG copy)> <./example/corrplot43.png (PNG copy)>
] [14] [15]
Underfull \vbox (badness 10000) has occurred while \output is active []

 [16]
Overfull \hbox (10.54259pt too wide) in paragraph at lines 522--523
[][][][][][][][][][][][][][][][][][][][][][][][][][][][][][][] 
 []


Overfull \hbox (10.54259pt too wide) in paragraph at lines 524--525
[][][][][][][][][][][][][][][][][][][][][][][][][][][][][][] 
 []


Underfull \vbox (badness 10000) has occurred while \output is active []

 [17]
Underfull \vbox (badness 10000) has occurred while \output is active []

 [18]
Underfull \vbox (badness 10000) has occurred while \output is active []

 [19]
Underfull \vbox (badness 10000) has occurred while \output is active []

 [20]
Underfull \vbox (badness 10000) has occurred while \output is active []

 [21]
Underfull \vbox (badness 10000) has occurred while \output is active []

 [22]
Underfull \vbox (badness 10000) has occurred while \output is active []

 [23]
Underfull \vbox (badness 10000) has occurred while \output is active []

 [24]
Underfull \vbox (badness 10000) has occurred while \output is active []

 [25]
Underfull \vbox (badness 10000) has occurred while \output is active []

 [26]
Underfull \vbox (badness 10000) has occurred while \output is active []

 [27]
Underfull \vbox (badness 10000) has occurred while \output is active []

 [28]
Underfull \vbox (badness 10000) has occurred while \output is active []

 [29]
Underfull \vbox (badness 10000) has occurred while \output is active []

 [30]
Overfull \hbox (11.15947pt too wide) in paragraph at lines 1095--1096
[][][][][][][][][][][][][][][][][][][][][][][][][][][][][][][][][][][][][][][][
][][][][][][][][][][][][] 
 []


Underfull \vbox (badness 10000) has occurred while \output is active []

 [31])
[32]
Chapter 8.
(./kalman.tex

LaTeX Warning: Citation `harvey1990' on page 8-1 undefined on input line 13.

[1

] [2]
Underfull \vbox (badness 10000) has occurred while \output is active []

 [3]
[4] [5]) [6]
Chapter 9.
(./kal_lap.tex

LaTeX Warning: Reference `eq:xx6' on page 9-1 undefined on input line 53.

[1

]

LaTeX Warning: Reference `eq:xx9.8' on page 9-2 undefined on input line 80.


LaTeX Warning: Reference `eq:xx9.7' on page 9-2 undefined on input line 92.


LaTeX Warning: Reference `eq:xx4' on page 9-2 undefined on input line 95.

[2]

LaTeX Warning: Reference `eq:xx3' on page 9-3 undefined on input line 127.


LaTeX Warning: Reference `eq:xx1' on page 9-3 undefined on input line 150.


LaTeX Warning: Citation `RePEc:eee:empfin:v:5:y:1998:i:2:p:155-173' on page 9-3
 undefined on input line 157.

[3]

LaTeX Warning: Reference `eq:xx2' on page 9-4 undefined on input line 200.


LaTeX Warning: Reference `tab:parameters' on page 9-4 undefined on input line 2
25.


LaTeX Warning: `h' float specifier changed to `ht'.

[4]
Underfull \vbox (badness 4084) has occurred while \output is active []

 [5]
[6]
Underfull \vbox (badness 10000) has occurred while \output is active []

 [7]
Underfull \vbox (badness 10000) has occurred while \output is active []

 [8]
Overfull \hbox (17.95088pt too wide) in paragraph at lines 411--412
[][][][][][][][][][][][][][][][][][][][][][][][][] 
 []


Overfull \hbox (24.12437pt too wide) in paragraph at lines 430--431
[][][][][][][][][][][][][][][][][][][][][][][][][][][][][][][] 
 []


Overfull \hbox (5.6039pt too wide) in paragraph at lines 451--452
[][][][][][][][][][][][][][][][][][][][][][][][][][][][][][] 
 []


Underfull \vbox (badness 10000) has occurred while \output is active []

 [9]
Underfull \vbox (badness 10000) has occurred while \output is active []

 [10])
[11] [12

]
Chapter 10.
(./advectors.tex
Overfull \hbox (13.34929pt too wide) in paragraph at lines 25--27
\T1/cmr/m/n/12 To un-der-stand the use-ful-ness of these ob-jects, con-sider an
 ap-pli-ca-tion that has two \T1/cmtt/m/n/12 init_number
 []

[1]) [2]
Chapter 11.
(./admb-dll.tex

Package relsize Warning: Size requested is too small.
(relsize)                Using 6.0pt instead on input line 44.

[1

] [2] [3]

Package relsize Warning: Size requested is too small.
(relsize)                Using 6.0pt instead on input line 204.

[4]

Package relsize Warning: Size requested is too small.
(relsize)                Using 6.0pt instead on input line 264.


Package relsize Warning: Size requested is too small.
(relsize)                Using 6.0pt instead on input line 269.

[5]

Package relsize Warning: Size requested is too small.
(relsize)                Using 6.0pt instead on input line 276.

[6]
Underfull \vbox (badness 10000) has occurred while \output is active []

 [7]
[8]

Package relsize Warning: Size requested is too small.
(relsize)                Using 6.0pt instead on input line 444.

[9]
Overfull \hbox (4.3691pt too wide) in paragraph at lines 483--484
[][][][][][][][][][][][][][][][][][][][][][][][][][][][][][][][] 
 []

[10]

LaTeX Warning: Reference `fig:estimatedprop' on page 11-11 undefined on input l
ine 521.

<datax.png, id=4674, 794.97pt x 614.295pt>
File: datax.png Graphic file (type png)
 <use datax.png> [11 <./datax.png (PNG copy)>] [12] [13] [14]) [15] [16

]
Chapter 12.
(./commandl.tex [1] [2] [3]) [4]
Chapter 13.
(./adjoint.tex [1

] [2] [3] [4] [5] [6] [7]
LaTeX Font Info:    Try loading font information for OML+cmr on input line 336.


(/share/home/jsibert/share/texmf-dist/tex/latex/base/omlcmr.fd
File: omlcmr.fd 1999/05/25 v2.5h Standard LaTeX font definitions
)
LaTeX Font Info:    Font shape `OML/cmr/m/n' in size <12> not available
(Font)              Font shape `OML/cmm/m/it' tried instead on input line 336.
 [8]) [9]
[10

]
Chapter 14.
(./truncreg.tex [1] [2]) [3] [4

]
Chapter 15.
(./allfun.tex

Package relsize Warning: Size requested is too small.
(relsize)                Using 6.0pt instead on input line 26.

[1]
Overfull \hbox (17.95088pt too wide) in paragraph at lines 99--100
[][][][][][][][][][][][][][][][][][][][][] 
 []


Overfull \hbox (17.95088pt too wide) in paragraph at lines 113--114
[][][][][][][][][][][][][][][][][][][][][] 
 []


Package hyperref Warning: Token not allowed in a PDF string (PDFDocEncoding):
(hyperref)                removing `\hfill' on input line 136.

[2] [3] [4] [5]
Overfull \hbox (12.82903pt too wide) in paragraph at lines 453--453
\T1/cmr/m/n/12 fills col-umn \T1/cmtt/m/n/12 j \T1/cmr/m/n/12 of a ma-trix with
 a se-quence of the form \T1/cmtt/m/n/12 base, base+offset, base+2*offset,$[]$ 

 []


LaTeX Warning: Reference `rng' on page 15-6 undefined on input line 473.

[6] [7] [8] [9] [10] [11]

Package relsize Warning: Size requested is too small.
(relsize)                Using 6.0pt instead on input line 886.

[12] [13]) [14]
Chapter 16.

Package relsize Warning: Size requested is too small.
(relsize)                Using 6.0pt instead on input line 4650.

[1

]

Package relsize Warning: Size requested is too small.
(relsize)                Using 6.0pt instead on input line 4666.

[2]pdfTeX warning (ext4): destination with the same identifier (name{chapter.1}
) has been already used, duplicate ignored
<to be read again> 
                   \relax 
l.4686 \chapter{The Regression Function}
                                        \label{ch:appendix-regression-function}
Appendix A.
[1


] [2

]pdfTeX warning (ext4): destination with the same identifier (name{chapter.2}) 
has been already used, duplicate ignored
<to be read again> 
                   \relax 
l.4706 \chapter{\ADM\ Types}
                            
Appendix B.
[1]

LaTeX Warning: Reference `tab:type-declarations' on page B-2 undefined on input
 line 4760.


Overfull \hbox (28.59702pt too wide) in paragraph at lines 4769--4791
[] 
 []

[2]pdfTeX warning (ext4): destination with the same identifier (name{chapter.3}
) has been already used, duplicate ignored
<to be read again> 
                   \relax 
l.4798 \chapter{The Profile Likelihood}
                                       
Appendix C.
[1

] [2

]pdfTeX warning (ext4): destination with the same identifier (name{chapter.4}) 
has been already used, duplicate ignored
<to be read again> 
                   \relax 
l.4831 \chapter{Concentrated Likelihoods}
                                         
Appendix D.

LaTeX Warning: Reference `ap:xx1' on page D-1 undefined on input line 4842.


LaTeX Warning: Reference `ap:xx2' on page D-1 undefined on input line 4846.


LaTeX Warning: Reference `ap:xx1' on page D-1 undefined on input line 4851.


LaTeX Warning: Reference `ap:xx1' on page D-1 undefined on input line 4856.


LaTeX Warning: Reference `ap:xx5' on page D-1 undefined on input line 4860.


LaTeX Warning: Citation `harvey1990' on page D-1 undefined on input line 4862.

[1] [2

]
No file admb.bbl.
No file admb.ind.
Package atveryend Info: Empty hook `BeforeClearDocument' on input line 4893.
Package atveryend Info: Empty hook `AfterLastShipout' on input line 4893.
(./admb.aux)
Package atveryend Info: Executing hook `AtVeryEndDocument' on input line 4893.


Package rerunfilecheck Warning: File `admb.out' has changed.
(rerunfilecheck)                Rerun to get outlines right
(rerunfilecheck)                or use package `bookmark'.

Package rerunfilecheck Info: Checksums for `admb.out':
(rerunfilecheck)             Before: <no file>
(rerunfilecheck)             After:  98201349CCB161A48764DA9F3A37CBA2;11064.

LaTeX Font Warning: Size substitutions with differences
(Font)              up to 0.88pt have occurred.


LaTeX Warning: There were undefined references.


LaTeX Warning: Label(s) may have changed. Rerun to get cross-references right.

 )
(\end occurred inside a group at level 1)

### simple group (level 1) entered at line 125 ({)
### bottom level 
Here is how much of TeX's memory you used:
 18625 strings out of 493738
 270908 string characters out of 3142160
 654625 words of memory out of 3000000
 16664 multiletter control sequences out of 15000+200000
 53371 words of font info for 154 fonts, out of 3000000 for 9000
 714 hyphenation exceptions out of 8191
 49i,13n,60p,840b,1750s stack positions out of 5000i,500n,10000p,200000b,50000s
{/share/home/jsibert/share/texmf-dist/fonts/enc/dvips/cm-super/
cm-super-t1.enc}</share/home/jsibert/share/texmf-dist/fonts/type1/public/amsfon
ts/cm/cmbx10.pfb></share/home/jsibert/share/texmf-dist/fonts/type1/public/amsfo
nts/cm/cmbx12.pfb></share/home/jsibert/share/texmf-dist/fonts/type1/public/amsf
onts/cm/cmex10.pfb></share/home/jsibert/share/texmf-dist/fonts/type1/public/ams
fonts/cm/cmmi10.pfb></share/home/jsibert/share/texmf-dist/fonts/type1/public/am
sfonts/cm/cmmi12.pfb></share/home/jsibert/share/texmf-dist/fonts/type1/public/a
msfonts/cm/cmmi6.pfb></share/home/jsibert/share/texmf-dist/fonts/type1/public/a
msfonts/cm/cmmi7.pfb></share/home/jsibert/share/texmf-dist/fonts/type1/public/a
msfonts/cm/cmmi8.pfb></share/home/jsibert/share/texmf-dist/fonts/type1/public/a
msfonts/cm/cmmib10.pfb></share/home/jsibert/share/texmf-dist/fonts/type1/public
/amsfonts/cm/cmr10.pfb></share/home/jsibert/share/texmf-dist/fonts/type1/public
/amsfonts/cm/cmr12.pfb></share/home/jsibert/share/texmf-dist/fonts/type1/public
/amsfonts/cm/cmr17.pfb></share/home/jsibert/share/texmf-dist/fonts/type1/public
/amsfonts/cm/cmr5.pfb></share/home/jsibert/share/texmf-dist/fonts/type1/public/
amsfonts/cm/cmr6.pfb></share/home/jsibert/share/texmf-dist/fonts/type1/public/a
msfonts/cm/cmr7.pfb></share/home/jsibert/share/texmf-dist/fonts/type1/public/am
sfonts/cm/cmr8.pfb></share/home/jsibert/share/texmf-dist/fonts/type1/public/ams
fonts/cm/cmsy10.pfb></share/home/jsibert/share/texmf-dist/fonts/type1/public/am
sfonts/cm/cmsy6.pfb></share/home/jsibert/share/texmf-dist/fonts/type1/public/am
sfonts/cm/cmsy7.pfb></share/home/jsibert/share/texmf-dist/fonts/type1/public/am
sfonts/cm/cmsy8.pfb></share/home/jsibert/share/texmf-dist/fonts/type1/public/cm
-super/sfbx1000.pfb></share/home/jsibert/share/texmf-dist/fonts/type1/public/cm
-super/sfbx1200.pfb></share/home/jsibert/share/texmf-dist/fonts/type1/public/cm
-super/sfbx1440.pfb></share/home/jsibert/share/texmf-dist/fonts/type1/public/cm
-super/sfbx1728.pfb></share/home/jsibert/share/texmf-dist/fonts/type1/public/cm
-super/sfbx2488.pfb></share/home/jsibert/share/texmf-dist/fonts/type1/public/cm
-super/sfcc1200.pfb></share/home/jsibert/share/texmf-dist/fonts/type1/public/cm
-super/sfit1200.pfb></share/home/jsibert/share/texmf-dist/fonts/type1/public/cm
-super/sfrm0600.pfb></share/home/jsibert/share/texmf-dist/fonts/type1/public/cm
-super/sfrm0700.pfb></share/home/jsibert/share/texmf-dist/fonts/type1/public/cm
-super/sfrm0800.pfb></share/home/jsibert/share/texmf-dist/fonts/type1/public/cm
-super/sfrm1000.pfb></share/home/jsibert/share/texmf-dist/fonts/type1/public/cm
-super/sfrm1095.pfb></share/home/jsibert/share/texmf-dist/fonts/type1/public/cm
-super/sfrm1200.pfb></share/home/jsibert/share/texmf-dist/fonts/type1/public/cm
-super/sfrm1728.pfb></share/home/jsibert/share/texmf-dist/fonts/type1/public/cm
-super/sfsi1728.pfb></share/home/jsibert/share/texmf-dist/fonts/type1/public/cm
-super/sfsi2488.pfb></share/home/jsibert/share/texmf-dist/fonts/type1/public/cm
-super/sfsi3583.pfb></share/home/jsibert/share/texmf-dist/fonts/type1/public/cm
-super/sfti1095.pfb></share/home/jsibert/share/texmf-dist/fonts/type1/public/cm
-super/sfti1200.pfb></share/home/jsibert/share/texmf-dist/fonts/type1/public/cm
-super/sfti1440.pfb></share/home/jsibert/share/texmf-dist/fonts/type1/public/cm
-super/sftt0800.pfb></share/home/jsibert/share/texmf-dist/fonts/type1/public/cm
-super/sftt1000.pfb></share/home/jsibert/share/texmf-dist/fonts/type1/public/cm
-super/sftt1095.pfb></share/home/jsibert/share/texmf-dist/fonts/type1/public/cm
-super/sftt1200.pfb></share/home/jsibert/share/texmf-dist/fonts/type1/public/cm
-super/sftt1728.pfb></share/home/jsibert/share/texmf-dist/fonts/type1/public/cm
-super/sfvi1200.pfb></share/home/jsibert/share/texmf-dist/fonts/type1/public/cm
-super/sfxc1200.pfb></share/home/jsibert/share/texmf-dist/fonts/type1/public/cm
-super/sfxc1728.pfb></share/home/jsibert/share/texmf-dist/fonts/type1/public/cm
-super/sfxc2488.pfb>
Output written on admb.pdf (216 pages, 1419691 bytes).
PDF statistics:
 6828 PDF objects out of 7423 (max. 8388607)
 6451 compressed objects within 65 object streams
 4848 named destinations out of 5155 (max. 500000)
 116 words of extra memory for PDF output out of 10000 (max. 10000000)

