0
size of file size of file ster = 0
size of file gradfil1.tmp_master = 0
sisize of file gradfil2.tmp_master = 0
size of file gradfil1.tmp_master = 0
size of file gradfil2.tmp_master = 0
size of file gradfil2.tmp_master = size of file 0vsize of file varssave.tmp_master = 0
size of file gradfil1.tmp_master = 0
size of file gradfil2.tmp_master = 0
size of file varssave.tmp_master = 0
size of file cmpdiff.tmp_master = 0
size of file cmpdiff.tmp_master = 0
size of file cmpdiff.tmp_master = 0
size of file cmpdiff.tmp_master = 0
size of file cmpdiff.tmp_master = 0
size of file cmpdiff.tmp_master = 0
size of file cmpdiff.tmp_master = 0
size of file gradfil1.tmp_master = 0
size of file gradfil2.tmp_master = 0
size of file varssave.tmp_master = 0
size of file cmpdiff.tmp_master = 0
