\BOOKMARK [0][-]{chapter.1}{Introduction}{}
\BOOKMARK [1][-]{section.1.1}{Summary of features}{chapter.1}
\BOOKMARK [0][-]{chapter.2}{The language and the program}{}
\BOOKMARK [1][-]{section.2.1}{What is ordinary ADMB?}{chapter.2}
\BOOKMARK [1][-]{section.2.2}{Why random effects?}{chapter.2}
\BOOKMARK [1][-]{section.2.3}{A code example}{chapter.2}
\BOOKMARK [1][-]{section.2.4}{The flexibility of ADMB-RE}{chapter.2}
\BOOKMARK [0][-]{chapter.3}{Random effects modeling}{}
\BOOKMARK [1][-]{section.3.1}{The objective function}{chapter.3}
\BOOKMARK [1][-]{section.3.2}{The random effects distribution \(prior\)}{chapter.3}
\BOOKMARK [1][-]{section.3.3}{Correlated random effects}{chapter.3}
\BOOKMARK [1][-]{section.3.4}{Non-Gaussian random effects}{chapter.3}
\BOOKMARK [1][-]{section.3.5}{Built in data likelihoods}{chapter.3}
\BOOKMARK [1][-]{section.3.6}{Phases}{chapter.3}
\BOOKMARK [1][-]{section.3.7}{Penalized likelihood and empirical Bayes}{chapter.3}
\BOOKMARK [1][-]{section.3.8}{Building a random effects model that works}{chapter.3}
\BOOKMARK [1][-]{section.3.9}{MCMC}{chapter.3}
\BOOKMARK [1][-]{section.3.10}{Importance sampling}{chapter.3}
\BOOKMARK [1][-]{section.3.11}{REML \(Restricted maximum likelihood\)}{chapter.3}
\BOOKMARK [1][-]{section.3.12}{Improving performance }{chapter.3}
\BOOKMARK [2][-]{subsection.3.12.1}{Reducing the size of temporary files}{section.3.12}
\BOOKMARK [2][-]{subsection.3.12.2}{Limited memory Newton optimization}{section.3.12}
\BOOKMARK [0][-]{chapter.4}{Exploiting separability}{}
\BOOKMARK [1][-]{section.4.1}{The first example}{chapter.4}
\BOOKMARK [1][-]{section.4.2}{Nested or clustered random effects: Block diagonal H}{chapter.4}
\BOOKMARK [2][-]{subsection.4.2.1}{Gauss-Hermite quadrature}{section.4.2}
\BOOKMARK [2][-]{subsection.4.2.2}{Frequency weighting for multinomial likelihoods}{section.4.2}
\BOOKMARK [1][-]{section.4.3}{State-space models: Banded H}{chapter.4}
\BOOKMARK [1][-]{section.4.4}{Crossed random effects: sparse H}{chapter.4}
\BOOKMARK [1][-]{section.4.5}{Gaussian priors and quadratic penalties}{chapter.4}
\BOOKMARK [0][-]{appendix.A}{Example collection}{}
\BOOKMARK [1][-]{section.A.1}{Non-separable models}{appendix.A}
\BOOKMARK [2][-]{subsection.A.1.1}{Mixed logistic regression; a WinBUGS comparison}{section.A.1}
\BOOKMARK [2][-]{subsection.A.1.2}{Generalized additive models \(GAM's\)}{section.A.1}
\BOOKMARK [2][-]{subsection.A.1.3}{Semi-parametric estimation of mean and variance}{section.A.1}
\BOOKMARK [2][-]{subsection.A.1.4}{Weibull regression in survival analysis}{section.A.1}
\BOOKMARK [1][-]{section.A.2}{Block-diagonal Hessian}{appendix.A}
\BOOKMARK [2][-]{subsection.A.2.1}{Nonlinear mixed models; a NLME comparison}{section.A.2}
\BOOKMARK [2][-]{subsection.A.2.2}{Pharmacokinetics; a NLME comparison}{section.A.2}
\BOOKMARK [2][-]{subsection.A.2.3}{Frequency weighting in ADMB-RE}{section.A.2}
\BOOKMARK [2][-]{subsection.A.2.4}{Ordinal logistic regression}{section.A.2}
\BOOKMARK [1][-]{section.A.3}{Banded Hessian \(state-space\)}{appendix.A}
\BOOKMARK [2][-]{subsection.A.3.1}{Stochastic volatility models in finance}{section.A.3}
\BOOKMARK [2][-]{subsection.A.3.2}{A discrete valued time series; The polio dataset}{section.A.3}
\BOOKMARK [1][-]{section.A.4}{Generally sparse Hessian}{appendix.A}
\BOOKMARK [2][-]{subsection.A.4.1}{Multilevel Rasch model}{section.A.4}
\BOOKMARK [0][-]{appendix.B}{Which ADMB features are not in ADMB-RE}{}
\BOOKMARK [0][-]{appendix.C}{Command line options}{}
\BOOKMARK [0][-]{appendix.D}{Quick references}{}
\BOOKMARK [1][-]{section.D.1}{Compiling ADMB programs}{appendix.D}
\BOOKMARK [1][-]{section.D.2}{}{appendix.D}
